<?xml version="1.0" encoding="UTF-8"?>
<!-- Generated by org.testng.reporters.JUnitXMLReporter -->
<testsuite hostname="pgx180189mac.local" ignored="0" name="Simple Test" tests="65" failures="10" timestamp="28 Aug 2020 17:41:46 GMT" time="196.397" errors="0">
  <testcase name="canNavigateToCreditSnapshot1" time="3.626" classname="lex.tests.creditrepair.CreditRepairOnlineTests"/>
  <testcase name="canNavigateToCreditSnapshot2" time="2.026" classname="lex.tests.creditrepair.CreditRepairOnlineTests"/>
  <testcase name="canNavigateToSignup1" time="2.168" classname="lex.tests.creditrepair.CreditRepairOnlineTests"/>
  <testcase name="canNavigateToSignup2" time="2.26" classname="lex.tests.creditrepair.CreditRepairOnlineTests"/>
  <testcase name="canNavigateToSignup3" time="7.568" classname="lex.tests.creditrepair.CreditRepairOnlineTests"/>
  <testcase name="canNavigateToSignup4" time="2.408" classname="lex.tests.creditrepair.CreditRepairOnlineTests"/>
  <testcase name="canNavigateToSignup5" time="2.438" classname="lex.tests.creditrepair.CreditRepairOnlineTests"/>
  <testcase name="canNavigateToCreditSnapshot1" time="2.903" classname="lex.tests.creditrepair.CreditRepairBRTests"/>
  <testcase name="canNavigateToCreditSnapshot2" time="2.109" classname="lex.tests.creditrepair.CreditRepairBRTests"/>
  <testcase name="canNavigateToCreditSnapshot3" time="2.179" classname="lex.tests.creditrepair.CreditRepairBRTests"/>
  <testcase name="canNavigateToCreditSnapshot4" time="2.023" classname="lex.tests.creditrepair.CreditRepairBRTests"/>
  <testcase name="canNavigateToCreditSnapshot5" time="2.02" classname="lex.tests.creditrepair.CreditRepairBRTests"/>
  <testcase name="canNavigateToCreditSnapshot6" time="1.992" classname="lex.tests.creditrepair.CreditRepairBRTests"/>
  <testcase name="canNavigateToSignup1" time="2.362" classname="lex.tests.creditrepair.CreditRepairBRTests"/>
  <testcase name="canNavigateToSignup2" time="2.217" classname="lex.tests.creditrepair.CreditRepairBRTests"/>
  <testcase name="canNavigateToSignup3" time="2.167" classname="lex.tests.creditrepair.CreditRepairBRTests"/>
  <testcase name="canNavigateToSignup4" time="2.213" classname="lex.tests.creditrepair.CreditRepairBRTests"/>
  <testcase name="canNavigateToSignup5" time="2.123" classname="lex.tests.creditrepair.CreditRepairBRTests"/>
  <testcase name="canNavigateToCreditSnapshot1" time="4.195" classname="lex.tests.creditrepair.CreditRepairNBRTests"/>
  <testcase name="canNavigateToCreditSnapshot2" time="2.022" classname="lex.tests.creditrepair.CreditRepairNBRTests"/>
  <testcase name="canNavigateToCreditSnapshot3" time="2.033" classname="lex.tests.creditrepair.CreditRepairNBRTests"/>
  <testcase name="canNavigateToCreditSnapshot4" time="2.002" classname="lex.tests.creditrepair.CreditRepairNBRTests"/>
  <testcase name="canNavigateToCreditSnapshot5" time="2.019" classname="lex.tests.creditrepair.CreditRepairNBRTests"/>
  <testcase name="canNavigateToCreditSnapshot6" time="2.023" classname="lex.tests.creditrepair.CreditRepairNBRTests"/>
  <testcase name="canNavigateToSignup1" time="1.881" classname="lex.tests.creditrepair.CreditRepairNBRTests"/>
  <testcase name="canNavigateToSignup2" time="2.247" classname="lex.tests.creditrepair.CreditRepairNBRTests"/>
  <testcase name="canNavigateToSignup3" time="2.194" classname="lex.tests.creditrepair.CreditRepairNBRTests"/>
  <testcase name="canNavigateToSignup4" time="2.319" classname="lex.tests.creditrepair.CreditRepairNBRTests"/>
  <testcase name="canNavigateToSignup5" time="2.376" classname="lex.tests.creditrepair.CreditRepairNBRTests"/>
  <testcase name="canNavigateToCreditSnapshot1" time="4.991" classname="lex.tests.creditrepair.CreditRepairTests"/>
  <testcase name="canNavigateToCreditSnapshot2" time="2.057" classname="lex.tests.creditrepair.CreditRepairTests"/>
  <testcase name="canNavigateToCreditSnapshot3" time="2.007" classname="lex.tests.creditrepair.CreditRepairTests"/>
  <testcase name="canNavigateToCreditSnapshot4" time="2.564" classname="lex.tests.creditrepair.CreditRepairTests"/>
  <testcase name="canNavigateToCreditSnapshot5" time="2.058" classname="lex.tests.creditrepair.CreditRepairTests"/>
  <testcase name="canNavigateToCreditSnapshot6" time="2.036" classname="lex.tests.creditrepair.CreditRepairTests"/>
  <testcase name="canNavigateToSignup1" time="2.331" classname="lex.tests.creditrepair.CreditRepairTests"/>
  <testcase name="canNavigateToSignup2" time="1.958" classname="lex.tests.creditrepair.CreditRepairTests"/>
  <testcase name="canNavigateToSignup3" time="2.263" classname="lex.tests.creditrepair.CreditRepairTests"/>
  <testcase name="canNavigateToSignup4" time="2.208" classname="lex.tests.creditrepair.CreditRepairTests"/>
  <testcase name="canNavigateToSignup5" time="2.156" classname="lex.tests.creditrepair.CreditRepairTests"/>
  <testcase name="canClickGetStartedButtonInClientReviewsSection" time="2.682" classname="lex.tests.homepage.LexHomepageTests">
    <failure type="java.lang.AssertionError" message="expected [true] but found [false]">
      <![CDATA[java.lang.AssertionError: expected [true] but found [false]
at lex.tests.homepage.LexHomepageTests.canClickGetStartedButtonInClientReviewsSection(LexHomepageTests.java:202)
... Removed 33 stack frames]]>
    </failure>
  </testcase> <!-- canClickGetStartedButtonInClientReviewsSection -->
  <testcase name="canClickGetStartedButtonInHeroSection" time="1.464" classname="lex.tests.homepage.LexHomepageTests">
    <failure type="org.openqa.selenium.ElementClickInterceptedException" message="element click intercepted: Element &amp;lt;a class=&amp;quot;lex-cta-number call-now-cta&amp;quot; data-unique=&amp;quot;hero-phone-cta&amp;quot; href=&amp;quot;/credit-snapshot/pi&amp;quot;&amp;gt;...&amp;lt;/a&amp;gt; is not clickable at point (289, 25). Other element would receive the click: &amp;lt;a href=&amp;quot;/credit-help&amp;quot; class=&amp;quot;active&amp;quot;&amp;gt;...&amp;lt;/a&amp;gt;
  (Session info: chrome=85.0.4183.83)
Build info: version: &amp;apos;3.14.0&amp;apos;, revision: &amp;apos;aacccce0&amp;apos;, time: &amp;apos;2018-08-02T20:19:58.91Z&amp;apos;
System info: host: &amp;apos;pgx180189mac.local&amp;apos;, ip: &amp;apos;2601:681:527f:1b40:d492:5ab2:2bc0:efb5%en0&amp;apos;, os.name: &amp;apos;Mac OS X&amp;apos;, os.arch: &amp;apos;x86_64&amp;apos;, os.version: &amp;apos;10.15.6&amp;apos;, java.version: &amp;apos;1.8.0_261&amp;apos;
Driver info: org.openqa.selenium.chrome.ChromeDriver
Capabilities {acceptInsecureCerts: false, browserName: chrome, browserVersion: 85.0.4183.83, chrome: {chromedriverVersion: 85.0.4183.87 (cd6713ebf92fa..., userDataDir: /var/folders/2r/2bvglkkd41b...}, goog:chromeOptions: {debuggerAddress: localhost:53386}, javascriptEnabled: true, networkConnectionEnabled: false, pageLoadStrategy: normal, platform: MAC, platformName: MAC, proxy: Proxy(), setWindowRect: true, strictFileInteractability: false, timeouts: {implicit: 0, pageLoad: 300000, script: 30000}, unhandledPromptBehavior: dismiss and notify, webauthn:virtualAuthenticators: true}
Session ID: 62cd65f1e9c99b3ec7e7010f0375e94f">
      <![CDATA[org.openqa.selenium.ElementClickInterceptedException: element click intercepted: Element <a class="lex-cta-number call-now-cta" data-unique="hero-phone-cta" href="/credit-snapshot/pi">...</a> is not clickable at point (289, 25). Other element would receive the click: <a href="/credit-help" class="active">...</a>
  (Session info: chrome=85.0.4183.83)
Build info: version: '3.14.0', revision: 'aacccce0', time: '2018-08-02T20:19:58.91Z'
System info: host: 'pgx180189mac.local', ip: '2601:681:527f:1b40:d492:5ab2:2bc0:efb5%en0', os.name: 'Mac OS X', os.arch: 'x86_64', os.version: '10.15.6', java.version: '1.8.0_261'
Driver info: org.openqa.selenium.chrome.ChromeDriver
Capabilities {acceptInsecureCerts: false, browserName: chrome, browserVersion: 85.0.4183.83, chrome: {chromedriverVersion: 85.0.4183.87 (cd6713ebf92fa..., userDataDir: /var/folders/2r/2bvglkkd41b...}, goog:chromeOptions: {debuggerAddress: localhost:53386}, javascriptEnabled: true, networkConnectionEnabled: false, pageLoadStrategy: normal, platform: MAC, platformName: MAC, proxy: Proxy(), setWindowRect: true, strictFileInteractability: false, timeouts: {implicit: 0, pageLoad: 300000, script: 30000}, unhandledPromptBehavior: dismiss and notify, webauthn:virtualAuthenticators: true}
Session ID: 62cd65f1e9c99b3ec7e7010f0375e94f
at org.openqa.selenium.remote.http.W3CHttpResponseCodec.createException(W3CHttpResponseCodec.java:187)
at org.openqa.selenium.remote.http.W3CHttpResponseCodec.decode(W3CHttpResponseCodec.java:122)
at org.openqa.selenium.remote.http.W3CHttpResponseCodec.decode(W3CHttpResponseCodec.java:49)
at org.openqa.selenium.remote.HttpCommandExecutor.execute(HttpCommandExecutor.java:158)
at org.openqa.selenium.remote.service.DriverCommandExecutor.execute(DriverCommandExecutor.java:83)
at org.openqa.selenium.remote.RemoteWebDriver.execute(RemoteWebDriver.java:548)
at org.openqa.selenium.remote.RemoteWebElement.execute(RemoteWebElement.java:276)
at org.openqa.selenium.remote.RemoteWebElement.click(RemoteWebElement.java:83)
at org.openqa.selenium.support.pagefactory.internal.LocatingElementHandler.invoke(LocatingElementHandler.java:51)
at com.sun.proxy.$Proxy8.click(Unknown Source)
at lex.pageobjects.homepage.LexHomepage.clickGetStartedHeroButton(LexHomepage.java:95)
at lex.tests.homepage.LexHomepageTests.canClickGetStartedButtonInHeroSection(LexHomepageTests.java:94)
... Removed 36 stack frames]]>
    </failure>
  </testcase> <!-- canClickGetStartedButtonInHeroSection -->
  <testcase name="canClickGetStartedButtonInImageRevealSection" time="1.393" classname="lex.tests.homepage.LexHomepageTests">
    <failure type="org.openqa.selenium.ElementClickInterceptedException" message="element click intercepted: Element &amp;lt;a href=&amp;quot;/credit-snapshot/pi&amp;quot; class=&amp;quot;call-now-cta&amp;quot; data-unique=&amp;quot;image-find-out-now&amp;quot; id=&amp;quot;image-slider-button&amp;quot;&amp;gt;...&amp;lt;/a&amp;gt; is not clickable at point (599, 28). Other element would receive the click: &amp;lt;li class=&amp;quot;login&amp;quot;&amp;gt;...&amp;lt;/li&amp;gt;
  (Session info: chrome=85.0.4183.83)
Build info: version: &amp;apos;3.14.0&amp;apos;, revision: &amp;apos;aacccce0&amp;apos;, time: &amp;apos;2018-08-02T20:19:58.91Z&amp;apos;
System info: host: &amp;apos;pgx180189mac.local&amp;apos;, ip: &amp;apos;2601:681:527f:1b40:d492:5ab2:2bc0:efb5%en0&amp;apos;, os.name: &amp;apos;Mac OS X&amp;apos;, os.arch: &amp;apos;x86_64&amp;apos;, os.version: &amp;apos;10.15.6&amp;apos;, java.version: &amp;apos;1.8.0_261&amp;apos;
Driver info: org.openqa.selenium.chrome.ChromeDriver
Capabilities {acceptInsecureCerts: false, browserName: chrome, browserVersion: 85.0.4183.83, chrome: {chromedriverVersion: 85.0.4183.87 (cd6713ebf92fa..., userDataDir: /var/folders/2r/2bvglkkd41b...}, goog:chromeOptions: {debuggerAddress: localhost:53386}, javascriptEnabled: true, networkConnectionEnabled: false, pageLoadStrategy: normal, platform: MAC, platformName: MAC, proxy: Proxy(), setWindowRect: true, strictFileInteractability: false, timeouts: {implicit: 0, pageLoad: 300000, script: 30000}, unhandledPromptBehavior: dismiss and notify, webauthn:virtualAuthenticators: true}
Session ID: 62cd65f1e9c99b3ec7e7010f0375e94f">
      <![CDATA[org.openqa.selenium.ElementClickInterceptedException: element click intercepted: Element <a href="/credit-snapshot/pi" class="call-now-cta" data-unique="image-find-out-now" id="image-slider-button">...</a> is not clickable at point (599, 28). Other element would receive the click: <li class="login">...</li>
  (Session info: chrome=85.0.4183.83)
Build info: version: '3.14.0', revision: 'aacccce0', time: '2018-08-02T20:19:58.91Z'
System info: host: 'pgx180189mac.local', ip: '2601:681:527f:1b40:d492:5ab2:2bc0:efb5%en0', os.name: 'Mac OS X', os.arch: 'x86_64', os.version: '10.15.6', java.version: '1.8.0_261'
Driver info: org.openqa.selenium.chrome.ChromeDriver
Capabilities {acceptInsecureCerts: false, browserName: chrome, browserVersion: 85.0.4183.83, chrome: {chromedriverVersion: 85.0.4183.87 (cd6713ebf92fa..., userDataDir: /var/folders/2r/2bvglkkd41b...}, goog:chromeOptions: {debuggerAddress: localhost:53386}, javascriptEnabled: true, networkConnectionEnabled: false, pageLoadStrategy: normal, platform: MAC, platformName: MAC, proxy: Proxy(), setWindowRect: true, strictFileInteractability: false, timeouts: {implicit: 0, pageLoad: 300000, script: 30000}, unhandledPromptBehavior: dismiss and notify, webauthn:virtualAuthenticators: true}
Session ID: 62cd65f1e9c99b3ec7e7010f0375e94f
at org.openqa.selenium.remote.http.W3CHttpResponseCodec.createException(W3CHttpResponseCodec.java:187)
at org.openqa.selenium.remote.http.W3CHttpResponseCodec.decode(W3CHttpResponseCodec.java:122)
at org.openqa.selenium.remote.http.W3CHttpResponseCodec.decode(W3CHttpResponseCodec.java:49)
at org.openqa.selenium.remote.HttpCommandExecutor.execute(HttpCommandExecutor.java:158)
at org.openqa.selenium.remote.service.DriverCommandExecutor.execute(DriverCommandExecutor.java:83)
at org.openqa.selenium.remote.RemoteWebDriver.execute(RemoteWebDriver.java:548)
at org.openqa.selenium.remote.RemoteWebElement.execute(RemoteWebElement.java:276)
at org.openqa.selenium.remote.RemoteWebElement.click(RemoteWebElement.java:83)
at org.openqa.selenium.support.pagefactory.internal.LocatingElementHandler.invoke(LocatingElementHandler.java:51)
at com.sun.proxy.$Proxy8.click(Unknown Source)
at lex.pageobjects.homepage.LexHomepage.clickGetStartedImageRevealButton(LexHomepage.java:115)
at lex.tests.homepage.LexHomepageTests.canClickGetStartedButtonInImageRevealSection(LexHomepageTests.java:169)
... Removed 36 stack frames]]>
    </failure>
  </testcase> <!-- canClickGetStartedButtonInImageRevealSection -->
  <testcase name="canClickGetStartedLinkInHeroSection" time="1.382" classname="lex.tests.homepage.LexHomepageTests">
    <failure type="org.openqa.selenium.ElementClickInterceptedException" message="element click intercepted: Element &amp;lt;a href=&amp;quot;/credit-snapshot/pi&amp;quot;&amp;gt;...&amp;lt;/a&amp;gt; is not clickable at point (179, 13). Other element would receive the click: &amp;lt;a href=&amp;quot;/credit-repair-services&amp;quot; class=&amp;quot;active&amp;quot;&amp;gt;...&amp;lt;/a&amp;gt;
  (Session info: chrome=85.0.4183.83)
Build info: version: &amp;apos;3.14.0&amp;apos;, revision: &amp;apos;aacccce0&amp;apos;, time: &amp;apos;2018-08-02T20:19:58.91Z&amp;apos;
System info: host: &amp;apos;pgx180189mac.local&amp;apos;, ip: &amp;apos;2601:681:527f:1b40:d492:5ab2:2bc0:efb5%en0&amp;apos;, os.name: &amp;apos;Mac OS X&amp;apos;, os.arch: &amp;apos;x86_64&amp;apos;, os.version: &amp;apos;10.15.6&amp;apos;, java.version: &amp;apos;1.8.0_261&amp;apos;
Driver info: org.openqa.selenium.chrome.ChromeDriver
Capabilities {acceptInsecureCerts: false, browserName: chrome, browserVersion: 85.0.4183.83, chrome: {chromedriverVersion: 85.0.4183.87 (cd6713ebf92fa..., userDataDir: /var/folders/2r/2bvglkkd41b...}, goog:chromeOptions: {debuggerAddress: localhost:53386}, javascriptEnabled: true, networkConnectionEnabled: false, pageLoadStrategy: normal, platform: MAC, platformName: MAC, proxy: Proxy(), setWindowRect: true, strictFileInteractability: false, timeouts: {implicit: 0, pageLoad: 300000, script: 30000}, unhandledPromptBehavior: dismiss and notify, webauthn:virtualAuthenticators: true}
Session ID: 62cd65f1e9c99b3ec7e7010f0375e94f">
      <![CDATA[org.openqa.selenium.ElementClickInterceptedException: element click intercepted: Element <a href="/credit-snapshot/pi">...</a> is not clickable at point (179, 13). Other element would receive the click: <a href="/credit-repair-services" class="active">...</a>
  (Session info: chrome=85.0.4183.83)
Build info: version: '3.14.0', revision: 'aacccce0', time: '2018-08-02T20:19:58.91Z'
System info: host: 'pgx180189mac.local', ip: '2601:681:527f:1b40:d492:5ab2:2bc0:efb5%en0', os.name: 'Mac OS X', os.arch: 'x86_64', os.version: '10.15.6', java.version: '1.8.0_261'
Driver info: org.openqa.selenium.chrome.ChromeDriver
Capabilities {acceptInsecureCerts: false, browserName: chrome, browserVersion: 85.0.4183.83, chrome: {chromedriverVersion: 85.0.4183.87 (cd6713ebf92fa..., userDataDir: /var/folders/2r/2bvglkkd41b...}, goog:chromeOptions: {debuggerAddress: localhost:53386}, javascriptEnabled: true, networkConnectionEnabled: false, pageLoadStrategy: normal, platform: MAC, platformName: MAC, proxy: Proxy(), setWindowRect: true, strictFileInteractability: false, timeouts: {implicit: 0, pageLoad: 300000, script: 30000}, unhandledPromptBehavior: dismiss and notify, webauthn:virtualAuthenticators: true}
Session ID: 62cd65f1e9c99b3ec7e7010f0375e94f
at org.openqa.selenium.remote.http.W3CHttpResponseCodec.createException(W3CHttpResponseCodec.java:187)
at org.openqa.selenium.remote.http.W3CHttpResponseCodec.decode(W3CHttpResponseCodec.java:122)
at org.openqa.selenium.remote.http.W3CHttpResponseCodec.decode(W3CHttpResponseCodec.java:49)
at org.openqa.selenium.remote.HttpCommandExecutor.execute(HttpCommandExecutor.java:158)
at org.openqa.selenium.remote.service.DriverCommandExecutor.execute(DriverCommandExecutor.java:83)
at org.openqa.selenium.remote.RemoteWebDriver.execute(RemoteWebDriver.java:548)
at org.openqa.selenium.remote.RemoteWebElement.execute(RemoteWebElement.java:276)
at org.openqa.selenium.remote.RemoteWebElement.click(RemoteWebElement.java:83)
at org.openqa.selenium.support.pagefactory.internal.LocatingElementHandler.invoke(LocatingElementHandler.java:51)
at com.sun.proxy.$Proxy8.click(Unknown Source)
at lex.pageobjects.homepage.LexHomepage.clickGetStartedHeroLink(LexHomepage.java:103)
at lex.tests.homepage.LexHomepageTests.canClickGetStartedLinkInHeroSection(LexHomepageTests.java:124)
... Removed 36 stack frames]]>
    </failure>
  </testcase> <!-- canClickGetStartedLinkInHeroSection -->
  <testcase name="canClickSeeMyCreditButton" time="1.407" classname="lex.tests.homepage.LexHomepageTests">
    <failure type="org.openqa.selenium.ElementClickInterceptedException" message="element click intercepted: Element &amp;lt;a class=&amp;quot;lex-cta-number call-now-cta&amp;quot; data-unique=&amp;quot;graph-content-lex-cta&amp;quot; href=&amp;quot;https://www.lexingtonlaw.com/credit-snapshot&amp;quot;&amp;gt;...&amp;lt;/a&amp;gt; is not clickable at point (599, 28). Other element would receive the click: &amp;lt;li class=&amp;quot;login&amp;quot;&amp;gt;...&amp;lt;/li&amp;gt;
  (Session info: chrome=85.0.4183.83)
Build info: version: &amp;apos;3.14.0&amp;apos;, revision: &amp;apos;aacccce0&amp;apos;, time: &amp;apos;2018-08-02T20:19:58.91Z&amp;apos;
System info: host: &amp;apos;pgx180189mac.local&amp;apos;, ip: &amp;apos;2601:681:527f:1b40:d492:5ab2:2bc0:efb5%en0&amp;apos;, os.name: &amp;apos;Mac OS X&amp;apos;, os.arch: &amp;apos;x86_64&amp;apos;, os.version: &amp;apos;10.15.6&amp;apos;, java.version: &amp;apos;1.8.0_261&amp;apos;
Driver info: org.openqa.selenium.chrome.ChromeDriver
Capabilities {acceptInsecureCerts: false, browserName: chrome, browserVersion: 85.0.4183.83, chrome: {chromedriverVersion: 85.0.4183.87 (cd6713ebf92fa..., userDataDir: /var/folders/2r/2bvglkkd41b...}, goog:chromeOptions: {debuggerAddress: localhost:53386}, javascriptEnabled: true, networkConnectionEnabled: false, pageLoadStrategy: normal, platform: MAC, platformName: MAC, proxy: Proxy(), setWindowRect: true, strictFileInteractability: false, timeouts: {implicit: 0, pageLoad: 300000, script: 30000}, unhandledPromptBehavior: dismiss and notify, webauthn:virtualAuthenticators: true}
Session ID: 62cd65f1e9c99b3ec7e7010f0375e94f">
      <![CDATA[org.openqa.selenium.ElementClickInterceptedException: element click intercepted: Element <a class="lex-cta-number call-now-cta" data-unique="graph-content-lex-cta" href="https://www.lexingtonlaw.com/credit-snapshot">...</a> is not clickable at point (599, 28). Other element would receive the click: <li class="login">...</li>
  (Session info: chrome=85.0.4183.83)
Build info: version: '3.14.0', revision: 'aacccce0', time: '2018-08-02T20:19:58.91Z'
System info: host: 'pgx180189mac.local', ip: '2601:681:527f:1b40:d492:5ab2:2bc0:efb5%en0', os.name: 'Mac OS X', os.arch: 'x86_64', os.version: '10.15.6', java.version: '1.8.0_261'
Driver info: org.openqa.selenium.chrome.ChromeDriver
Capabilities {acceptInsecureCerts: false, browserName: chrome, browserVersion: 85.0.4183.83, chrome: {chromedriverVersion: 85.0.4183.87 (cd6713ebf92fa..., userDataDir: /var/folders/2r/2bvglkkd41b...}, goog:chromeOptions: {debuggerAddress: localhost:53386}, javascriptEnabled: true, networkConnectionEnabled: false, pageLoadStrategy: normal, platform: MAC, platformName: MAC, proxy: Proxy(), setWindowRect: true, strictFileInteractability: false, timeouts: {implicit: 0, pageLoad: 300000, script: 30000}, unhandledPromptBehavior: dismiss and notify, webauthn:virtualAuthenticators: true}
Session ID: 62cd65f1e9c99b3ec7e7010f0375e94f
at org.openqa.selenium.remote.http.W3CHttpResponseCodec.createException(W3CHttpResponseCodec.java:187)
at org.openqa.selenium.remote.http.W3CHttpResponseCodec.decode(W3CHttpResponseCodec.java:122)
at org.openqa.selenium.remote.http.W3CHttpResponseCodec.decode(W3CHttpResponseCodec.java:49)
at org.openqa.selenium.remote.HttpCommandExecutor.execute(HttpCommandExecutor.java:158)
at org.openqa.selenium.remote.service.DriverCommandExecutor.execute(DriverCommandExecutor.java:83)
at org.openqa.selenium.remote.RemoteWebDriver.execute(RemoteWebDriver.java:548)
at org.openqa.selenium.remote.RemoteWebElement.execute(RemoteWebElement.java:276)
at org.openqa.selenium.remote.RemoteWebElement.click(RemoteWebElement.java:83)
at org.openqa.selenium.support.pagefactory.internal.LocatingElementHandler.invoke(LocatingElementHandler.java:51)
at com.sun.proxy.$Proxy8.click(Unknown Source)
at lex.pageobjects.homepage.LexHomepage.clickSeeMyCreditButton(LexHomepage.java:107)
at lex.tests.homepage.LexHomepageTests.canClickSeeMyCreditButton(LexHomepageTests.java:139)
... Removed 36 stack frames]]>
    </failure>
  </testcase> <!-- canClickSeeMyCreditButton -->
  <testcase name="canClickSignupCreditCostLink" time="1.477" classname="lex.tests.homepage.LexHomepageTests">
    <failure type="org.openqa.selenium.ElementClickInterceptedException" message="element click intercepted: Element &amp;lt;a class=&amp;quot;sign-up-cta&amp;quot; data-unique=&amp;quot;graph-content-signup-btn&amp;quot; href=&amp;quot;/signup&amp;quot;&amp;gt;...&amp;lt;/a&amp;gt; is not clickable at point (600, 11). Other element would receive the click: &amp;lt;li class=&amp;quot;login&amp;quot;&amp;gt;...&amp;lt;/li&amp;gt;
  (Session info: chrome=85.0.4183.83)
Build info: version: &amp;apos;3.14.0&amp;apos;, revision: &amp;apos;aacccce0&amp;apos;, time: &amp;apos;2018-08-02T20:19:58.91Z&amp;apos;
System info: host: &amp;apos;pgx180189mac.local&amp;apos;, ip: &amp;apos;2601:681:527f:1b40:d492:5ab2:2bc0:efb5%en0&amp;apos;, os.name: &amp;apos;Mac OS X&amp;apos;, os.arch: &amp;apos;x86_64&amp;apos;, os.version: &amp;apos;10.15.6&amp;apos;, java.version: &amp;apos;1.8.0_261&amp;apos;
Driver info: org.openqa.selenium.chrome.ChromeDriver
Capabilities {acceptInsecureCerts: false, browserName: chrome, browserVersion: 85.0.4183.83, chrome: {chromedriverVersion: 85.0.4183.87 (cd6713ebf92fa..., userDataDir: /var/folders/2r/2bvglkkd41b...}, goog:chromeOptions: {debuggerAddress: localhost:53386}, javascriptEnabled: true, networkConnectionEnabled: false, pageLoadStrategy: normal, platform: MAC, platformName: MAC, proxy: Proxy(), setWindowRect: true, strictFileInteractability: false, timeouts: {implicit: 0, pageLoad: 300000, script: 30000}, unhandledPromptBehavior: dismiss and notify, webauthn:virtualAuthenticators: true}
Session ID: 62cd65f1e9c99b3ec7e7010f0375e94f">
      <![CDATA[org.openqa.selenium.ElementClickInterceptedException: element click intercepted: Element <a class="sign-up-cta" data-unique="graph-content-signup-btn" href="/signup">...</a> is not clickable at point (600, 11). Other element would receive the click: <li class="login">...</li>
  (Session info: chrome=85.0.4183.83)
Build info: version: '3.14.0', revision: 'aacccce0', time: '2018-08-02T20:19:58.91Z'
System info: host: 'pgx180189mac.local', ip: '2601:681:527f:1b40:d492:5ab2:2bc0:efb5%en0', os.name: 'Mac OS X', os.arch: 'x86_64', os.version: '10.15.6', java.version: '1.8.0_261'
Driver info: org.openqa.selenium.chrome.ChromeDriver
Capabilities {acceptInsecureCerts: false, browserName: chrome, browserVersion: 85.0.4183.83, chrome: {chromedriverVersion: 85.0.4183.87 (cd6713ebf92fa..., userDataDir: /var/folders/2r/2bvglkkd41b...}, goog:chromeOptions: {debuggerAddress: localhost:53386}, javascriptEnabled: true, networkConnectionEnabled: false, pageLoadStrategy: normal, platform: MAC, platformName: MAC, proxy: Proxy(), setWindowRect: true, strictFileInteractability: false, timeouts: {implicit: 0, pageLoad: 300000, script: 30000}, unhandledPromptBehavior: dismiss and notify, webauthn:virtualAuthenticators: true}
Session ID: 62cd65f1e9c99b3ec7e7010f0375e94f
at org.openqa.selenium.remote.http.W3CHttpResponseCodec.createException(W3CHttpResponseCodec.java:187)
at org.openqa.selenium.remote.http.W3CHttpResponseCodec.decode(W3CHttpResponseCodec.java:122)
at org.openqa.selenium.remote.http.W3CHttpResponseCodec.decode(W3CHttpResponseCodec.java:49)
at org.openqa.selenium.remote.HttpCommandExecutor.execute(HttpCommandExecutor.java:158)
at org.openqa.selenium.remote.service.DriverCommandExecutor.execute(DriverCommandExecutor.java:83)
at org.openqa.selenium.remote.RemoteWebDriver.execute(RemoteWebDriver.java:548)
at org.openqa.selenium.remote.RemoteWebElement.execute(RemoteWebElement.java:276)
at org.openqa.selenium.remote.RemoteWebElement.click(RemoteWebElement.java:83)
at org.openqa.selenium.support.pagefactory.internal.LocatingElementHandler.invoke(LocatingElementHandler.java:51)
at com.sun.proxy.$Proxy8.click(Unknown Source)
at lex.pageobjects.homepage.LexHomepage.clickSignupCostLink(LexHomepage.java:111)
at lex.tests.homepage.LexHomepageTests.canClickSignupCreditCostLink(LexHomepageTests.java:154)
... Removed 36 stack frames]]>
    </failure>
  </testcase> <!-- canClickSignupCreditCostLink -->
  <testcase name="canClickSignupLinkInClientReviewsSection" time="0.513" classname="lex.tests.homepage.LexHomepageTests">
    <failure type="java.lang.AssertionError" message="expected [true] but found [false]">
      <![CDATA[java.lang.AssertionError: expected [true] but found [false]
at lex.tests.homepage.LexHomepageTests.canClickSignupLinkInClientReviewsSection(LexHomepageTests.java:217)
... Removed 33 stack frames]]>
    </failure>
  </testcase> <!-- canClickSignupLinkInClientReviewsSection -->
  <testcase name="canClickSignupLinkInHeroSection" time="0.404" classname="lex.tests.homepage.LexHomepageTests">
    <failure type="java.lang.AssertionError" message="expected [true] but found [false]">
      <![CDATA[java.lang.AssertionError: expected [true] but found [false]
at lex.tests.homepage.LexHomepageTests.canClickSignupLinkInHeroSection(LexHomepageTests.java:112)
... Removed 33 stack frames]]>
    </failure>
  </testcase> <!-- canClickSignupLinkInHeroSection -->
  <testcase name="canClickSignupLinkInImageRevealSection" time="5.809" classname="lex.tests.homepage.LexHomepageTests">
    <failure type="org.openqa.selenium.NoSuchElementException" message="Timed out after 5 seconds. Unable to locate the element">
      <![CDATA[org.openqa.selenium.NoSuchElementException: Timed out after 5 seconds. Unable to locate the element
at org.openqa.selenium.support.pagefactory.AjaxElementLocator.findElement(AjaxElementLocator.java:123)
at org.openqa.selenium.support.pagefactory.internal.LocatingElementHandler.invoke(LocatingElementHandler.java:38)
at com.sun.proxy.$Proxy8.click(Unknown Source)
at lex.pageobjects.homepage.LexHomepage.clickSignupImageRevealLink(LexHomepage.java:119)
at lex.tests.homepage.LexHomepageTests.canClickSignupLinkInImageRevealSection(LexHomepageTests.java:184)
Caused by: org.openqa.selenium.NoSuchElementException: no such element: Unable to locate element: {"method":"css selector","selector":"div.image-reveal-cta a.sign-up-cta"}
  (Session info: chrome=85.0.4183.83)
For documentation on this error, please visit: http://seleniumhq.org/exceptions/no_such_element.html
Build info: version: '3.14.0', revision: 'aacccce0', time: '2018-08-02T20:19:58.91Z'
System info: host: 'pgx180189mac.local', ip: '2601:681:527f:1b40:d492:5ab2:2bc0:efb5%en0', os.name: 'Mac OS X', os.arch: 'x86_64', os.version: '10.15.6', java.version: '1.8.0_261'
Driver info: org.openqa.selenium.chrome.ChromeDriver
Capabilities {acceptInsecureCerts: false, browserName: chrome, browserVersion: 85.0.4183.83, chrome: {chromedriverVersion: 85.0.4183.87 (cd6713ebf92fa..., userDataDir: /var/folders/2r/2bvglkkd41b...}, goog:chromeOptions: {debuggerAddress: localhost:53386}, javascriptEnabled: true, networkConnectionEnabled: false, pageLoadStrategy: normal, platform: MAC, platformName: MAC, proxy: Proxy(), setWindowRect: true, strictFileInteractability: false, timeouts: {implicit: 0, pageLoad: 300000, script: 30000}, unhandledPromptBehavior: dismiss and notify, webauthn:virtualAuthenticators: true}
Session ID: 62cd65f1e9c99b3ec7e7010f0375e94f
*** Element info: {Using=css selector, value=div.image-reveal-cta a.sign-up-cta}
at org.openqa.selenium.remote.http.W3CHttpResponseCodec.createException(W3CHttpResponseCodec.java:187)
at org.openqa.selenium.remote.http.W3CHttpResponseCodec.decode(W3CHttpResponseCodec.java:122)
at org.openqa.selenium.remote.http.W3CHttpResponseCodec.decode(W3CHttpResponseCodec.java:49)
at org.openqa.selenium.remote.HttpCommandExecutor.execute(HttpCommandExecutor.java:158)
at org.openqa.selenium.remote.service.DriverCommandExecutor.execute(DriverCommandExecutor.java:83)
at org.openqa.selenium.remote.RemoteWebDriver.execute(RemoteWebDriver.java:548)
at org.openqa.selenium.remote.RemoteWebDriver.findElement(RemoteWebDriver.java:322)
at org.openqa.selenium.remote.RemoteWebDriver.findElementByCssSelector(RemoteWebDriver.java:416)
at org.openqa.selenium.By$ByCssSelector.findElement(By.java:431)
at org.openqa.selenium.remote.RemoteWebDriver.findElement(RemoteWebDriver.java:314)
at org.openqa.selenium.support.pagefactory.DefaultElementLocator.findElement(DefaultElementLocator.java:69)
at org.openqa.selenium.support.pagefactory.AjaxElementLocator.access$001(AjaxElementLocator.java:39)
at org.openqa.selenium.support.pagefactory.AjaxElementLocator$SlowLoadingElement.isLoaded(AjaxElementLocator.java:194)
at org.openqa.selenium.support.ui.SlowLoadableComponent.get(SlowLoadableComponent.java:78)
at org.openqa.selenium.support.pagefactory.AjaxElementLocator.findElement(AjaxElementLocator.java:119)
... 33 more
... Removed 32 stack frames]]>
    </failure>
  </testcase> <!-- canClickSignupLinkInImageRevealSection -->
  <testcase name="canNavigateToCreditHelp" time="3.53" classname="lex.tests.homepage.LexHomepageTests"/>
  <testcase name="canNavigateToCreditRepair" time="3.202" classname="lex.tests.homepage.LexHomepageTests"/>
  <testcase name="canNavigateToOurFirm" time="2.811" classname="lex.tests.homepage.LexHomepageTests"/>
  <testcase name="canNavigateToSignUp" time="2.705" classname="lex.tests.homepage.LexHomepageTests"/>
  <testcase name="isAtHomepage" time="0.381" classname="lex.tests.homepage.LexHomepageTests"/>
  <testcase name="canNotContinueWithInvalidEmail" time="4.519" classname="lex.tests.signup.LexSignupTests">
    <failure type="org.openqa.selenium.ElementNotInteractableException" message="element not interactable
  (Session info: chrome=85.0.4183.83)
Build info: version: &amp;apos;3.14.0&amp;apos;, revision: &amp;apos;aacccce0&amp;apos;, time: &amp;apos;2018-08-02T20:19:58.91Z&amp;apos;
System info: host: &amp;apos;pgx180189mac.local&amp;apos;, ip: &amp;apos;2601:681:527f:1b40:d492:5ab2:2bc0:efb5%en0&amp;apos;, os.name: &amp;apos;Mac OS X&amp;apos;, os.arch: &amp;apos;x86_64&amp;apos;, os.version: &amp;apos;10.15.6&amp;apos;, java.version: &amp;apos;1.8.0_261&amp;apos;
Driver info: org.openqa.selenium.chrome.ChromeDriver
Capabilities {acceptInsecureCerts: false, browserName: chrome, browserVersion: 85.0.4183.83, chrome: {chromedriverVersion: 85.0.4183.87 (cd6713ebf92fa..., userDataDir: /var/folders/2r/2bvglkkd41b...}, goog:chromeOptions: {debuggerAddress: localhost:53557}, javascriptEnabled: true, networkConnectionEnabled: false, pageLoadStrategy: normal, platform: MAC, platformName: MAC, proxy: Proxy(), setWindowRect: true, strictFileInteractability: false, timeouts: {implicit: 0, pageLoad: 300000, script: 30000}, unhandledPromptBehavior: dismiss and notify, webauthn:virtualAuthenticators: true}
Session ID: 71a9c28d4e1ea3dc77b665d1348ef31d">
      <![CDATA[org.openqa.selenium.ElementNotInteractableException: element not interactable
  (Session info: chrome=85.0.4183.83)
Build info: version: '3.14.0', revision: 'aacccce0', time: '2018-08-02T20:19:58.91Z'
System info: host: 'pgx180189mac.local', ip: '2601:681:527f:1b40:d492:5ab2:2bc0:efb5%en0', os.name: 'Mac OS X', os.arch: 'x86_64', os.version: '10.15.6', java.version: '1.8.0_261'
Driver info: org.openqa.selenium.chrome.ChromeDriver
Capabilities {acceptInsecureCerts: false, browserName: chrome, browserVersion: 85.0.4183.83, chrome: {chromedriverVersion: 85.0.4183.87 (cd6713ebf92fa..., userDataDir: /var/folders/2r/2bvglkkd41b...}, goog:chromeOptions: {debuggerAddress: localhost:53557}, javascriptEnabled: true, networkConnectionEnabled: false, pageLoadStrategy: normal, platform: MAC, platformName: MAC, proxy: Proxy(), setWindowRect: true, strictFileInteractability: false, timeouts: {implicit: 0, pageLoad: 300000, script: 30000}, unhandledPromptBehavior: dismiss and notify, webauthn:virtualAuthenticators: true}
Session ID: 71a9c28d4e1ea3dc77b665d1348ef31d
at org.openqa.selenium.remote.http.W3CHttpResponseCodec.createException(W3CHttpResponseCodec.java:187)
at org.openqa.selenium.remote.http.W3CHttpResponseCodec.decode(W3CHttpResponseCodec.java:122)
at org.openqa.selenium.remote.http.W3CHttpResponseCodec.decode(W3CHttpResponseCodec.java:49)
at org.openqa.selenium.remote.HttpCommandExecutor.execute(HttpCommandExecutor.java:158)
at org.openqa.selenium.remote.service.DriverCommandExecutor.execute(DriverCommandExecutor.java:83)
at org.openqa.selenium.remote.RemoteWebDriver.execute(RemoteWebDriver.java:548)
at org.openqa.selenium.remote.RemoteWebElement.execute(RemoteWebElement.java:276)
at org.openqa.selenium.remote.RemoteWebElement.clear(RemoteWebElement.java:118)
at org.openqa.selenium.support.pagefactory.internal.LocatingElementHandler.invoke(LocatingElementHandler.java:51)
at com.sun.proxy.$Proxy8.clear(Unknown Source)
at lex.pageobjects.signup.LexSignup.setFirstName(LexSignup.java:301)
at lex.tests.signup.LexSignupTests.canNotContinueWithInvalidEmail(LexSignupTests.java:89)
... Removed 37 stack frames]]>
    </failure>
  </testcase> <!-- canNotContinueWithInvalidEmail -->
  <testcase name="canNotContinueWithInvalidPhone" time="5.974" classname="lex.tests.signup.LexSignupTests"/>
  <testcase name="canNotContinueWithInvalidZip" time="5.914" classname="lex.tests.signup.LexSignupTests"/>
  <testcase name="canNotContinueWithInvalidZip2" time="5.896" classname="lex.tests.signup.LexSignupTests"/>
  <testcase name="canNotContinueWithNoAddress" time="5.989" classname="lex.tests.signup.LexSignupTests"/>
  <testcase name="canNotContinueWithNoEmail" time="5.873" classname="lex.tests.signup.LexSignupTests"/>
  <testcase name="canNotContinueWithNoFirstName" time="5.913" classname="lex.tests.signup.LexSignupTests"/>
  <testcase name="canNotContinueWithNoLastName" time="5.903" classname="lex.tests.signup.LexSignupTests"/>
  <testcase name="canNotContinueWithNoPhone" time="5.845" classname="lex.tests.signup.LexSignupTests"/>
  <testcase name="canNotContinueWithNoZip" time="5.737" classname="lex.tests.signup.LexSignupTests"/>
  <testcase name="constructorLoadsSignupPage" time="1.108" classname="lex.tests.signup.LexSignupTests"/>
</testsuite> <!-- Simple Test -->
