<?xml version="1.0" encoding="UTF-8"?>
<!-- Generated by org.testng.reporters.JUnitXMLReporter -->
<testsuite hostname="pgx180189mac.local" ignored="13" name="Surefire test" tests="1" failures="0" timestamp="12 Oct 2020 23:46:32 GMT" time="10.103" errors="0">
  <testcase name="canSubmitForm" time="8.936" classname="lex.tests.homepage.CRHomepageTests"/>
  <testcase name="canClickSignupHero" time="0.0" classname="lex.tests.homepage.CRHomepageTests">
    <ignored/>
  </testcase> <!-- canClickSignupHero -->
  <testcase name="canClickGetStartedHero" time="0.0" classname="lex.tests.homepage.CRHomepageTests">
    <ignored/>
  </testcase> <!-- canClickGetStartedHero -->
  <testcase name="canSeeGoDaddySeal" time="0.0" classname="lex.tests.homepage.CRHomepageTests">
    <ignored/>
  </testcase> <!-- canSeeGoDaddySeal -->
  <testcase name="canClickLoginButton" time="0.0" classname="lex.tests.homepage.CRHomepageTests">
    <ignored/>
  </testcase> <!-- canClickLoginButton -->
  <testcase name="canClickSignupInTopNav" time="0.0" classname="lex.tests.homepage.CRHomepageTests">
    <ignored/>
  </testcase> <!-- canClickSignupInTopNav -->
  <testcase name="canClickGetStartedInHowCreditRepairWorksSection" time="0.0" classname="lex.tests.homepage.CRHomepageTests">
    <ignored/>
  </testcase> <!-- canClickGetStartedInHowCreditRepairWorksSection -->
  <testcase name="canClickSignupInHardWorkSection" time="0.0" classname="lex.tests.homepage.CRHomepageTests">
    <ignored/>
  </testcase> <!-- canClickSignupInHardWorkSection -->
  <testcase name="canClickSignupInModal" time="0.0" classname="lex.tests.homepage.CRHomepageTests">
    <ignored/>
  </testcase> <!-- canClickSignupInModal -->
  <testcase name="canClickSignupInCostSection" time="0.0" classname="lex.tests.homepage.CRHomepageTests">
    <ignored/>
  </testcase> <!-- canClickSignupInCostSection -->
  <testcase name="canClickGetStartedInHardWorkSection" time="0.0" classname="lex.tests.homepage.CRHomepageTests">
    <ignored/>
  </testcase> <!-- canClickGetStartedInHardWorkSection -->
  <testcase name="canClickGetStartedInCostSection" time="0.0" classname="lex.tests.homepage.CRHomepageTests">
    <ignored/>
  </testcase> <!-- canClickGetStartedInCostSection -->
  <testcase name="canClickGetStartedInModal" time="0.0" classname="lex.tests.homepage.CRHomepageTests">
    <ignored/>
  </testcase> <!-- canClickGetStartedInModal -->
  <testcase name="canClickSignupInHowCreditRepairWorksSection" time="0.0" classname="lex.tests.homepage.CRHomepageTests">
    <ignored/>
  </testcase> <!-- canClickSignupInHowCreditRepairWorksSection -->
</testsuite> <!-- Surefire test -->
