<?xml version="1.0" encoding="UTF-8"?>
<testng-results ignored="0" total="25" passed="23" failed="2" skipped="0">
  <reporter-output>
  </reporter-output>
  <suite started-at="2020-07-29T22:33:47Z" name="Example test run" finished-at="2020-07-29T22:36:07Z" duration-ms="140052">
    <groups>
    </groups>
    <test started-at="2020-07-29T22:33:47Z" name="Simple Test" finished-at="2020-07-29T22:36:07Z" duration-ms="140052">
      <class name="lex.tests.homepage.LexHomepageTests">
        <test-method is-config="true" signature="beforeSuite()[pri:0, instance:lex.tests.homepage.LexHomepageTests@5ccddd20]" started-at="2020-07-29T22:34:04Z" name="beforeSuite" finished-at="2020-07-29T22:34:06Z" duration-ms="1613" status="PASS">
          <reporter-output>
          </reporter-output>
        </test-method> <!-- beforeSuite -->
        <test-method signature="canNavigateToCreditHelp()[pri:0, instance:lex.tests.homepage.LexHomepageTests@5ccddd20]" started-at="2020-07-29T22:34:06Z" name="canNavigateToCreditHelp" finished-at="2020-07-29T22:34:10Z" duration-ms="4129" status="PASS">
          <reporter-output>
          </reporter-output>
        </test-method> <!-- canNavigateToCreditHelp -->
        <test-method signature="canNavigateToCreditRepair()[pri:0, instance:lex.tests.homepage.LexHomepageTests@5ccddd20]" started-at="2020-07-29T22:34:10Z" name="canNavigateToCreditRepair" finished-at="2020-07-29T22:34:13Z" duration-ms="3350" status="PASS">
          <reporter-output>
          </reporter-output>
        </test-method> <!-- canNavigateToCreditRepair -->
        <test-method signature="canNavigateToOurFirm()[pri:0, instance:lex.tests.homepage.LexHomepageTests@5ccddd20]" started-at="2020-07-29T22:34:13Z" name="canNavigateToOurFirm" finished-at="2020-07-29T22:34:16Z" duration-ms="3078" status="PASS">
          <reporter-output>
          </reporter-output>
        </test-method> <!-- canNavigateToOurFirm -->
        <test-method signature="canNavigateToSignUp()[pri:0, instance:lex.tests.homepage.LexHomepageTests@5ccddd20]" started-at="2020-07-29T22:34:16Z" name="canNavigateToSignUp" finished-at="2020-07-29T22:34:20Z" duration-ms="3517" status="PASS">
          <reporter-output>
          </reporter-output>
        </test-method> <!-- canNavigateToSignUp -->
        <test-method signature="isAtHomepage()[pri:0, instance:lex.tests.homepage.LexHomepageTests@5ccddd20]" started-at="2020-07-29T22:34:20Z" name="isAtHomepage" finished-at="2020-07-29T22:34:21Z" duration-ms="739" status="PASS">
          <reporter-output>
          </reporter-output>
        </test-method> <!-- isAtHomepage -->
        <test-method is-config="true" signature="afterSuite()[pri:0, instance:lex.tests.homepage.LexHomepageTests@5ccddd20]" started-at="2020-07-29T22:34:21Z" name="afterSuite" finished-at="2020-07-29T22:34:21Z" duration-ms="355" status="PASS">
          <reporter-output>
          </reporter-output>
        </test-method> <!-- afterSuite -->
      </class> <!-- lex.tests.homepage.LexHomepageTests -->
      <class name="lex.tests.creditrepair.CreditRepairOnlineTests">
        <test-method is-config="true" signature="beforeSuite()[pri:0, instance:lex.tests.creditrepair.CreditRepairOnlineTests@96def03]" started-at="2020-07-29T22:33:47Z" name="beforeSuite" finished-at="2020-07-29T22:33:49Z" duration-ms="2119" status="PASS">
          <reporter-output>
          </reporter-output>
        </test-method> <!-- beforeSuite -->
        <test-method signature="canNavigateToCreditSnapshot1()[pri:0, instance:lex.tests.creditrepair.CreditRepairOnlineTests@96def03]" started-at="2020-07-29T22:33:49Z" name="canNavigateToCreditSnapshot1" finished-at="2020-07-29T22:33:52Z" duration-ms="2886" status="PASS">
          <reporter-output>
          </reporter-output>
        </test-method> <!-- canNavigateToCreditSnapshot1 -->
        <test-method signature="canNavigateToCreditSnapshot2()[pri:0, instance:lex.tests.creditrepair.CreditRepairOnlineTests@96def03]" started-at="2020-07-29T22:33:52Z" name="canNavigateToCreditSnapshot2" finished-at="2020-07-29T22:33:53Z" duration-ms="1114" status="PASS">
          <reporter-output>
          </reporter-output>
        </test-method> <!-- canNavigateToCreditSnapshot2 -->
        <test-method signature="canNavigateToSignup1()[pri:0, instance:lex.tests.creditrepair.CreditRepairOnlineTests@96def03]" started-at="2020-07-29T22:33:53Z" name="canNavigateToSignup1" finished-at="2020-07-29T22:33:54Z" duration-ms="1051" status="PASS">
          <reporter-output>
          </reporter-output>
        </test-method> <!-- canNavigateToSignup1 -->
        <test-method signature="canNavigateToSignup2()[pri:0, instance:lex.tests.creditrepair.CreditRepairOnlineTests@96def03]" started-at="2020-07-29T22:33:54Z" name="canNavigateToSignup2" finished-at="2020-07-29T22:33:55Z" duration-ms="1228" status="PASS">
          <reporter-output>
          </reporter-output>
        </test-method> <!-- canNavigateToSignup2 -->
        <test-method signature="canNavigateToSignup3()[pri:0, instance:lex.tests.creditrepair.CreditRepairOnlineTests@96def03]" started-at="2020-07-29T22:33:55Z" name="canNavigateToSignup3" finished-at="2020-07-29T22:33:58Z" duration-ms="2562" status="PASS">
          <reporter-output>
          </reporter-output>
        </test-method> <!-- canNavigateToSignup3 -->
        <test-method signature="canNavigateToSignup4()[pri:0, instance:lex.tests.creditrepair.CreditRepairOnlineTests@96def03]" started-at="2020-07-29T22:33:58Z" name="canNavigateToSignup4" finished-at="2020-07-29T22:34:00Z" duration-ms="2184" status="PASS">
          <reporter-output>
          </reporter-output>
        </test-method> <!-- canNavigateToSignup4 -->
        <test-method signature="canNavigateToSignup5()[pri:0, instance:lex.tests.creditrepair.CreditRepairOnlineTests@96def03]" started-at="2020-07-29T22:34:00Z" name="canNavigateToSignup5" finished-at="2020-07-29T22:34:04Z" duration-ms="3720" status="PASS">
          <reporter-output>
          </reporter-output>
        </test-method> <!-- canNavigateToSignup5 -->
        <test-method is-config="true" signature="afterSuite()[pri:0, instance:lex.tests.creditrepair.CreditRepairOnlineTests@96def03]" started-at="2020-07-29T22:34:04Z" name="afterSuite" finished-at="2020-07-29T22:34:04Z" duration-ms="349" status="PASS">
          <reporter-output>
          </reporter-output>
        </test-method> <!-- afterSuite -->
      </class> <!-- lex.tests.creditrepair.CreditRepairOnlineTests -->
      <class name="lex.tests.signup.LexSignupTests">
        <test-method is-config="true" signature="beforeSuite()[pri:0, instance:lex.tests.signup.LexSignupTests@1ed1993a]" started-at="2020-07-29T22:34:21Z" name="beforeSuite" finished-at="2020-07-29T22:34:23Z" duration-ms="1817" status="PASS">
          <reporter-output>
          </reporter-output>
        </test-method> <!-- beforeSuite -->
        <test-method signature="canNotContinueWithInvalidEmail()[pri:0, instance:lex.tests.signup.LexSignupTests@1ed1993a]" started-at="2020-07-29T22:34:23Z" name="canNotContinueWithInvalidEmail" finished-at="2020-07-29T22:34:30Z" duration-ms="7308" status="PASS">
          <reporter-output>
          </reporter-output>
        </test-method> <!-- canNotContinueWithInvalidEmail -->
        <test-method signature="canNotContinueWithInvalidPhone()[pri:0, instance:lex.tests.signup.LexSignupTests@1ed1993a]" started-at="2020-07-29T22:34:30Z" name="canNotContinueWithInvalidPhone" finished-at="2020-07-29T22:34:38Z" duration-ms="7457" status="PASS">
          <reporter-output>
          </reporter-output>
        </test-method> <!-- canNotContinueWithInvalidPhone -->
        <test-method signature="canNotContinueWithInvalidZip()[pri:0, instance:lex.tests.signup.LexSignupTests@1ed1993a]" started-at="2020-07-29T22:34:38Z" name="canNotContinueWithInvalidZip" finished-at="2020-07-29T22:34:45Z" duration-ms="7229" status="PASS">
          <reporter-output>
          </reporter-output>
        </test-method> <!-- canNotContinueWithInvalidZip -->
        <test-method signature="canNotContinueWithInvalidZip2()[pri:0, instance:lex.tests.signup.LexSignupTests@1ed1993a]" started-at="2020-07-29T22:34:45Z" name="canNotContinueWithInvalidZip2" finished-at="2020-07-29T22:34:52Z" duration-ms="6980" status="PASS">
          <reporter-output>
          </reporter-output>
        </test-method> <!-- canNotContinueWithInvalidZip2 -->
        <test-method signature="canNotContinueWithNoAddress()[pri:0, instance:lex.tests.signup.LexSignupTests@1ed1993a]" started-at="2020-07-29T22:34:52Z" name="canNotContinueWithNoAddress" finished-at="2020-07-29T22:34:59Z" duration-ms="7050" status="PASS">
          <reporter-output>
          </reporter-output>
        </test-method> <!-- canNotContinueWithNoAddress -->
        <test-method signature="canNotContinueWithNoEmail()[pri:0, instance:lex.tests.signup.LexSignupTests@1ed1993a]" started-at="2020-07-29T22:34:59Z" name="canNotContinueWithNoEmail" finished-at="2020-07-29T22:35:05Z" duration-ms="6602" status="PASS">
          <reporter-output>
          </reporter-output>
        </test-method> <!-- canNotContinueWithNoEmail -->
        <test-method signature="canNotContinueWithNoFirstName()[pri:0, instance:lex.tests.signup.LexSignupTests@1ed1993a]" started-at="2020-07-29T22:35:05Z" name="canNotContinueWithNoFirstName" finished-at="2020-07-29T22:35:12Z" duration-ms="6945" status="PASS">
          <reporter-output>
          </reporter-output>
        </test-method> <!-- canNotContinueWithNoFirstName -->
        <test-method signature="canNotContinueWithNoLastName()[pri:0, instance:lex.tests.signup.LexSignupTests@1ed1993a]" started-at="2020-07-29T22:35:12Z" name="canNotContinueWithNoLastName" finished-at="2020-07-29T22:35:19Z" duration-ms="6758" status="PASS">
          <reporter-output>
          </reporter-output>
        </test-method> <!-- canNotContinueWithNoLastName -->
        <test-method signature="canNotContinueWithNoPhone()[pri:0, instance:lex.tests.signup.LexSignupTests@1ed1993a]" started-at="2020-07-29T22:35:19Z" name="canNotContinueWithNoPhone" finished-at="2020-07-29T22:35:26Z" duration-ms="7073" status="PASS">
          <reporter-output>
          </reporter-output>
        </test-method> <!-- canNotContinueWithNoPhone -->
        <test-method signature="canNotContinueWithNoZip()[pri:0, instance:lex.tests.signup.LexSignupTests@1ed1993a]" started-at="2020-07-29T22:35:26Z" name="canNotContinueWithNoZip" finished-at="2020-07-29T22:35:33Z" duration-ms="6932" status="PASS">
          <reporter-output>
          </reporter-output>
        </test-method> <!-- canNotContinueWithNoZip -->
        <test-method signature="canSignUpSingleUser()[pri:0, instance:lex.tests.signup.LexSignupTests@1ed1993a]" started-at="2020-07-29T22:35:33Z" name="canSignUpSingleUser" finished-at="2020-07-29T22:35:53Z" duration-ms="20208" status="FAIL">
          <exception class="org.openqa.selenium.NoSuchElementException">
            <message>
              <![CDATA[Timed out after 5 seconds. Unable to locate the element]]>
            </message>
            <full-stacktrace>
              <![CDATA[org.openqa.selenium.NoSuchElementException: Timed out after 5 seconds. Unable to locate the element
at org.openqa.selenium.support.pagefactory.AjaxElementLocator.findElement(AjaxElementLocator.java:123)
at org.openqa.selenium.support.pagefactory.internal.LocatingElementHandler.invoke(LocatingElementHandler.java:38)
at com.sun.proxy.$Proxy11.click(Unknown Source)
at lex.pageobjects.signup.LexSignup.submitStepOne(LexSignup.java:241)
at lex.tests.signup.LexSignupTests.canSignUpSingleUser(LexSignupTests.java:35)
at java.base/jdk.internal.reflect.NativeMethodAccessorImpl.invoke0(Native Method)
at java.base/jdk.internal.reflect.NativeMethodAccessorImpl.invoke(NativeMethodAccessorImpl.java:62)
at java.base/jdk.internal.reflect.DelegatingMethodAccessorImpl.invoke(DelegatingMethodAccessorImpl.java:43)
at java.base/java.lang.reflect.Method.invoke(Method.java:567)
at org.testng.internal.MethodInvocationHelper.invokeMethod(MethodInvocationHelper.java:124)
at org.testng.internal.Invoker.invokeMethod(Invoker.java:583)
at org.testng.internal.Invoker.invokeTestMethod(Invoker.java:719)
at org.testng.internal.Invoker.invokeTestMethods(Invoker.java:989)
at org.testng.internal.TestMethodWorker.invokeTestMethods(TestMethodWorker.java:125)
at org.testng.internal.TestMethodWorker.run(TestMethodWorker.java:109)
at org.testng.TestRunner.privateRun(TestRunner.java:648)
at org.testng.TestRunner.run(TestRunner.java:505)
at org.testng.SuiteRunner.runTest(SuiteRunner.java:455)
at org.testng.SuiteRunner.runSequentially(SuiteRunner.java:450)
at org.testng.SuiteRunner.privateRun(SuiteRunner.java:415)
at org.testng.SuiteRunner.run(SuiteRunner.java:364)
at org.testng.SuiteRunnerWorker.runSuite(SuiteRunnerWorker.java:52)
at org.testng.SuiteRunnerWorker.run(SuiteRunnerWorker.java:84)
at org.testng.TestNG.runSuitesSequentially(TestNG.java:1208)
at org.testng.TestNG.runSuitesLocally(TestNG.java:1137)
at org.testng.TestNG.runSuites(TestNG.java:1049)
at org.testng.TestNG.run(TestNG.java:1017)
at org.apache.maven.surefire.testng.TestNGExecutor.run(TestNGExecutor.java:284)
at org.apache.maven.surefire.testng.TestNGXmlTestSuite.execute(TestNGXmlTestSuite.java:75)
at org.apache.maven.surefire.testng.TestNGProvider.invoke(TestNGProvider.java:119)
at org.apache.maven.surefire.booter.ForkedBooter.runSuitesInProcess(ForkedBooter.java:428)
at org.apache.maven.surefire.booter.ForkedBooter.execute(ForkedBooter.java:162)
at org.apache.maven.surefire.booter.ForkedBooter.run(ForkedBooter.java:562)
at org.apache.maven.surefire.booter.ForkedBooter.main(ForkedBooter.java:548)
Caused by: org.openqa.selenium.NoSuchElementException: no such element: Unable to locate element: {"method":"css selector","selector":"#signup-v2 > div.submit_button_wrap > button"}
  (Session info: chrome=84.0.4147.105)
For documentation on this error, please visit: http://seleniumhq.org/exceptions/no_such_element.html
Build info: version: '3.14.0', revision: 'aacccce0', time: '2018-08-02T20:19:58.91Z'
System info: host: 'PGX51543.local', ip: 'fe80:0:0:0:1403:3324:92e3:1993%en0', os.name: 'Mac OS X', os.arch: 'x86_64', os.version: '10.14.6', java.version: '13.0.2'
Driver info: org.openqa.selenium.chrome.ChromeDriver
Capabilities {acceptInsecureCerts: false, browserName: chrome, browserVersion: 84.0.4147.105, chrome: {chromedriverVersion: 83.0.4103.39 (ccbf011cb2d2b..., userDataDir: /var/folders/2r/2bvglkkd41b...}, goog:chromeOptions: {debuggerAddress: localhost:59657}, javascriptEnabled: true, networkConnectionEnabled: false, pageLoadStrategy: normal, platform: MAC, platformName: MAC, proxy: Proxy(), setWindowRect: true, strictFileInteractability: false, timeouts: {implicit: 0, pageLoad: 300000, script: 30000}, unhandledPromptBehavior: dismiss and notify, webauthn:virtualAuthenticators: true}
Session ID: f0e08a0c3ad26dc6b3f3655241b848fb
*** Element info: {Using=css selector, value=#signup-v2 > div.submit_button_wrap > button}
at jdk.internal.reflect.GeneratedConstructorAccessor12.newInstance(Unknown Source)
at java.base/jdk.internal.reflect.DelegatingConstructorAccessorImpl.newInstance(DelegatingConstructorAccessorImpl.java:45)
at java.base/java.lang.reflect.Constructor.newInstanceWithCaller(Constructor.java:500)
at java.base/java.lang.reflect.Constructor.newInstance(Constructor.java:481)
at org.openqa.selenium.remote.http.W3CHttpResponseCodec.createException(W3CHttpResponseCodec.java:187)
at org.openqa.selenium.remote.http.W3CHttpResponseCodec.decode(W3CHttpResponseCodec.java:122)
at org.openqa.selenium.remote.http.W3CHttpResponseCodec.decode(W3CHttpResponseCodec.java:49)
at org.openqa.selenium.remote.HttpCommandExecutor.execute(HttpCommandExecutor.java:158)
at org.openqa.selenium.remote.service.DriverCommandExecutor.execute(DriverCommandExecutor.java:83)
at org.openqa.selenium.remote.RemoteWebDriver.execute(RemoteWebDriver.java:548)
at org.openqa.selenium.remote.RemoteWebDriver.findElement(RemoteWebDriver.java:322)
at org.openqa.selenium.remote.RemoteWebDriver.findElementByCssSelector(RemoteWebDriver.java:416)
at org.openqa.selenium.By$ByCssSelector.findElement(By.java:431)
at org.openqa.selenium.remote.RemoteWebDriver.findElement(RemoteWebDriver.java:314)
at org.openqa.selenium.support.pagefactory.DefaultElementLocator.findElement(DefaultElementLocator.java:69)
at org.openqa.selenium.support.pagefactory.AjaxElementLocator.access$001(AjaxElementLocator.java:39)
at org.openqa.selenium.support.pagefactory.AjaxElementLocator$SlowLoadingElement.isLoaded(AjaxElementLocator.java:194)
at org.openqa.selenium.support.ui.SlowLoadableComponent.get(SlowLoadableComponent.java:78)
at org.openqa.selenium.support.pagefactory.AjaxElementLocator.findElement(AjaxElementLocator.java:119)
... 33 more
]]>
            </full-stacktrace>
          </exception> <!-- org.openqa.selenium.NoSuchElementException -->
          <reporter-output>
          </reporter-output>
        </test-method> <!-- canSignUpSingleUser -->
        <test-method signature="canSignupWithFamilyMember()[pri:0, instance:lex.tests.signup.LexSignupTests@1ed1993a]" started-at="2020-07-29T22:35:53Z" name="canSignupWithFamilyMember" finished-at="2020-07-29T22:36:06Z" duration-ms="12587" status="FAIL">
          <exception class="org.openqa.selenium.NoSuchElementException">
            <message>
              <![CDATA[Timed out after 5 seconds. Unable to locate the element]]>
            </message>
            <full-stacktrace>
              <![CDATA[org.openqa.selenium.NoSuchElementException: Timed out after 5 seconds. Unable to locate the element
at org.openqa.selenium.support.pagefactory.AjaxElementLocator.findElement(AjaxElementLocator.java:123)
at org.openqa.selenium.support.pagefactory.internal.LocatingElementHandler.invoke(LocatingElementHandler.java:38)
at com.sun.proxy.$Proxy11.clear(Unknown Source)
at lex.pageobjects.signup.LexSignup.setCardNumber(LexSignup.java:417)
at lex.tests.signup.LexSignupTests.canSignupWithFamilyMember(LexSignupTests.java:293)
at java.base/jdk.internal.reflect.NativeMethodAccessorImpl.invoke0(Native Method)
at java.base/jdk.internal.reflect.NativeMethodAccessorImpl.invoke(NativeMethodAccessorImpl.java:62)
at java.base/jdk.internal.reflect.DelegatingMethodAccessorImpl.invoke(DelegatingMethodAccessorImpl.java:43)
at java.base/java.lang.reflect.Method.invoke(Method.java:567)
at org.testng.internal.MethodInvocationHelper.invokeMethod(MethodInvocationHelper.java:124)
at org.testng.internal.Invoker.invokeMethod(Invoker.java:583)
at org.testng.internal.Invoker.invokeTestMethod(Invoker.java:719)
at org.testng.internal.Invoker.invokeTestMethods(Invoker.java:989)
at org.testng.internal.TestMethodWorker.invokeTestMethods(TestMethodWorker.java:125)
at org.testng.internal.TestMethodWorker.run(TestMethodWorker.java:109)
at org.testng.TestRunner.privateRun(TestRunner.java:648)
at org.testng.TestRunner.run(TestRunner.java:505)
at org.testng.SuiteRunner.runTest(SuiteRunner.java:455)
at org.testng.SuiteRunner.runSequentially(SuiteRunner.java:450)
at org.testng.SuiteRunner.privateRun(SuiteRunner.java:415)
at org.testng.SuiteRunner.run(SuiteRunner.java:364)
at org.testng.SuiteRunnerWorker.runSuite(SuiteRunnerWorker.java:52)
at org.testng.SuiteRunnerWorker.run(SuiteRunnerWorker.java:84)
at org.testng.TestNG.runSuitesSequentially(TestNG.java:1208)
at org.testng.TestNG.runSuitesLocally(TestNG.java:1137)
at org.testng.TestNG.runSuites(TestNG.java:1049)
at org.testng.TestNG.run(TestNG.java:1017)
at org.apache.maven.surefire.testng.TestNGExecutor.run(TestNGExecutor.java:284)
at org.apache.maven.surefire.testng.TestNGXmlTestSuite.execute(TestNGXmlTestSuite.java:75)
at org.apache.maven.surefire.testng.TestNGProvider.invoke(TestNGProvider.java:119)
at org.apache.maven.surefire.booter.ForkedBooter.runSuitesInProcess(ForkedBooter.java:428)
at org.apache.maven.surefire.booter.ForkedBooter.execute(ForkedBooter.java:162)
at org.apache.maven.surefire.booter.ForkedBooter.run(ForkedBooter.java:562)
at org.apache.maven.surefire.booter.ForkedBooter.main(ForkedBooter.java:548)
Caused by: org.openqa.selenium.NoSuchElementException: no such element: Unable to locate element: {"method":"css selector","selector":"#cc_num_0"}
  (Session info: chrome=84.0.4147.105)
For documentation on this error, please visit: http://seleniumhq.org/exceptions/no_such_element.html
Build info: version: '3.14.0', revision: 'aacccce0', time: '2018-08-02T20:19:58.91Z'
System info: host: 'PGX51543.local', ip: 'fe80:0:0:0:1403:3324:92e3:1993%en0', os.name: 'Mac OS X', os.arch: 'x86_64', os.version: '10.14.6', java.version: '13.0.2'
Driver info: org.openqa.selenium.chrome.ChromeDriver
Capabilities {acceptInsecureCerts: false, browserName: chrome, browserVersion: 84.0.4147.105, chrome: {chromedriverVersion: 83.0.4103.39 (ccbf011cb2d2b..., userDataDir: /var/folders/2r/2bvglkkd41b...}, goog:chromeOptions: {debuggerAddress: localhost:59657}, javascriptEnabled: true, networkConnectionEnabled: false, pageLoadStrategy: normal, platform: MAC, platformName: MAC, proxy: Proxy(), setWindowRect: true, strictFileInteractability: false, timeouts: {implicit: 0, pageLoad: 300000, script: 30000}, unhandledPromptBehavior: dismiss and notify, webauthn:virtualAuthenticators: true}
Session ID: f0e08a0c3ad26dc6b3f3655241b848fb
*** Element info: {Using=id, value=cc_num_0}
at jdk.internal.reflect.GeneratedConstructorAccessor12.newInstance(Unknown Source)
at java.base/jdk.internal.reflect.DelegatingConstructorAccessorImpl.newInstance(DelegatingConstructorAccessorImpl.java:45)
at java.base/java.lang.reflect.Constructor.newInstanceWithCaller(Constructor.java:500)
at java.base/java.lang.reflect.Constructor.newInstance(Constructor.java:481)
at org.openqa.selenium.remote.http.W3CHttpResponseCodec.createException(W3CHttpResponseCodec.java:187)
at org.openqa.selenium.remote.http.W3CHttpResponseCodec.decode(W3CHttpResponseCodec.java:122)
at org.openqa.selenium.remote.http.W3CHttpResponseCodec.decode(W3CHttpResponseCodec.java:49)
at org.openqa.selenium.remote.HttpCommandExecutor.execute(HttpCommandExecutor.java:158)
at org.openqa.selenium.remote.service.DriverCommandExecutor.execute(DriverCommandExecutor.java:83)
at org.openqa.selenium.remote.RemoteWebDriver.execute(RemoteWebDriver.java:548)
at org.openqa.selenium.remote.RemoteWebDriver.findElement(RemoteWebDriver.java:322)
at org.openqa.selenium.remote.RemoteWebDriver.findElementById(RemoteWebDriver.java:368)
at org.openqa.selenium.By$ById.findElement(By.java:188)
at org.openqa.selenium.remote.RemoteWebDriver.findElement(RemoteWebDriver.java:314)
at org.openqa.selenium.support.pagefactory.DefaultElementLocator.findElement(DefaultElementLocator.java:69)
at org.openqa.selenium.support.pagefactory.AjaxElementLocator.access$001(AjaxElementLocator.java:39)
at org.openqa.selenium.support.pagefactory.AjaxElementLocator$SlowLoadingElement.isLoaded(AjaxElementLocator.java:194)
at org.openqa.selenium.support.ui.SlowLoadableComponent.get(SlowLoadableComponent.java:78)
at org.openqa.selenium.support.pagefactory.AjaxElementLocator.findElement(AjaxElementLocator.java:119)
... 33 more
]]>
            </full-stacktrace>
          </exception> <!-- org.openqa.selenium.NoSuchElementException -->
          <reporter-output>
          </reporter-output>
        </test-method> <!-- canSignupWithFamilyMember -->
        <test-method signature="constructorLoadsSignupPage()[pri:0, instance:lex.tests.signup.LexSignupTests@1ed1993a]" started-at="2020-07-29T22:36:06Z" name="constructorLoadsSignupPage" finished-at="2020-07-29T22:36:07Z" duration-ms="635" status="PASS">
          <reporter-output>
          </reporter-output>
        </test-method> <!-- constructorLoadsSignupPage -->
        <test-method is-config="true" signature="afterSuite()[pri:0, instance:lex.tests.signup.LexSignupTests@1ed1993a]" started-at="2020-07-29T22:36:07Z" name="afterSuite" finished-at="2020-07-29T22:36:07Z" duration-ms="437" status="PASS">
          <reporter-output>
          </reporter-output>
        </test-method> <!-- afterSuite -->
      </class> <!-- lex.tests.signup.LexSignupTests -->
    </test> <!-- Simple Test -->
  </suite> <!-- Example test run -->
</testng-results>
