<?xml version="1.0" encoding="UTF-8"?>
<testsuite xmlns:xsi="http://www.w3.org/2001/XMLSchema-instance" xsi:noNamespaceSchemaLocation="https://maven.apache.org/surefire/maven-surefire-plugin/xsd/surefire-test-report-3.0.xsd" version="3.0" name="TestSuite" time="217.842" tests="56" errors="0" skipped="0" failures="0">
  <properties>
[...]
</properties>
  <testcase name="canNavigateToCreditSnapshot1" classname="lex.tests.creditrepair.CreditRepairOnlineTests" time="4.51">
    <system-err><![CDATA[Starting ChromeDriver 83.0.4103.39 (ccbf011cb2d2b19b506d844400483861342c20cd-refs/branch-heads/4103@{#416}) on port 10560
Only local connections are allowed.
Please see https://chromedriver.chromium.org/security-considerations for suggestions on keeping ChromeDriver safe.
ChromeDriver was started successfully.
[1597272914.833][WARNING]: This version of ChromeDriver has not been tested with Chrome version 84.
Aug 12, 2020 4:55:14 PM org.openqa.selenium.remote.ProtocolHandshake createSession
INFO: Detected dialect: W3C
]]></system-err>
  </testcase>
  <testcase name="canNavigateToCreditSnapshot2" classname="lex.tests.creditrepair.CreditRepairOnlineTests" time="2.999"/>
  <testcase name="canNavigateToSignup1" classname="lex.tests.creditrepair.CreditRepairOnlineTests" time="2.821"/>
  <testcase name="canNavigateToSignup2" classname="lex.tests.creditrepair.CreditRepairOnlineTests" time="2.826"/>
  <testcase name="canNavigateToSignup3" classname="lex.tests.creditrepair.CreditRepairOnlineTests" time="3.124"/>
  <testcase name="canNavigateToSignup4" classname="lex.tests.creditrepair.CreditRepairOnlineTests" time="3.019"/>
  <testcase name="canNavigateToSignup5" classname="lex.tests.creditrepair.CreditRepairOnlineTests" time="2.989"/>
  <testcase name="canNavigateToCreditSnapshot1" classname="lex.tests.creditrepair.CreditRepairBRTests" time="3.155">
    <system-err><![CDATA[Starting ChromeDriver 83.0.4103.39 (ccbf011cb2d2b19b506d844400483861342c20cd-refs/branch-heads/4103@{#416}) on port 42052
Only local connections are allowed.
Please see https://chromedriver.chromium.org/security-considerations for suggestions on keeping ChromeDriver safe.
ChromeDriver was started successfully.
[1597272938.891][WARNING]: This version of ChromeDriver has not been tested with Chrome version 84.
Aug 12, 2020 4:55:38 PM org.openqa.selenium.remote.ProtocolHandshake createSession
INFO: Detected dialect: W3C
]]></system-err>
  </testcase>
  <testcase name="canNavigateToCreditSnapshot2" classname="lex.tests.creditrepair.CreditRepairBRTests" time="2.269"/>
  <testcase name="canNavigateToCreditSnapshot3" classname="lex.tests.creditrepair.CreditRepairBRTests" time="2.491"/>
  <testcase name="canNavigateToCreditSnapshot4" classname="lex.tests.creditrepair.CreditRepairBRTests" time="2.357"/>
  <testcase name="canNavigateToCreditSnapshot5" classname="lex.tests.creditrepair.CreditRepairBRTests" time="2.406"/>
  <testcase name="canNavigateToCreditSnapshot6" classname="lex.tests.creditrepair.CreditRepairBRTests" time="3.275"/>
  <testcase name="canNavigateToSignup1" classname="lex.tests.creditrepair.CreditRepairBRTests" time="2.764"/>
  <testcase name="canNavigateToSignup2" classname="lex.tests.creditrepair.CreditRepairBRTests" time="3.135"/>
  <testcase name="canNavigateToSignup3" classname="lex.tests.creditrepair.CreditRepairBRTests" time="3.118"/>
  <testcase name="canNavigateToSignup4" classname="lex.tests.creditrepair.CreditRepairBRTests" time="3.103"/>
  <testcase name="canNavigateToSignup5" classname="lex.tests.creditrepair.CreditRepairBRTests" time="3.119"/>
  <testcase name="canNavigateToCreditSnapshot1" classname="lex.tests.creditrepair.CreditRepairNBRTests" time="3.463">
    <system-err><![CDATA[Starting ChromeDriver 83.0.4103.39 (ccbf011cb2d2b19b506d844400483861342c20cd-refs/branch-heads/4103@{#416}) on port 13462
Only local connections are allowed.
Please see https://chromedriver.chromium.org/security-considerations for suggestions on keeping ChromeDriver safe.
ChromeDriver was started successfully.
[1597272971.723][WARNING]: This version of ChromeDriver has not been tested with Chrome version 84.
Aug 12, 2020 4:56:11 PM org.openqa.selenium.remote.ProtocolHandshake createSession
INFO: Detected dialect: W3C
]]></system-err>
  </testcase>
  <testcase name="canNavigateToCreditSnapshot2" classname="lex.tests.creditrepair.CreditRepairNBRTests" time="3.546"/>
  <testcase name="canNavigateToCreditSnapshot3" classname="lex.tests.creditrepair.CreditRepairNBRTests" time="2.575"/>
  <testcase name="canNavigateToCreditSnapshot4" classname="lex.tests.creditrepair.CreditRepairNBRTests" time="2.589"/>
  <testcase name="canNavigateToCreditSnapshot5" classname="lex.tests.creditrepair.CreditRepairNBRTests" time="2.497"/>
  <testcase name="canNavigateToCreditSnapshot6" classname="lex.tests.creditrepair.CreditRepairNBRTests" time="2.429"/>
  <testcase name="canNavigateToSignup1" classname="lex.tests.creditrepair.CreditRepairNBRTests" time="2.964"/>
  <testcase name="canNavigateToSignup2" classname="lex.tests.creditrepair.CreditRepairNBRTests" time="3.182"/>
  <testcase name="canNavigateToSignup3" classname="lex.tests.creditrepair.CreditRepairNBRTests" time="3.232"/>
  <testcase name="canNavigateToSignup4" classname="lex.tests.creditrepair.CreditRepairNBRTests" time="3.356"/>
  <testcase name="canNavigateToSignup5" classname="lex.tests.creditrepair.CreditRepairNBRTests" time="3.002"/>
  <testcase name="canNavigateToCreditSnapshot1" classname="lex.tests.creditrepair.CreditRepairTests" time="3.281">
    <system-err><![CDATA[Starting ChromeDriver 83.0.4103.39 (ccbf011cb2d2b19b506d844400483861342c20cd-refs/branch-heads/4103@{#416}) on port 25907
Only local connections are allowed.
Please see https://chromedriver.chromium.org/security-considerations for suggestions on keeping ChromeDriver safe.
ChromeDriver was started successfully.
[1597273005.969][WARNING]: This version of ChromeDriver has not been tested with Chrome version 84.
Aug 12, 2020 4:56:46 PM org.openqa.selenium.remote.ProtocolHandshake createSession
INFO: Detected dialect: W3C
]]></system-err>
  </testcase>
  <testcase name="canNavigateToCreditSnapshot2" classname="lex.tests.creditrepair.CreditRepairTests" time="2.39"/>
  <testcase name="canNavigateToCreditSnapshot3" classname="lex.tests.creditrepair.CreditRepairTests" time="3.395"/>
  <testcase name="canNavigateToCreditSnapshot4" classname="lex.tests.creditrepair.CreditRepairTests" time="2.443"/>
  <testcase name="canNavigateToCreditSnapshot5" classname="lex.tests.creditrepair.CreditRepairTests" time="2.492"/>
  <testcase name="canNavigateToCreditSnapshot6" classname="lex.tests.creditrepair.CreditRepairTests" time="2.862"/>
  <testcase name="canNavigateToSignup1" classname="lex.tests.creditrepair.CreditRepairTests" time="2.787"/>
  <testcase name="canNavigateToSignup2" classname="lex.tests.creditrepair.CreditRepairTests" time="3.342"/>
  <testcase name="canNavigateToSignup3" classname="lex.tests.creditrepair.CreditRepairTests" time="3.155"/>
  <testcase name="canNavigateToSignup4" classname="lex.tests.creditrepair.CreditRepairTests" time="3.035"/>
  <testcase name="canNavigateToSignup5" classname="lex.tests.creditrepair.CreditRepairTests" time="3.158"/>
  <testcase name="canNavigateToCreditHelp" classname="lex.tests.homepage.LexHomepageTests" time="3.974">
    <system-err><![CDATA[Starting ChromeDriver 83.0.4103.39 (ccbf011cb2d2b19b506d844400483861342c20cd-refs/branch-heads/4103@{#416}) on port 10303
Only local connections are allowed.
Please see https://chromedriver.chromium.org/security-considerations for suggestions on keeping ChromeDriver safe.
ChromeDriver was started successfully.
[1597273039.949][WARNING]: This version of ChromeDriver has not been tested with Chrome version 84.
Aug 12, 2020 4:57:20 PM org.openqa.selenium.remote.ProtocolHandshake createSession
INFO: Detected dialect: W3C
]]></system-err>
  </testcase>
  <testcase name="canNavigateToCreditRepair" classname="lex.tests.homepage.LexHomepageTests" time="3.049"/>
  <testcase name="canNavigateToOurFirm" classname="lex.tests.homepage.LexHomepageTests" time="3.186"/>
  <testcase name="canNavigateToSignUp" classname="lex.tests.homepage.LexHomepageTests" time="3.341"/>
  <testcase name="isAtHomepage" classname="lex.tests.homepage.LexHomepageTests" time="0.623"/>
  <testcase name="canNotContinueWithInvalidEmail" classname="lex.tests.signup.LexSignupTests" time="6.99">
    <system-err><![CDATA[Starting ChromeDriver 83.0.4103.39 (ccbf011cb2d2b19b506d844400483861342c20cd-refs/branch-heads/4103@{#416}) on port 27619
Only local connections are allowed.
Please see https://chromedriver.chromium.org/security-considerations for suggestions on keeping ChromeDriver safe.
ChromeDriver was started successfully.
[1597273055.858][WARNING]: This version of ChromeDriver has not been tested with Chrome version 84.
Aug 12, 2020 4:57:35 PM org.openqa.selenium.remote.ProtocolHandshake createSession
INFO: Detected dialect: W3C
]]></system-err>
  </testcase>
  <testcase name="canNotContinueWithInvalidPhone" classname="lex.tests.signup.LexSignupTests" time="6.626"/>
  <testcase name="canNotContinueWithInvalidZip" classname="lex.tests.signup.LexSignupTests" time="6.733"/>
  <testcase name="canNotContinueWithInvalidZip2" classname="lex.tests.signup.LexSignupTests" time="6.622"/>
  <testcase name="canNotContinueWithNoAddress" classname="lex.tests.signup.LexSignupTests" time="6.809"/>
  <testcase name="canNotContinueWithNoEmail" classname="lex.tests.signup.LexSignupTests" time="6.51"/>
  <testcase name="canNotContinueWithNoFirstName" classname="lex.tests.signup.LexSignupTests" time="6.662"/>
  <testcase name="canNotContinueWithNoLastName" classname="lex.tests.signup.LexSignupTests" time="6.928"/>
  <testcase name="canNotContinueWithNoPhone" classname="lex.tests.signup.LexSignupTests" time="6.682"/>
  <testcase name="canNotContinueWithNoZip" classname="lex.tests.signup.LexSignupTests" time="6.754"/>
  <testcase name="constructorLoadsSignupPage" classname="lex.tests.signup.LexSignupTests" time="1.123"/>
</testsuite>