<?xml version="1.0" encoding="UTF-8"?>
<testng-results skipped="29" failed="7" ignored="0" total="96" passed="60">
  <reporter-output>
  </reporter-output>
  <suite name="Example test run" duration-ms="315970" started-at="2020-09-15T14:33:06Z" finished-at="2020-09-15T14:38:22Z">
    <groups>
    </groups>
    <test name="Simple Test" duration-ms="315970" started-at="2020-09-15T14:33:06Z" finished-at="2020-09-15T14:38:22Z">
      <class name="lex.tests.homepage.LexHomepageTests">
        <test-method status="PASS" signature="beforeSuite()[pri:0, instance:lex.tests.homepage.LexHomepageTests@33f88ab]" name="beforeSuite" is-config="true" duration-ms="1079" started-at="2020-09-15T14:33:06Z" finished-at="2020-09-15T14:33:07Z">
          <reporter-output>
          </reporter-output>
        </test-method> <!-- beforeSuite -->
        <test-method status="PASS" signature="canClickGetStartedButtonInClientReviewsSection()[pri:0, instance:lex.tests.homepage.LexHomepageTests@33f88ab]" name="canClickGetStartedButtonInClientReviewsSection" duration-ms="1916" started-at="2020-09-15T14:33:07Z" finished-at="2020-09-15T14:33:09Z">
          <reporter-output>
          </reporter-output>
        </test-method> <!-- canClickGetStartedButtonInClientReviewsSection -->
        <test-method status="PASS" signature="canClickGetStartedButtonInHeroSection()[pri:0, instance:lex.tests.homepage.LexHomepageTests@33f88ab]" name="canClickGetStartedButtonInHeroSection" duration-ms="883" started-at="2020-09-15T14:33:09Z" finished-at="2020-09-15T14:33:10Z">
          <reporter-output>
          </reporter-output>
        </test-method> <!-- canClickGetStartedButtonInHeroSection -->
        <test-method status="PASS" signature="canClickGetStartedButtonInImageRevealSection()[pri:0, instance:lex.tests.homepage.LexHomepageTests@33f88ab]" name="canClickGetStartedButtonInImageRevealSection" duration-ms="814" started-at="2020-09-15T14:33:10Z" finished-at="2020-09-15T14:33:11Z">
          <reporter-output>
          </reporter-output>
        </test-method> <!-- canClickGetStartedButtonInImageRevealSection -->
        <test-method status="PASS" signature="canClickGetStartedLinkInHeroSection()[pri:0, instance:lex.tests.homepage.LexHomepageTests@33f88ab]" name="canClickGetStartedLinkInHeroSection" duration-ms="839" started-at="2020-09-15T14:33:11Z" finished-at="2020-09-15T14:33:11Z">
          <reporter-output>
          </reporter-output>
        </test-method> <!-- canClickGetStartedLinkInHeroSection -->
        <test-method status="PASS" signature="canClickSeeMyCreditButton()[pri:0, instance:lex.tests.homepage.LexHomepageTests@33f88ab]" name="canClickSeeMyCreditButton" duration-ms="865" started-at="2020-09-15T14:33:11Z" finished-at="2020-09-15T14:33:12Z">
          <reporter-output>
          </reporter-output>
        </test-method> <!-- canClickSeeMyCreditButton -->
        <test-method status="PASS" signature="canClickSignupCreditCostLink()[pri:0, instance:lex.tests.homepage.LexHomepageTests@33f88ab]" name="canClickSignupCreditCostLink" duration-ms="1352" started-at="2020-09-15T14:33:12Z" finished-at="2020-09-15T14:33:14Z">
          <reporter-output>
          </reporter-output>
        </test-method> <!-- canClickSignupCreditCostLink -->
        <test-method status="PASS" signature="canClickSignupLinkInClientReviewsSection()[pri:0, instance:lex.tests.homepage.LexHomepageTests@33f88ab]" name="canClickSignupLinkInClientReviewsSection" duration-ms="928" started-at="2020-09-15T14:33:14Z" finished-at="2020-09-15T14:33:15Z">
          <reporter-output>
          </reporter-output>
        </test-method> <!-- canClickSignupLinkInClientReviewsSection -->
        <test-method status="PASS" signature="canClickSignupLinkInHeroSection()[pri:0, instance:lex.tests.homepage.LexHomepageTests@33f88ab]" name="canClickSignupLinkInHeroSection" duration-ms="925" started-at="2020-09-15T14:33:15Z" finished-at="2020-09-15T14:33:15Z">
          <reporter-output>
          </reporter-output>
        </test-method> <!-- canClickSignupLinkInHeroSection -->
        <test-method status="SKIP" signature="canClickSignupLinkInImageRevealSection()[pri:0, instance:lex.tests.homepage.LexHomepageTests@33f88ab]" name="canClickSignupLinkInImageRevealSection" duration-ms="274" started-at="2020-09-15T14:33:15Z" finished-at="2020-09-15T14:33:16Z">
          <exception class="java.lang.AssertionError">
            <message>
              <![CDATA[expected [true] but found [false]]]>
            </message>
            <full-stacktrace>
              <![CDATA[java.lang.AssertionError: expected [true] but found [false]
at org.testng.Assert.fail(Assert.java:96)
at org.testng.Assert.failNotEquals(Assert.java:776)
at org.testng.Assert.assertTrue(Assert.java:44)
at org.testng.Assert.assertTrue(Assert.java:54)
at lex.tests.homepage.LexHomepageTests.canClickSignupLinkInImageRevealSection(LexHomepageTests.java:179)
at sun.reflect.NativeMethodAccessorImpl.invoke0(Native Method)
at sun.reflect.NativeMethodAccessorImpl.invoke(NativeMethodAccessorImpl.java:62)
at sun.reflect.DelegatingMethodAccessorImpl.invoke(DelegatingMethodAccessorImpl.java:43)
at java.lang.reflect.Method.invoke(Method.java:498)
at org.testng.internal.MethodInvocationHelper.invokeMethod(MethodInvocationHelper.java:124)
at org.testng.internal.Invoker.invokeMethod(Invoker.java:583)
at org.testng.internal.Invoker.invokeTestMethod(Invoker.java:719)
at org.testng.internal.Invoker.invokeTestMethods(Invoker.java:989)
at org.testng.internal.TestMethodWorker.invokeTestMethods(TestMethodWorker.java:125)
at org.testng.internal.TestMethodWorker.run(TestMethodWorker.java:109)
at org.testng.TestRunner.privateRun(TestRunner.java:648)
at org.testng.TestRunner.run(TestRunner.java:505)
at org.testng.SuiteRunner.runTest(SuiteRunner.java:455)
at org.testng.SuiteRunner.runSequentially(SuiteRunner.java:450)
at org.testng.SuiteRunner.privateRun(SuiteRunner.java:415)
at org.testng.SuiteRunner.run(SuiteRunner.java:364)
at org.testng.SuiteRunnerWorker.runSuite(SuiteRunnerWorker.java:52)
at org.testng.SuiteRunnerWorker.run(SuiteRunnerWorker.java:84)
at org.testng.TestNG.runSuitesSequentially(TestNG.java:1208)
at org.testng.TestNG.runSuitesLocally(TestNG.java:1137)
at org.testng.TestNG.runSuites(TestNG.java:1049)
at org.testng.TestNG.run(TestNG.java:1017)
at org.apache.maven.surefire.testng.TestNGExecutor.run(TestNGExecutor.java:284)
at org.apache.maven.surefire.testng.TestNGXmlTestSuite.execute(TestNGXmlTestSuite.java:75)
at org.apache.maven.surefire.testng.TestNGProvider.invoke(TestNGProvider.java:119)
at org.apache.maven.surefire.booter.ForkedBooter.runSuitesInProcess(ForkedBooter.java:428)
at org.apache.maven.surefire.booter.ForkedBooter.execute(ForkedBooter.java:162)
at org.apache.maven.surefire.booter.ForkedBooter.run(ForkedBooter.java:562)
at org.apache.maven.surefire.booter.ForkedBooter.main(ForkedBooter.java:548)
]]>
            </full-stacktrace>
          </exception> <!-- java.lang.AssertionError -->
          <reporter-output>
          </reporter-output>
        </test-method> <!-- canClickSignupLinkInImageRevealSection -->
        <test-method status="PASS" signature="canClickSignupLinkInImageRevealSection()[pri:0, instance:lex.tests.homepage.LexHomepageTests@33f88ab]" name="canClickSignupLinkInImageRevealSection" duration-ms="969" started-at="2020-09-15T14:33:16Z" finished-at="2020-09-15T14:33:17Z">
          <reporter-output>
          </reporter-output>
        </test-method> <!-- canClickSignupLinkInImageRevealSection -->
        <test-method status="PASS" signature="canNavigateToCreditHelp()[pri:0, instance:lex.tests.homepage.LexHomepageTests@33f88ab]" name="canNavigateToCreditHelp" duration-ms="1755" started-at="2020-09-15T14:33:17Z" finished-at="2020-09-15T14:33:18Z">
          <reporter-output>
          </reporter-output>
        </test-method> <!-- canNavigateToCreditHelp -->
        <test-method status="PASS" signature="canNavigateToCreditRepair()[pri:0, instance:lex.tests.homepage.LexHomepageTests@33f88ab]" name="canNavigateToCreditRepair" duration-ms="1005" started-at="2020-09-15T14:33:18Z" finished-at="2020-09-15T14:33:19Z">
          <reporter-output>
          </reporter-output>
        </test-method> <!-- canNavigateToCreditRepair -->
        <test-method status="PASS" signature="canNavigateToOurFirm()[pri:0, instance:lex.tests.homepage.LexHomepageTests@33f88ab]" name="canNavigateToOurFirm" duration-ms="1111" started-at="2020-09-15T14:33:19Z" finished-at="2020-09-15T14:33:21Z">
          <reporter-output>
          </reporter-output>
        </test-method> <!-- canNavigateToOurFirm -->
        <test-method status="PASS" signature="canNavigateToSignUp()[pri:0, instance:lex.tests.homepage.LexHomepageTests@33f88ab]" name="canNavigateToSignUp" duration-ms="965" started-at="2020-09-15T14:33:21Z" finished-at="2020-09-15T14:33:22Z">
          <reporter-output>
          </reporter-output>
        </test-method> <!-- canNavigateToSignUp -->
        <test-method status="SKIP" signature="canSeeGoDaddySeal()[pri:0, instance:lex.tests.homepage.LexHomepageTests@33f88ab]" name="canSeeGoDaddySeal" duration-ms="5209" started-at="2020-09-15T14:33:22Z" finished-at="2020-09-15T14:33:27Z">
          <exception class="java.lang.AssertionError">
            <message>
              <![CDATA[expected [true] but found [false]]]>
            </message>
            <full-stacktrace>
              <![CDATA[java.lang.AssertionError: expected [true] but found [false]
at org.testng.Assert.fail(Assert.java:96)
at org.testng.Assert.failNotEquals(Assert.java:776)
at org.testng.Assert.assertTrue(Assert.java:44)
at org.testng.Assert.assertTrue(Assert.java:54)
at lex.tests.homepage.LexHomepageTests.canSeeGoDaddySeal(LexHomepageTests.java:221)
at sun.reflect.NativeMethodAccessorImpl.invoke0(Native Method)
at sun.reflect.NativeMethodAccessorImpl.invoke(NativeMethodAccessorImpl.java:62)
at sun.reflect.DelegatingMethodAccessorImpl.invoke(DelegatingMethodAccessorImpl.java:43)
at java.lang.reflect.Method.invoke(Method.java:498)
at org.testng.internal.MethodInvocationHelper.invokeMethod(MethodInvocationHelper.java:124)
at org.testng.internal.Invoker.invokeMethod(Invoker.java:583)
at org.testng.internal.Invoker.invokeTestMethod(Invoker.java:719)
at org.testng.internal.Invoker.invokeTestMethods(Invoker.java:989)
at org.testng.internal.TestMethodWorker.invokeTestMethods(TestMethodWorker.java:125)
at org.testng.internal.TestMethodWorker.run(TestMethodWorker.java:109)
at org.testng.TestRunner.privateRun(TestRunner.java:648)
at org.testng.TestRunner.run(TestRunner.java:505)
at org.testng.SuiteRunner.runTest(SuiteRunner.java:455)
at org.testng.SuiteRunner.runSequentially(SuiteRunner.java:450)
at org.testng.SuiteRunner.privateRun(SuiteRunner.java:415)
at org.testng.SuiteRunner.run(SuiteRunner.java:364)
at org.testng.SuiteRunnerWorker.runSuite(SuiteRunnerWorker.java:52)
at org.testng.SuiteRunnerWorker.run(SuiteRunnerWorker.java:84)
at org.testng.TestNG.runSuitesSequentially(TestNG.java:1208)
at org.testng.TestNG.runSuitesLocally(TestNG.java:1137)
at org.testng.TestNG.runSuites(TestNG.java:1049)
at org.testng.TestNG.run(TestNG.java:1017)
at org.apache.maven.surefire.testng.TestNGExecutor.run(TestNGExecutor.java:284)
at org.apache.maven.surefire.testng.TestNGXmlTestSuite.execute(TestNGXmlTestSuite.java:75)
at org.apache.maven.surefire.testng.TestNGProvider.invoke(TestNGProvider.java:119)
at org.apache.maven.surefire.booter.ForkedBooter.runSuitesInProcess(ForkedBooter.java:428)
at org.apache.maven.surefire.booter.ForkedBooter.execute(ForkedBooter.java:162)
at org.apache.maven.surefire.booter.ForkedBooter.run(ForkedBooter.java:562)
at org.apache.maven.surefire.booter.ForkedBooter.main(ForkedBooter.java:548)
]]>
            </full-stacktrace>
          </exception> <!-- java.lang.AssertionError -->
          <reporter-output>
          </reporter-output>
        </test-method> <!-- canSeeGoDaddySeal -->
        <test-method status="SKIP" signature="canSeeGoDaddySeal()[pri:0, instance:lex.tests.homepage.LexHomepageTests@33f88ab]" name="canSeeGoDaddySeal" duration-ms="5446" started-at="2020-09-15T14:33:27Z" finished-at="2020-09-15T14:33:32Z">
          <exception class="java.lang.AssertionError">
            <message>
              <![CDATA[expected [true] but found [false]]]>
            </message>
            <full-stacktrace>
              <![CDATA[java.lang.AssertionError: expected [true] but found [false]
at org.testng.Assert.fail(Assert.java:96)
at org.testng.Assert.failNotEquals(Assert.java:776)
at org.testng.Assert.assertTrue(Assert.java:44)
at org.testng.Assert.assertTrue(Assert.java:54)
at lex.tests.homepage.LexHomepageTests.canSeeGoDaddySeal(LexHomepageTests.java:221)
at sun.reflect.NativeMethodAccessorImpl.invoke0(Native Method)
at sun.reflect.NativeMethodAccessorImpl.invoke(NativeMethodAccessorImpl.java:62)
at sun.reflect.DelegatingMethodAccessorImpl.invoke(DelegatingMethodAccessorImpl.java:43)
at java.lang.reflect.Method.invoke(Method.java:498)
at org.testng.internal.MethodInvocationHelper.invokeMethod(MethodInvocationHelper.java:124)
at org.testng.internal.Invoker.invokeMethod(Invoker.java:583)
at org.testng.internal.Invoker.retryFailed(Invoker.java:839)
at org.testng.internal.Invoker.invokeTestMethods(Invoker.java:1010)
at org.testng.internal.TestMethodWorker.invokeTestMethods(TestMethodWorker.java:125)
at org.testng.internal.TestMethodWorker.run(TestMethodWorker.java:109)
at org.testng.TestRunner.privateRun(TestRunner.java:648)
at org.testng.TestRunner.run(TestRunner.java:505)
at org.testng.SuiteRunner.runTest(SuiteRunner.java:455)
at org.testng.SuiteRunner.runSequentially(SuiteRunner.java:450)
at org.testng.SuiteRunner.privateRun(SuiteRunner.java:415)
at org.testng.SuiteRunner.run(SuiteRunner.java:364)
at org.testng.SuiteRunnerWorker.runSuite(SuiteRunnerWorker.java:52)
at org.testng.SuiteRunnerWorker.run(SuiteRunnerWorker.java:84)
at org.testng.TestNG.runSuitesSequentially(TestNG.java:1208)
at org.testng.TestNG.runSuitesLocally(TestNG.java:1137)
at org.testng.TestNG.runSuites(TestNG.java:1049)
at org.testng.TestNG.run(TestNG.java:1017)
at org.apache.maven.surefire.testng.TestNGExecutor.run(TestNGExecutor.java:284)
at org.apache.maven.surefire.testng.TestNGXmlTestSuite.execute(TestNGXmlTestSuite.java:75)
at org.apache.maven.surefire.testng.TestNGProvider.invoke(TestNGProvider.java:119)
at org.apache.maven.surefire.booter.ForkedBooter.runSuitesInProcess(ForkedBooter.java:428)
at org.apache.maven.surefire.booter.ForkedBooter.execute(ForkedBooter.java:162)
at org.apache.maven.surefire.booter.ForkedBooter.run(ForkedBooter.java:562)
at org.apache.maven.surefire.booter.ForkedBooter.main(ForkedBooter.java:548)
]]>
            </full-stacktrace>
          </exception> <!-- java.lang.AssertionError -->
          <reporter-output>
          </reporter-output>
        </test-method> <!-- canSeeGoDaddySeal -->
        <test-method status="SKIP" signature="canSeeGoDaddySeal()[pri:0, instance:lex.tests.homepage.LexHomepageTests@33f88ab]" name="canSeeGoDaddySeal" duration-ms="5463" started-at="2020-09-15T14:33:32Z" finished-at="2020-09-15T14:33:38Z">
          <exception class="java.lang.AssertionError">
            <message>
              <![CDATA[expected [true] but found [false]]]>
            </message>
            <full-stacktrace>
              <![CDATA[java.lang.AssertionError: expected [true] but found [false]
at org.testng.Assert.fail(Assert.java:96)
at org.testng.Assert.failNotEquals(Assert.java:776)
at org.testng.Assert.assertTrue(Assert.java:44)
at org.testng.Assert.assertTrue(Assert.java:54)
at lex.tests.homepage.LexHomepageTests.canSeeGoDaddySeal(LexHomepageTests.java:221)
at sun.reflect.NativeMethodAccessorImpl.invoke0(Native Method)
at sun.reflect.NativeMethodAccessorImpl.invoke(NativeMethodAccessorImpl.java:62)
at sun.reflect.DelegatingMethodAccessorImpl.invoke(DelegatingMethodAccessorImpl.java:43)
at java.lang.reflect.Method.invoke(Method.java:498)
at org.testng.internal.MethodInvocationHelper.invokeMethod(MethodInvocationHelper.java:124)
at org.testng.internal.Invoker.invokeMethod(Invoker.java:583)
at org.testng.internal.Invoker.retryFailed(Invoker.java:839)
at org.testng.internal.Invoker.invokeTestMethods(Invoker.java:1010)
at org.testng.internal.TestMethodWorker.invokeTestMethods(TestMethodWorker.java:125)
at org.testng.internal.TestMethodWorker.run(TestMethodWorker.java:109)
at org.testng.TestRunner.privateRun(TestRunner.java:648)
at org.testng.TestRunner.run(TestRunner.java:505)
at org.testng.SuiteRunner.runTest(SuiteRunner.java:455)
at org.testng.SuiteRunner.runSequentially(SuiteRunner.java:450)
at org.testng.SuiteRunner.privateRun(SuiteRunner.java:415)
at org.testng.SuiteRunner.run(SuiteRunner.java:364)
at org.testng.SuiteRunnerWorker.runSuite(SuiteRunnerWorker.java:52)
at org.testng.SuiteRunnerWorker.run(SuiteRunnerWorker.java:84)
at org.testng.TestNG.runSuitesSequentially(TestNG.java:1208)
at org.testng.TestNG.runSuitesLocally(TestNG.java:1137)
at org.testng.TestNG.runSuites(TestNG.java:1049)
at org.testng.TestNG.run(TestNG.java:1017)
at org.apache.maven.surefire.testng.TestNGExecutor.run(TestNGExecutor.java:284)
at org.apache.maven.surefire.testng.TestNGXmlTestSuite.execute(TestNGXmlTestSuite.java:75)
at org.apache.maven.surefire.testng.TestNGProvider.invoke(TestNGProvider.java:119)
at org.apache.maven.surefire.booter.ForkedBooter.runSuitesInProcess(ForkedBooter.java:428)
at org.apache.maven.surefire.booter.ForkedBooter.execute(ForkedBooter.java:162)
at org.apache.maven.surefire.booter.ForkedBooter.run(ForkedBooter.java:562)
at org.apache.maven.surefire.booter.ForkedBooter.main(ForkedBooter.java:548)
]]>
            </full-stacktrace>
          </exception> <!-- java.lang.AssertionError -->
          <reporter-output>
          </reporter-output>
        </test-method> <!-- canSeeGoDaddySeal -->
        <test-method status="SKIP" signature="canSeeGoDaddySeal()[pri:0, instance:lex.tests.homepage.LexHomepageTests@33f88ab]" name="canSeeGoDaddySeal" duration-ms="5213" started-at="2020-09-15T14:33:38Z" finished-at="2020-09-15T14:33:43Z">
          <exception class="java.lang.AssertionError">
            <message>
              <![CDATA[expected [true] but found [false]]]>
            </message>
            <full-stacktrace>
              <![CDATA[java.lang.AssertionError: expected [true] but found [false]
at org.testng.Assert.fail(Assert.java:96)
at org.testng.Assert.failNotEquals(Assert.java:776)
at org.testng.Assert.assertTrue(Assert.java:44)
at org.testng.Assert.assertTrue(Assert.java:54)
at lex.tests.homepage.LexHomepageTests.canSeeGoDaddySeal(LexHomepageTests.java:221)
at sun.reflect.NativeMethodAccessorImpl.invoke0(Native Method)
at sun.reflect.NativeMethodAccessorImpl.invoke(NativeMethodAccessorImpl.java:62)
at sun.reflect.DelegatingMethodAccessorImpl.invoke(DelegatingMethodAccessorImpl.java:43)
at java.lang.reflect.Method.invoke(Method.java:498)
at org.testng.internal.MethodInvocationHelper.invokeMethod(MethodInvocationHelper.java:124)
at org.testng.internal.Invoker.invokeMethod(Invoker.java:583)
at org.testng.internal.Invoker.retryFailed(Invoker.java:839)
at org.testng.internal.Invoker.invokeTestMethods(Invoker.java:1010)
at org.testng.internal.TestMethodWorker.invokeTestMethods(TestMethodWorker.java:125)
at org.testng.internal.TestMethodWorker.run(TestMethodWorker.java:109)
at org.testng.TestRunner.privateRun(TestRunner.java:648)
at org.testng.TestRunner.run(TestRunner.java:505)
at org.testng.SuiteRunner.runTest(SuiteRunner.java:455)
at org.testng.SuiteRunner.runSequentially(SuiteRunner.java:450)
at org.testng.SuiteRunner.privateRun(SuiteRunner.java:415)
at org.testng.SuiteRunner.run(SuiteRunner.java:364)
at org.testng.SuiteRunnerWorker.runSuite(SuiteRunnerWorker.java:52)
at org.testng.SuiteRunnerWorker.run(SuiteRunnerWorker.java:84)
at org.testng.TestNG.runSuitesSequentially(TestNG.java:1208)
at org.testng.TestNG.runSuitesLocally(TestNG.java:1137)
at org.testng.TestNG.runSuites(TestNG.java:1049)
at org.testng.TestNG.run(TestNG.java:1017)
at org.apache.maven.surefire.testng.TestNGExecutor.run(TestNGExecutor.java:284)
at org.apache.maven.surefire.testng.TestNGXmlTestSuite.execute(TestNGXmlTestSuite.java:75)
at org.apache.maven.surefire.testng.TestNGProvider.invoke(TestNGProvider.java:119)
at org.apache.maven.surefire.booter.ForkedBooter.runSuitesInProcess(ForkedBooter.java:428)
at org.apache.maven.surefire.booter.ForkedBooter.execute(ForkedBooter.java:162)
at org.apache.maven.surefire.booter.ForkedBooter.run(ForkedBooter.java:562)
at org.apache.maven.surefire.booter.ForkedBooter.main(ForkedBooter.java:548)
]]>
            </full-stacktrace>
          </exception> <!-- java.lang.AssertionError -->
          <reporter-output>
          </reporter-output>
        </test-method> <!-- canSeeGoDaddySeal -->
        <test-method status="FAIL" signature="canSeeGoDaddySeal()[pri:0, instance:lex.tests.homepage.LexHomepageTests@33f88ab]" name="canSeeGoDaddySeal" duration-ms="5449" started-at="2020-09-15T14:33:43Z" finished-at="2020-09-15T14:33:48Z">
          <exception class="java.lang.AssertionError">
            <message>
              <![CDATA[expected [true] but found [false]]]>
            </message>
            <full-stacktrace>
              <![CDATA[java.lang.AssertionError: expected [true] but found [false]
at org.testng.Assert.fail(Assert.java:96)
at org.testng.Assert.failNotEquals(Assert.java:776)
at org.testng.Assert.assertTrue(Assert.java:44)
at org.testng.Assert.assertTrue(Assert.java:54)
at lex.tests.homepage.LexHomepageTests.canSeeGoDaddySeal(LexHomepageTests.java:221)
at sun.reflect.NativeMethodAccessorImpl.invoke0(Native Method)
at sun.reflect.NativeMethodAccessorImpl.invoke(NativeMethodAccessorImpl.java:62)
at sun.reflect.DelegatingMethodAccessorImpl.invoke(DelegatingMethodAccessorImpl.java:43)
at java.lang.reflect.Method.invoke(Method.java:498)
at org.testng.internal.MethodInvocationHelper.invokeMethod(MethodInvocationHelper.java:124)
at org.testng.internal.Invoker.invokeMethod(Invoker.java:583)
at org.testng.internal.Invoker.retryFailed(Invoker.java:839)
at org.testng.internal.Invoker.invokeTestMethods(Invoker.java:1010)
at org.testng.internal.TestMethodWorker.invokeTestMethods(TestMethodWorker.java:125)
at org.testng.internal.TestMethodWorker.run(TestMethodWorker.java:109)
at org.testng.TestRunner.privateRun(TestRunner.java:648)
at org.testng.TestRunner.run(TestRunner.java:505)
at org.testng.SuiteRunner.runTest(SuiteRunner.java:455)
at org.testng.SuiteRunner.runSequentially(SuiteRunner.java:450)
at org.testng.SuiteRunner.privateRun(SuiteRunner.java:415)
at org.testng.SuiteRunner.run(SuiteRunner.java:364)
at org.testng.SuiteRunnerWorker.runSuite(SuiteRunnerWorker.java:52)
at org.testng.SuiteRunnerWorker.run(SuiteRunnerWorker.java:84)
at org.testng.TestNG.runSuitesSequentially(TestNG.java:1208)
at org.testng.TestNG.runSuitesLocally(TestNG.java:1137)
at org.testng.TestNG.runSuites(TestNG.java:1049)
at org.testng.TestNG.run(TestNG.java:1017)
at org.apache.maven.surefire.testng.TestNGExecutor.run(TestNGExecutor.java:284)
at org.apache.maven.surefire.testng.TestNGXmlTestSuite.execute(TestNGXmlTestSuite.java:75)
at org.apache.maven.surefire.testng.TestNGProvider.invoke(TestNGProvider.java:119)
at org.apache.maven.surefire.booter.ForkedBooter.runSuitesInProcess(ForkedBooter.java:428)
at org.apache.maven.surefire.booter.ForkedBooter.execute(ForkedBooter.java:162)
at org.apache.maven.surefire.booter.ForkedBooter.run(ForkedBooter.java:562)
at org.apache.maven.surefire.booter.ForkedBooter.main(ForkedBooter.java:548)
]]>
            </full-stacktrace>
          </exception> <!-- java.lang.AssertionError -->
          <reporter-output>
          </reporter-output>
        </test-method> <!-- canSeeGoDaddySeal -->
        <test-method status="PASS" signature="isAtHomepage()[pri:0, instance:lex.tests.homepage.LexHomepageTests@33f88ab]" name="isAtHomepage" duration-ms="222" started-at="2020-09-15T14:33:48Z" finished-at="2020-09-15T14:33:49Z">
          <reporter-output>
          </reporter-output>
        </test-method> <!-- isAtHomepage -->
        <test-method status="PASS" signature="afterSuite()[pri:0, instance:lex.tests.homepage.LexHomepageTests@33f88ab]" name="afterSuite" is-config="true" duration-ms="142" started-at="2020-09-15T14:33:49Z" finished-at="2020-09-15T14:33:49Z">
          <reporter-output>
          </reporter-output>
        </test-method> <!-- afterSuite -->
      </class> <!-- lex.tests.homepage.LexHomepageTests -->
      <class name="lex.tests.snapshot.LexSnapshotTests">
        <test-method status="PASS" signature="beforeSuite()[pri:0, instance:lex.tests.snapshot.LexSnapshotTests@2d8f65a4]" name="beforeSuite" is-config="true" duration-ms="236" started-at="2020-09-15T14:35:20Z" finished-at="2020-09-15T14:35:20Z">
          <reporter-output>
          </reporter-output>
        </test-method> <!-- beforeSuite -->
        <test-method status="PASS" signature="canClickCheckYourCreditNowCTA()[pri:0, instance:lex.tests.snapshot.LexSnapshotTests@2d8f65a4]" name="canClickCheckYourCreditNowCTA" duration-ms="2669" started-at="2020-09-15T14:35:20Z" finished-at="2020-09-15T14:35:22Z">
          <reporter-output>
          </reporter-output>
        </test-method> <!-- canClickCheckYourCreditNowCTA -->
        <test-method status="PASS" signature="canClickCheckYourCreditNowInModal()[pri:0, instance:lex.tests.snapshot.LexSnapshotTests@2d8f65a4]" name="canClickCheckYourCreditNowInModal" duration-ms="1737" started-at="2020-09-15T14:35:22Z" finished-at="2020-09-15T14:35:24Z">
          <reporter-output>
          </reporter-output>
        </test-method> <!-- canClickCheckYourCreditNowInModal -->
        <test-method status="PASS" signature="canClickGetStartedInKnowYourCreditScore()[pri:0, instance:lex.tests.snapshot.LexSnapshotTests@2d8f65a4]" name="canClickGetStartedInKnowYourCreditScore" duration-ms="1854" started-at="2020-09-15T14:35:24Z" finished-at="2020-09-15T14:35:26Z">
          <reporter-output>
          </reporter-output>
        </test-method> <!-- canClickGetStartedInKnowYourCreditScore -->
        <test-method status="PASS" signature="canClickGetStartedNowInHowItWorks()[pri:0, instance:lex.tests.snapshot.LexSnapshotTests@2d8f65a4]" name="canClickGetStartedNowInHowItWorks" duration-ms="1811" started-at="2020-09-15T14:35:26Z" finished-at="2020-09-15T14:35:28Z">
          <reporter-output>
          </reporter-output>
        </test-method> <!-- canClickGetStartedNowInHowItWorks -->
        <test-method status="PASS" signature="canClickLoginButton()[pri:0, instance:lex.tests.snapshot.LexSnapshotTests@2d8f65a4]" name="canClickLoginButton" duration-ms="1817" started-at="2020-09-15T14:35:28Z" finished-at="2020-09-15T14:35:30Z">
          <reporter-output>
          </reporter-output>
        </test-method> <!-- canClickLoginButton -->
        <test-method status="PASS" signature="canClickSeeYourCreditNowInFAQ()[pri:0, instance:lex.tests.snapshot.LexSnapshotTests@2d8f65a4]" name="canClickSeeYourCreditNowInFAQ" duration-ms="1981" started-at="2020-09-15T14:35:30Z" finished-at="2020-09-15T14:35:32Z">
          <reporter-output>
          </reporter-output>
        </test-method> <!-- canClickSeeYourCreditNowInFAQ -->
        <test-method status="PASS" signature="canClickSignupCTA()[pri:0, instance:lex.tests.snapshot.LexSnapshotTests@2d8f65a4]" name="canClickSignupCTA" duration-ms="2375" started-at="2020-09-15T14:35:32Z" finished-at="2020-09-15T14:35:34Z">
          <reporter-output>
          </reporter-output>
        </test-method> <!-- canClickSignupCTA -->
        <test-method status="PASS" signature="canClickSignupInFAQ()[pri:0, instance:lex.tests.snapshot.LexSnapshotTests@2d8f65a4]" name="canClickSignupInFAQ" duration-ms="1822" started-at="2020-09-15T14:35:34Z" finished-at="2020-09-15T14:35:36Z">
          <reporter-output>
          </reporter-output>
        </test-method> <!-- canClickSignupInFAQ -->
        <test-method status="PASS" signature="canClickSignupInHeroImage()[pri:0, instance:lex.tests.snapshot.LexSnapshotTests@2d8f65a4]" name="canClickSignupInHeroImage" duration-ms="1760" started-at="2020-09-15T14:35:36Z" finished-at="2020-09-15T14:35:38Z">
          <reporter-output>
          </reporter-output>
        </test-method> <!-- canClickSignupInHeroImage -->
        <test-method status="PASS" signature="canClickSignupInHowItWorks()[pri:0, instance:lex.tests.snapshot.LexSnapshotTests@2d8f65a4]" name="canClickSignupInHowItWorks" duration-ms="1765" started-at="2020-09-15T14:35:38Z" finished-at="2020-09-15T14:35:39Z">
          <reporter-output>
          </reporter-output>
        </test-method> <!-- canClickSignupInHowItWorks -->
        <test-method status="PASS" signature="canClickSignupInKnowYourCreditScore()[pri:0, instance:lex.tests.snapshot.LexSnapshotTests@2d8f65a4]" name="canClickSignupInKnowYourCreditScore" duration-ms="1805" started-at="2020-09-15T14:35:39Z" finished-at="2020-09-15T14:35:41Z">
          <reporter-output>
          </reporter-output>
        </test-method> <!-- canClickSignupInKnowYourCreditScore -->
        <test-method status="PASS" signature="canClickSignupInModal()[pri:0, instance:lex.tests.snapshot.LexSnapshotTests@2d8f65a4]" name="canClickSignupInModal" duration-ms="1818" started-at="2020-09-15T14:35:41Z" finished-at="2020-09-15T14:35:43Z">
          <reporter-output>
          </reporter-output>
        </test-method> <!-- canClickSignupInModal -->
        <test-method status="PASS" signature="canClickStartNowInHeader()[pri:0, instance:lex.tests.snapshot.LexSnapshotTests@2d8f65a4]" name="canClickStartNowInHeader" duration-ms="1755" started-at="2020-09-15T14:35:43Z" finished-at="2020-09-15T14:35:45Z">
          <reporter-output>
          </reporter-output>
        </test-method> <!-- canClickStartNowInHeader -->
        <test-method status="PASS" signature="canClickStartNowInHeroImage()[pri:0, instance:lex.tests.snapshot.LexSnapshotTests@2d8f65a4]" name="canClickStartNowInHeroImage" duration-ms="1927" started-at="2020-09-15T14:35:45Z" finished-at="2020-09-15T14:35:47Z">
          <reporter-output>
          </reporter-output>
        </test-method> <!-- canClickStartNowInHeroImage -->
        <test-method status="SKIP" signature="canSeeGoDaddySeal()[pri:0, instance:lex.tests.snapshot.LexSnapshotTests@2d8f65a4]" name="canSeeGoDaddySeal" duration-ms="5997" started-at="2020-09-15T14:35:47Z" finished-at="2020-09-15T14:35:53Z">
          <exception class="java.lang.AssertionError">
            <message>
              <![CDATA[expected [true] but found [false]]]>
            </message>
            <full-stacktrace>
              <![CDATA[java.lang.AssertionError: expected [true] but found [false]
at org.testng.Assert.fail(Assert.java:96)
at org.testng.Assert.failNotEquals(Assert.java:776)
at org.testng.Assert.assertTrue(Assert.java:44)
at org.testng.Assert.assertTrue(Assert.java:54)
at lex.tests.snapshot.LexSnapshotTests.canSeeGoDaddySeal(LexSnapshotTests.java:260)
at sun.reflect.NativeMethodAccessorImpl.invoke0(Native Method)
at sun.reflect.NativeMethodAccessorImpl.invoke(NativeMethodAccessorImpl.java:62)
at sun.reflect.DelegatingMethodAccessorImpl.invoke(DelegatingMethodAccessorImpl.java:43)
at java.lang.reflect.Method.invoke(Method.java:498)
at org.testng.internal.MethodInvocationHelper.invokeMethod(MethodInvocationHelper.java:124)
at org.testng.internal.Invoker.invokeMethod(Invoker.java:583)
at org.testng.internal.Invoker.invokeTestMethod(Invoker.java:719)
at org.testng.internal.Invoker.invokeTestMethods(Invoker.java:989)
at org.testng.internal.TestMethodWorker.invokeTestMethods(TestMethodWorker.java:125)
at org.testng.internal.TestMethodWorker.run(TestMethodWorker.java:109)
at org.testng.TestRunner.privateRun(TestRunner.java:648)
at org.testng.TestRunner.run(TestRunner.java:505)
at org.testng.SuiteRunner.runTest(SuiteRunner.java:455)
at org.testng.SuiteRunner.runSequentially(SuiteRunner.java:450)
at org.testng.SuiteRunner.privateRun(SuiteRunner.java:415)
at org.testng.SuiteRunner.run(SuiteRunner.java:364)
at org.testng.SuiteRunnerWorker.runSuite(SuiteRunnerWorker.java:52)
at org.testng.SuiteRunnerWorker.run(SuiteRunnerWorker.java:84)
at org.testng.TestNG.runSuitesSequentially(TestNG.java:1208)
at org.testng.TestNG.runSuitesLocally(TestNG.java:1137)
at org.testng.TestNG.runSuites(TestNG.java:1049)
at org.testng.TestNG.run(TestNG.java:1017)
at org.apache.maven.surefire.testng.TestNGExecutor.run(TestNGExecutor.java:284)
at org.apache.maven.surefire.testng.TestNGXmlTestSuite.execute(TestNGXmlTestSuite.java:75)
at org.apache.maven.surefire.testng.TestNGProvider.invoke(TestNGProvider.java:119)
at org.apache.maven.surefire.booter.ForkedBooter.runSuitesInProcess(ForkedBooter.java:428)
at org.apache.maven.surefire.booter.ForkedBooter.execute(ForkedBooter.java:162)
at org.apache.maven.surefire.booter.ForkedBooter.run(ForkedBooter.java:562)
at org.apache.maven.surefire.booter.ForkedBooter.main(ForkedBooter.java:548)
]]>
            </full-stacktrace>
          </exception> <!-- java.lang.AssertionError -->
          <reporter-output>
          </reporter-output>
        </test-method> <!-- canSeeGoDaddySeal -->
        <test-method status="SKIP" signature="canSeeGoDaddySeal()[pri:0, instance:lex.tests.snapshot.LexSnapshotTests@2d8f65a4]" name="canSeeGoDaddySeal" duration-ms="6077" started-at="2020-09-15T14:35:53Z" finished-at="2020-09-15T14:35:59Z">
          <exception class="java.lang.AssertionError">
            <message>
              <![CDATA[expected [true] but found [false]]]>
            </message>
            <full-stacktrace>
              <![CDATA[java.lang.AssertionError: expected [true] but found [false]
at org.testng.Assert.fail(Assert.java:96)
at org.testng.Assert.failNotEquals(Assert.java:776)
at org.testng.Assert.assertTrue(Assert.java:44)
at org.testng.Assert.assertTrue(Assert.java:54)
at lex.tests.snapshot.LexSnapshotTests.canSeeGoDaddySeal(LexSnapshotTests.java:260)
at sun.reflect.NativeMethodAccessorImpl.invoke0(Native Method)
at sun.reflect.NativeMethodAccessorImpl.invoke(NativeMethodAccessorImpl.java:62)
at sun.reflect.DelegatingMethodAccessorImpl.invoke(DelegatingMethodAccessorImpl.java:43)
at java.lang.reflect.Method.invoke(Method.java:498)
at org.testng.internal.MethodInvocationHelper.invokeMethod(MethodInvocationHelper.java:124)
at org.testng.internal.Invoker.invokeMethod(Invoker.java:583)
at org.testng.internal.Invoker.retryFailed(Invoker.java:839)
at org.testng.internal.Invoker.invokeTestMethods(Invoker.java:1010)
at org.testng.internal.TestMethodWorker.invokeTestMethods(TestMethodWorker.java:125)
at org.testng.internal.TestMethodWorker.run(TestMethodWorker.java:109)
at org.testng.TestRunner.privateRun(TestRunner.java:648)
at org.testng.TestRunner.run(TestRunner.java:505)
at org.testng.SuiteRunner.runTest(SuiteRunner.java:455)
at org.testng.SuiteRunner.runSequentially(SuiteRunner.java:450)
at org.testng.SuiteRunner.privateRun(SuiteRunner.java:415)
at org.testng.SuiteRunner.run(SuiteRunner.java:364)
at org.testng.SuiteRunnerWorker.runSuite(SuiteRunnerWorker.java:52)
at org.testng.SuiteRunnerWorker.run(SuiteRunnerWorker.java:84)
at org.testng.TestNG.runSuitesSequentially(TestNG.java:1208)
at org.testng.TestNG.runSuitesLocally(TestNG.java:1137)
at org.testng.TestNG.runSuites(TestNG.java:1049)
at org.testng.TestNG.run(TestNG.java:1017)
at org.apache.maven.surefire.testng.TestNGExecutor.run(TestNGExecutor.java:284)
at org.apache.maven.surefire.testng.TestNGXmlTestSuite.execute(TestNGXmlTestSuite.java:75)
at org.apache.maven.surefire.testng.TestNGProvider.invoke(TestNGProvider.java:119)
at org.apache.maven.surefire.booter.ForkedBooter.runSuitesInProcess(ForkedBooter.java:428)
at org.apache.maven.surefire.booter.ForkedBooter.execute(ForkedBooter.java:162)
at org.apache.maven.surefire.booter.ForkedBooter.run(ForkedBooter.java:562)
at org.apache.maven.surefire.booter.ForkedBooter.main(ForkedBooter.java:548)
]]>
            </full-stacktrace>
          </exception> <!-- java.lang.AssertionError -->
          <reporter-output>
          </reporter-output>
        </test-method> <!-- canSeeGoDaddySeal -->
        <test-method status="SKIP" signature="canSeeGoDaddySeal()[pri:0, instance:lex.tests.snapshot.LexSnapshotTests@2d8f65a4]" name="canSeeGoDaddySeal" duration-ms="6008" started-at="2020-09-15T14:35:59Z" finished-at="2020-09-15T14:36:05Z">
          <exception class="java.lang.AssertionError">
            <message>
              <![CDATA[expected [true] but found [false]]]>
            </message>
            <full-stacktrace>
              <![CDATA[java.lang.AssertionError: expected [true] but found [false]
at org.testng.Assert.fail(Assert.java:96)
at org.testng.Assert.failNotEquals(Assert.java:776)
at org.testng.Assert.assertTrue(Assert.java:44)
at org.testng.Assert.assertTrue(Assert.java:54)
at lex.tests.snapshot.LexSnapshotTests.canSeeGoDaddySeal(LexSnapshotTests.java:260)
at sun.reflect.NativeMethodAccessorImpl.invoke0(Native Method)
at sun.reflect.NativeMethodAccessorImpl.invoke(NativeMethodAccessorImpl.java:62)
at sun.reflect.DelegatingMethodAccessorImpl.invoke(DelegatingMethodAccessorImpl.java:43)
at java.lang.reflect.Method.invoke(Method.java:498)
at org.testng.internal.MethodInvocationHelper.invokeMethod(MethodInvocationHelper.java:124)
at org.testng.internal.Invoker.invokeMethod(Invoker.java:583)
at org.testng.internal.Invoker.retryFailed(Invoker.java:839)
at org.testng.internal.Invoker.invokeTestMethods(Invoker.java:1010)
at org.testng.internal.TestMethodWorker.invokeTestMethods(TestMethodWorker.java:125)
at org.testng.internal.TestMethodWorker.run(TestMethodWorker.java:109)
at org.testng.TestRunner.privateRun(TestRunner.java:648)
at org.testng.TestRunner.run(TestRunner.java:505)
at org.testng.SuiteRunner.runTest(SuiteRunner.java:455)
at org.testng.SuiteRunner.runSequentially(SuiteRunner.java:450)
at org.testng.SuiteRunner.privateRun(SuiteRunner.java:415)
at org.testng.SuiteRunner.run(SuiteRunner.java:364)
at org.testng.SuiteRunnerWorker.runSuite(SuiteRunnerWorker.java:52)
at org.testng.SuiteRunnerWorker.run(SuiteRunnerWorker.java:84)
at org.testng.TestNG.runSuitesSequentially(TestNG.java:1208)
at org.testng.TestNG.runSuitesLocally(TestNG.java:1137)
at org.testng.TestNG.runSuites(TestNG.java:1049)
at org.testng.TestNG.run(TestNG.java:1017)
at org.apache.maven.surefire.testng.TestNGExecutor.run(TestNGExecutor.java:284)
at org.apache.maven.surefire.testng.TestNGXmlTestSuite.execute(TestNGXmlTestSuite.java:75)
at org.apache.maven.surefire.testng.TestNGProvider.invoke(TestNGProvider.java:119)
at org.apache.maven.surefire.booter.ForkedBooter.runSuitesInProcess(ForkedBooter.java:428)
at org.apache.maven.surefire.booter.ForkedBooter.execute(ForkedBooter.java:162)
at org.apache.maven.surefire.booter.ForkedBooter.run(ForkedBooter.java:562)
at org.apache.maven.surefire.booter.ForkedBooter.main(ForkedBooter.java:548)
]]>
            </full-stacktrace>
          </exception> <!-- java.lang.AssertionError -->
          <reporter-output>
          </reporter-output>
        </test-method> <!-- canSeeGoDaddySeal -->
        <test-method status="SKIP" signature="canSeeGoDaddySeal()[pri:0, instance:lex.tests.snapshot.LexSnapshotTests@2d8f65a4]" name="canSeeGoDaddySeal" duration-ms="6035" started-at="2020-09-15T14:36:05Z" finished-at="2020-09-15T14:36:11Z">
          <exception class="java.lang.AssertionError">
            <message>
              <![CDATA[expected [true] but found [false]]]>
            </message>
            <full-stacktrace>
              <![CDATA[java.lang.AssertionError: expected [true] but found [false]
at org.testng.Assert.fail(Assert.java:96)
at org.testng.Assert.failNotEquals(Assert.java:776)
at org.testng.Assert.assertTrue(Assert.java:44)
at org.testng.Assert.assertTrue(Assert.java:54)
at lex.tests.snapshot.LexSnapshotTests.canSeeGoDaddySeal(LexSnapshotTests.java:260)
at sun.reflect.NativeMethodAccessorImpl.invoke0(Native Method)
at sun.reflect.NativeMethodAccessorImpl.invoke(NativeMethodAccessorImpl.java:62)
at sun.reflect.DelegatingMethodAccessorImpl.invoke(DelegatingMethodAccessorImpl.java:43)
at java.lang.reflect.Method.invoke(Method.java:498)
at org.testng.internal.MethodInvocationHelper.invokeMethod(MethodInvocationHelper.java:124)
at org.testng.internal.Invoker.invokeMethod(Invoker.java:583)
at org.testng.internal.Invoker.retryFailed(Invoker.java:839)
at org.testng.internal.Invoker.invokeTestMethods(Invoker.java:1010)
at org.testng.internal.TestMethodWorker.invokeTestMethods(TestMethodWorker.java:125)
at org.testng.internal.TestMethodWorker.run(TestMethodWorker.java:109)
at org.testng.TestRunner.privateRun(TestRunner.java:648)
at org.testng.TestRunner.run(TestRunner.java:505)
at org.testng.SuiteRunner.runTest(SuiteRunner.java:455)
at org.testng.SuiteRunner.runSequentially(SuiteRunner.java:450)
at org.testng.SuiteRunner.privateRun(SuiteRunner.java:415)
at org.testng.SuiteRunner.run(SuiteRunner.java:364)
at org.testng.SuiteRunnerWorker.runSuite(SuiteRunnerWorker.java:52)
at org.testng.SuiteRunnerWorker.run(SuiteRunnerWorker.java:84)
at org.testng.TestNG.runSuitesSequentially(TestNG.java:1208)
at org.testng.TestNG.runSuitesLocally(TestNG.java:1137)
at org.testng.TestNG.runSuites(TestNG.java:1049)
at org.testng.TestNG.run(TestNG.java:1017)
at org.apache.maven.surefire.testng.TestNGExecutor.run(TestNGExecutor.java:284)
at org.apache.maven.surefire.testng.TestNGXmlTestSuite.execute(TestNGXmlTestSuite.java:75)
at org.apache.maven.surefire.testng.TestNGProvider.invoke(TestNGProvider.java:119)
at org.apache.maven.surefire.booter.ForkedBooter.runSuitesInProcess(ForkedBooter.java:428)
at org.apache.maven.surefire.booter.ForkedBooter.execute(ForkedBooter.java:162)
at org.apache.maven.surefire.booter.ForkedBooter.run(ForkedBooter.java:562)
at org.apache.maven.surefire.booter.ForkedBooter.main(ForkedBooter.java:548)
]]>
            </full-stacktrace>
          </exception> <!-- java.lang.AssertionError -->
          <reporter-output>
          </reporter-output>
        </test-method> <!-- canSeeGoDaddySeal -->
        <test-method status="FAIL" signature="canSeeGoDaddySeal()[pri:0, instance:lex.tests.snapshot.LexSnapshotTests@2d8f65a4]" name="canSeeGoDaddySeal" duration-ms="5978" started-at="2020-09-15T14:36:11Z" finished-at="2020-09-15T14:36:17Z">
          <exception class="java.lang.AssertionError">
            <message>
              <![CDATA[expected [true] but found [false]]]>
            </message>
            <full-stacktrace>
              <![CDATA[java.lang.AssertionError: expected [true] but found [false]
at org.testng.Assert.fail(Assert.java:96)
at org.testng.Assert.failNotEquals(Assert.java:776)
at org.testng.Assert.assertTrue(Assert.java:44)
at org.testng.Assert.assertTrue(Assert.java:54)
at lex.tests.snapshot.LexSnapshotTests.canSeeGoDaddySeal(LexSnapshotTests.java:260)
at sun.reflect.NativeMethodAccessorImpl.invoke0(Native Method)
at sun.reflect.NativeMethodAccessorImpl.invoke(NativeMethodAccessorImpl.java:62)
at sun.reflect.DelegatingMethodAccessorImpl.invoke(DelegatingMethodAccessorImpl.java:43)
at java.lang.reflect.Method.invoke(Method.java:498)
at org.testng.internal.MethodInvocationHelper.invokeMethod(MethodInvocationHelper.java:124)
at org.testng.internal.Invoker.invokeMethod(Invoker.java:583)
at org.testng.internal.Invoker.retryFailed(Invoker.java:839)
at org.testng.internal.Invoker.invokeTestMethods(Invoker.java:1010)
at org.testng.internal.TestMethodWorker.invokeTestMethods(TestMethodWorker.java:125)
at org.testng.internal.TestMethodWorker.run(TestMethodWorker.java:109)
at org.testng.TestRunner.privateRun(TestRunner.java:648)
at org.testng.TestRunner.run(TestRunner.java:505)
at org.testng.SuiteRunner.runTest(SuiteRunner.java:455)
at org.testng.SuiteRunner.runSequentially(SuiteRunner.java:450)
at org.testng.SuiteRunner.privateRun(SuiteRunner.java:415)
at org.testng.SuiteRunner.run(SuiteRunner.java:364)
at org.testng.SuiteRunnerWorker.runSuite(SuiteRunnerWorker.java:52)
at org.testng.SuiteRunnerWorker.run(SuiteRunnerWorker.java:84)
at org.testng.TestNG.runSuitesSequentially(TestNG.java:1208)
at org.testng.TestNG.runSuitesLocally(TestNG.java:1137)
at org.testng.TestNG.runSuites(TestNG.java:1049)
at org.testng.TestNG.run(TestNG.java:1017)
at org.apache.maven.surefire.testng.TestNGExecutor.run(TestNGExecutor.java:284)
at org.apache.maven.surefire.testng.TestNGXmlTestSuite.execute(TestNGXmlTestSuite.java:75)
at org.apache.maven.surefire.testng.TestNGProvider.invoke(TestNGProvider.java:119)
at org.apache.maven.surefire.booter.ForkedBooter.runSuitesInProcess(ForkedBooter.java:428)
at org.apache.maven.surefire.booter.ForkedBooter.execute(ForkedBooter.java:162)
at org.apache.maven.surefire.booter.ForkedBooter.run(ForkedBooter.java:562)
at org.apache.maven.surefire.booter.ForkedBooter.main(ForkedBooter.java:548)
]]>
            </full-stacktrace>
          </exception> <!-- java.lang.AssertionError -->
          <reporter-output>
          </reporter-output>
        </test-method> <!-- canSeeGoDaddySeal -->
        <test-method status="SKIP" signature="canSubmitForm()[pri:0, instance:lex.tests.snapshot.LexSnapshotTests@2d8f65a4]" name="canSubmitForm" duration-ms="6947" started-at="2020-09-15T14:36:17Z" finished-at="2020-09-15T14:36:24Z">
          <exception class="org.openqa.selenium.TimeoutException">
            <message>
              <![CDATA[Expected condition failed: waiting for url to contain "https://www.lexingtonlaw.com/credit-snapshot/rp". Current url: "https://www.lexingtonlaw.com/l/credit-snapshot" (tried for 5 second(s) with 100 milliseconds interval)
Build info: version: '3.14.0', revision: 'aacccce0', time: '2018-08-02T20:19:58.91Z'
System info: host: 'martech-d01.vwsl.pgx.local', ip: '10.40.30.83', os.name: 'Linux', os.arch: 'amd64', os.version: '3.10.0-1127.el7.x86_64', java.version: '1.8.0_262'
Driver info: org.openqa.selenium.chrome.ChromeDriver
Capabilities {acceptInsecureCerts: false, browserName: chrome, browserVersion: 85.0.4183.102, chrome: {chromedriverVersion: 85.0.4183.87 (cd6713ebf92fa..., userDataDir: /tmp/.com.google.Chrome.0RqjJ7}, goog:chromeOptions: {debuggerAddress: localhost:46103}, javascriptEnabled: true, networkConnectionEnabled: false, pageLoadStrategy: normal, platform: LINUX, platformName: LINUX, proxy: Proxy(), setWindowRect: true, strictFileInteractability: false, timeouts: {implicit: 0, pageLoad: 300000, script: 30000}, unhandledPromptBehavior: dismiss and notify, webauthn:virtualAuthenticators: true}
Session ID: 6c0ce4bfed205413d056d4ce45030d9f]]>
            </message>
            <full-stacktrace>
              <![CDATA[org.openqa.selenium.TimeoutException: Expected condition failed: waiting for url to contain "https://www.lexingtonlaw.com/credit-snapshot/rp". Current url: "https://www.lexingtonlaw.com/l/credit-snapshot" (tried for 5 second(s) with 100 milliseconds interval)
Build info: version: '3.14.0', revision: 'aacccce0', time: '2018-08-02T20:19:58.91Z'
System info: host: 'martech-d01.vwsl.pgx.local', ip: '10.40.30.83', os.name: 'Linux', os.arch: 'amd64', os.version: '3.10.0-1127.el7.x86_64', java.version: '1.8.0_262'
Driver info: org.openqa.selenium.chrome.ChromeDriver
Capabilities {acceptInsecureCerts: false, browserName: chrome, browserVersion: 85.0.4183.102, chrome: {chromedriverVersion: 85.0.4183.87 (cd6713ebf92fa..., userDataDir: /tmp/.com.google.Chrome.0RqjJ7}, goog:chromeOptions: {debuggerAddress: localhost:46103}, javascriptEnabled: true, networkConnectionEnabled: false, pageLoadStrategy: normal, platform: LINUX, platformName: LINUX, proxy: Proxy(), setWindowRect: true, strictFileInteractability: false, timeouts: {implicit: 0, pageLoad: 300000, script: 30000}, unhandledPromptBehavior: dismiss and notify, webauthn:virtualAuthenticators: true}
Session ID: 6c0ce4bfed205413d056d4ce45030d9f
at org.openqa.selenium.support.ui.WebDriverWait.timeoutException(WebDriverWait.java:113)
at org.openqa.selenium.support.ui.FluentWait.until(FluentWait.java:283)
at lex.framework.core.BasePage.waitForURLToContain(BasePage.java:71)
at lex.tests.snapshot.LexSnapshotTests.canSubmitForm(LexSnapshotTests.java:245)
at sun.reflect.NativeMethodAccessorImpl.invoke0(Native Method)
at sun.reflect.NativeMethodAccessorImpl.invoke(NativeMethodAccessorImpl.java:62)
at sun.reflect.DelegatingMethodAccessorImpl.invoke(DelegatingMethodAccessorImpl.java:43)
at java.lang.reflect.Method.invoke(Method.java:498)
at org.testng.internal.MethodInvocationHelper.invokeMethod(MethodInvocationHelper.java:124)
at org.testng.internal.Invoker.invokeMethod(Invoker.java:583)
at org.testng.internal.Invoker.invokeTestMethod(Invoker.java:719)
at org.testng.internal.Invoker.invokeTestMethods(Invoker.java:989)
at org.testng.internal.TestMethodWorker.invokeTestMethods(TestMethodWorker.java:125)
at org.testng.internal.TestMethodWorker.run(TestMethodWorker.java:109)
at org.testng.TestRunner.privateRun(TestRunner.java:648)
at org.testng.TestRunner.run(TestRunner.java:505)
at org.testng.SuiteRunner.runTest(SuiteRunner.java:455)
at org.testng.SuiteRunner.runSequentially(SuiteRunner.java:450)
at org.testng.SuiteRunner.privateRun(SuiteRunner.java:415)
at org.testng.SuiteRunner.run(SuiteRunner.java:364)
at org.testng.SuiteRunnerWorker.runSuite(SuiteRunnerWorker.java:52)
at org.testng.SuiteRunnerWorker.run(SuiteRunnerWorker.java:84)
at org.testng.TestNG.runSuitesSequentially(TestNG.java:1208)
at org.testng.TestNG.runSuitesLocally(TestNG.java:1137)
at org.testng.TestNG.runSuites(TestNG.java:1049)
at org.testng.TestNG.run(TestNG.java:1017)
at org.apache.maven.surefire.testng.TestNGExecutor.run(TestNGExecutor.java:284)
at org.apache.maven.surefire.testng.TestNGXmlTestSuite.execute(TestNGXmlTestSuite.java:75)
at org.apache.maven.surefire.testng.TestNGProvider.invoke(TestNGProvider.java:119)
at org.apache.maven.surefire.booter.ForkedBooter.runSuitesInProcess(ForkedBooter.java:428)
at org.apache.maven.surefire.booter.ForkedBooter.execute(ForkedBooter.java:162)
at org.apache.maven.surefire.booter.ForkedBooter.run(ForkedBooter.java:562)
at org.apache.maven.surefire.booter.ForkedBooter.main(ForkedBooter.java:548)
]]>
            </full-stacktrace>
          </exception> <!-- org.openqa.selenium.TimeoutException -->
          <reporter-output>
          </reporter-output>
        </test-method> <!-- canSubmitForm -->
        <test-method status="SKIP" signature="canSubmitForm()[pri:0, instance:lex.tests.snapshot.LexSnapshotTests@2d8f65a4]" name="canSubmitForm" duration-ms="6899" started-at="2020-09-15T14:36:24Z" finished-at="2020-09-15T14:36:31Z">
          <exception class="org.openqa.selenium.TimeoutException">
            <message>
              <![CDATA[Expected condition failed: waiting for url to contain "https://www.lexingtonlaw.com/credit-snapshot/rp". Current url: "https://www.lexingtonlaw.com/l/credit-snapshot" (tried for 5 second(s) with 100 milliseconds interval)
Build info: version: '3.14.0', revision: 'aacccce0', time: '2018-08-02T20:19:58.91Z'
System info: host: 'martech-d01.vwsl.pgx.local', ip: '10.40.30.83', os.name: 'Linux', os.arch: 'amd64', os.version: '3.10.0-1127.el7.x86_64', java.version: '1.8.0_262'
Driver info: org.openqa.selenium.chrome.ChromeDriver
Capabilities {acceptInsecureCerts: false, browserName: chrome, browserVersion: 85.0.4183.102, chrome: {chromedriverVersion: 85.0.4183.87 (cd6713ebf92fa..., userDataDir: /tmp/.com.google.Chrome.0RqjJ7}, goog:chromeOptions: {debuggerAddress: localhost:46103}, javascriptEnabled: true, networkConnectionEnabled: false, pageLoadStrategy: normal, platform: LINUX, platformName: LINUX, proxy: Proxy(), setWindowRect: true, strictFileInteractability: false, timeouts: {implicit: 0, pageLoad: 300000, script: 30000}, unhandledPromptBehavior: dismiss and notify, webauthn:virtualAuthenticators: true}
Session ID: 6c0ce4bfed205413d056d4ce45030d9f]]>
            </message>
            <full-stacktrace>
              <![CDATA[org.openqa.selenium.TimeoutException: Expected condition failed: waiting for url to contain "https://www.lexingtonlaw.com/credit-snapshot/rp". Current url: "https://www.lexingtonlaw.com/l/credit-snapshot" (tried for 5 second(s) with 100 milliseconds interval)
Build info: version: '3.14.0', revision: 'aacccce0', time: '2018-08-02T20:19:58.91Z'
System info: host: 'martech-d01.vwsl.pgx.local', ip: '10.40.30.83', os.name: 'Linux', os.arch: 'amd64', os.version: '3.10.0-1127.el7.x86_64', java.version: '1.8.0_262'
Driver info: org.openqa.selenium.chrome.ChromeDriver
Capabilities {acceptInsecureCerts: false, browserName: chrome, browserVersion: 85.0.4183.102, chrome: {chromedriverVersion: 85.0.4183.87 (cd6713ebf92fa..., userDataDir: /tmp/.com.google.Chrome.0RqjJ7}, goog:chromeOptions: {debuggerAddress: localhost:46103}, javascriptEnabled: true, networkConnectionEnabled: false, pageLoadStrategy: normal, platform: LINUX, platformName: LINUX, proxy: Proxy(), setWindowRect: true, strictFileInteractability: false, timeouts: {implicit: 0, pageLoad: 300000, script: 30000}, unhandledPromptBehavior: dismiss and notify, webauthn:virtualAuthenticators: true}
Session ID: 6c0ce4bfed205413d056d4ce45030d9f
at org.openqa.selenium.support.ui.WebDriverWait.timeoutException(WebDriverWait.java:113)
at org.openqa.selenium.support.ui.FluentWait.until(FluentWait.java:283)
at lex.framework.core.BasePage.waitForURLToContain(BasePage.java:71)
at lex.tests.snapshot.LexSnapshotTests.canSubmitForm(LexSnapshotTests.java:245)
at sun.reflect.NativeMethodAccessorImpl.invoke0(Native Method)
at sun.reflect.NativeMethodAccessorImpl.invoke(NativeMethodAccessorImpl.java:62)
at sun.reflect.DelegatingMethodAccessorImpl.invoke(DelegatingMethodAccessorImpl.java:43)
at java.lang.reflect.Method.invoke(Method.java:498)
at org.testng.internal.MethodInvocationHelper.invokeMethod(MethodInvocationHelper.java:124)
at org.testng.internal.Invoker.invokeMethod(Invoker.java:583)
at org.testng.internal.Invoker.retryFailed(Invoker.java:839)
at org.testng.internal.Invoker.invokeTestMethods(Invoker.java:1010)
at org.testng.internal.TestMethodWorker.invokeTestMethods(TestMethodWorker.java:125)
at org.testng.internal.TestMethodWorker.run(TestMethodWorker.java:109)
at org.testng.TestRunner.privateRun(TestRunner.java:648)
at org.testng.TestRunner.run(TestRunner.java:505)
at org.testng.SuiteRunner.runTest(SuiteRunner.java:455)
at org.testng.SuiteRunner.runSequentially(SuiteRunner.java:450)
at org.testng.SuiteRunner.privateRun(SuiteRunner.java:415)
at org.testng.SuiteRunner.run(SuiteRunner.java:364)
at org.testng.SuiteRunnerWorker.runSuite(SuiteRunnerWorker.java:52)
at org.testng.SuiteRunnerWorker.run(SuiteRunnerWorker.java:84)
at org.testng.TestNG.runSuitesSequentially(TestNG.java:1208)
at org.testng.TestNG.runSuitesLocally(TestNG.java:1137)
at org.testng.TestNG.runSuites(TestNG.java:1049)
at org.testng.TestNG.run(TestNG.java:1017)
at org.apache.maven.surefire.testng.TestNGExecutor.run(TestNGExecutor.java:284)
at org.apache.maven.surefire.testng.TestNGXmlTestSuite.execute(TestNGXmlTestSuite.java:75)
at org.apache.maven.surefire.testng.TestNGProvider.invoke(TestNGProvider.java:119)
at org.apache.maven.surefire.booter.ForkedBooter.runSuitesInProcess(ForkedBooter.java:428)
at org.apache.maven.surefire.booter.ForkedBooter.execute(ForkedBooter.java:162)
at org.apache.maven.surefire.booter.ForkedBooter.run(ForkedBooter.java:562)
at org.apache.maven.surefire.booter.ForkedBooter.main(ForkedBooter.java:548)
]]>
            </full-stacktrace>
          </exception> <!-- org.openqa.selenium.TimeoutException -->
          <reporter-output>
          </reporter-output>
        </test-method> <!-- canSubmitForm -->
        <test-method status="SKIP" signature="canSubmitForm()[pri:0, instance:lex.tests.snapshot.LexSnapshotTests@2d8f65a4]" name="canSubmitForm" duration-ms="6839" started-at="2020-09-15T14:36:31Z" finished-at="2020-09-15T14:36:37Z">
          <exception class="org.openqa.selenium.TimeoutException">
            <message>
              <![CDATA[Expected condition failed: waiting for url to contain "https://www.lexingtonlaw.com/credit-snapshot/rp". Current url: "https://www.lexingtonlaw.com/l/credit-snapshot" (tried for 5 second(s) with 100 milliseconds interval)
Build info: version: '3.14.0', revision: 'aacccce0', time: '2018-08-02T20:19:58.91Z'
System info: host: 'martech-d01.vwsl.pgx.local', ip: '10.40.30.83', os.name: 'Linux', os.arch: 'amd64', os.version: '3.10.0-1127.el7.x86_64', java.version: '1.8.0_262'
Driver info: org.openqa.selenium.chrome.ChromeDriver
Capabilities {acceptInsecureCerts: false, browserName: chrome, browserVersion: 85.0.4183.102, chrome: {chromedriverVersion: 85.0.4183.87 (cd6713ebf92fa..., userDataDir: /tmp/.com.google.Chrome.0RqjJ7}, goog:chromeOptions: {debuggerAddress: localhost:46103}, javascriptEnabled: true, networkConnectionEnabled: false, pageLoadStrategy: normal, platform: LINUX, platformName: LINUX, proxy: Proxy(), setWindowRect: true, strictFileInteractability: false, timeouts: {implicit: 0, pageLoad: 300000, script: 30000}, unhandledPromptBehavior: dismiss and notify, webauthn:virtualAuthenticators: true}
Session ID: 6c0ce4bfed205413d056d4ce45030d9f]]>
            </message>
            <full-stacktrace>
              <![CDATA[org.openqa.selenium.TimeoutException: Expected condition failed: waiting for url to contain "https://www.lexingtonlaw.com/credit-snapshot/rp". Current url: "https://www.lexingtonlaw.com/l/credit-snapshot" (tried for 5 second(s) with 100 milliseconds interval)
Build info: version: '3.14.0', revision: 'aacccce0', time: '2018-08-02T20:19:58.91Z'
System info: host: 'martech-d01.vwsl.pgx.local', ip: '10.40.30.83', os.name: 'Linux', os.arch: 'amd64', os.version: '3.10.0-1127.el7.x86_64', java.version: '1.8.0_262'
Driver info: org.openqa.selenium.chrome.ChromeDriver
Capabilities {acceptInsecureCerts: false, browserName: chrome, browserVersion: 85.0.4183.102, chrome: {chromedriverVersion: 85.0.4183.87 (cd6713ebf92fa..., userDataDir: /tmp/.com.google.Chrome.0RqjJ7}, goog:chromeOptions: {debuggerAddress: localhost:46103}, javascriptEnabled: true, networkConnectionEnabled: false, pageLoadStrategy: normal, platform: LINUX, platformName: LINUX, proxy: Proxy(), setWindowRect: true, strictFileInteractability: false, timeouts: {implicit: 0, pageLoad: 300000, script: 30000}, unhandledPromptBehavior: dismiss and notify, webauthn:virtualAuthenticators: true}
Session ID: 6c0ce4bfed205413d056d4ce45030d9f
at org.openqa.selenium.support.ui.WebDriverWait.timeoutException(WebDriverWait.java:113)
at org.openqa.selenium.support.ui.FluentWait.until(FluentWait.java:283)
at lex.framework.core.BasePage.waitForURLToContain(BasePage.java:71)
at lex.tests.snapshot.LexSnapshotTests.canSubmitForm(LexSnapshotTests.java:245)
at sun.reflect.NativeMethodAccessorImpl.invoke0(Native Method)
at sun.reflect.NativeMethodAccessorImpl.invoke(NativeMethodAccessorImpl.java:62)
at sun.reflect.DelegatingMethodAccessorImpl.invoke(DelegatingMethodAccessorImpl.java:43)
at java.lang.reflect.Method.invoke(Method.java:498)
at org.testng.internal.MethodInvocationHelper.invokeMethod(MethodInvocationHelper.java:124)
at org.testng.internal.Invoker.invokeMethod(Invoker.java:583)
at org.testng.internal.Invoker.retryFailed(Invoker.java:839)
at org.testng.internal.Invoker.invokeTestMethods(Invoker.java:1010)
at org.testng.internal.TestMethodWorker.invokeTestMethods(TestMethodWorker.java:125)
at org.testng.internal.TestMethodWorker.run(TestMethodWorker.java:109)
at org.testng.TestRunner.privateRun(TestRunner.java:648)
at org.testng.TestRunner.run(TestRunner.java:505)
at org.testng.SuiteRunner.runTest(SuiteRunner.java:455)
at org.testng.SuiteRunner.runSequentially(SuiteRunner.java:450)
at org.testng.SuiteRunner.privateRun(SuiteRunner.java:415)
at org.testng.SuiteRunner.run(SuiteRunner.java:364)
at org.testng.SuiteRunnerWorker.runSuite(SuiteRunnerWorker.java:52)
at org.testng.SuiteRunnerWorker.run(SuiteRunnerWorker.java:84)
at org.testng.TestNG.runSuitesSequentially(TestNG.java:1208)
at org.testng.TestNG.runSuitesLocally(TestNG.java:1137)
at org.testng.TestNG.runSuites(TestNG.java:1049)
at org.testng.TestNG.run(TestNG.java:1017)
at org.apache.maven.surefire.testng.TestNGExecutor.run(TestNGExecutor.java:284)
at org.apache.maven.surefire.testng.TestNGXmlTestSuite.execute(TestNGXmlTestSuite.java:75)
at org.apache.maven.surefire.testng.TestNGProvider.invoke(TestNGProvider.java:119)
at org.apache.maven.surefire.booter.ForkedBooter.runSuitesInProcess(ForkedBooter.java:428)
at org.apache.maven.surefire.booter.ForkedBooter.execute(ForkedBooter.java:162)
at org.apache.maven.surefire.booter.ForkedBooter.run(ForkedBooter.java:562)
at org.apache.maven.surefire.booter.ForkedBooter.main(ForkedBooter.java:548)
]]>
            </full-stacktrace>
          </exception> <!-- org.openqa.selenium.TimeoutException -->
          <reporter-output>
          </reporter-output>
        </test-method> <!-- canSubmitForm -->
        <test-method status="SKIP" signature="canSubmitForm()[pri:0, instance:lex.tests.snapshot.LexSnapshotTests@2d8f65a4]" name="canSubmitForm" duration-ms="6821" started-at="2020-09-15T14:36:37Z" finished-at="2020-09-15T14:36:44Z">
          <exception class="org.openqa.selenium.TimeoutException">
            <message>
              <![CDATA[Expected condition failed: waiting for url to contain "https://www.lexingtonlaw.com/credit-snapshot/rp". Current url: "https://www.lexingtonlaw.com/l/credit-snapshot" (tried for 5 second(s) with 100 milliseconds interval)
Build info: version: '3.14.0', revision: 'aacccce0', time: '2018-08-02T20:19:58.91Z'
System info: host: 'martech-d01.vwsl.pgx.local', ip: '10.40.30.83', os.name: 'Linux', os.arch: 'amd64', os.version: '3.10.0-1127.el7.x86_64', java.version: '1.8.0_262'
Driver info: org.openqa.selenium.chrome.ChromeDriver
Capabilities {acceptInsecureCerts: false, browserName: chrome, browserVersion: 85.0.4183.102, chrome: {chromedriverVersion: 85.0.4183.87 (cd6713ebf92fa..., userDataDir: /tmp/.com.google.Chrome.0RqjJ7}, goog:chromeOptions: {debuggerAddress: localhost:46103}, javascriptEnabled: true, networkConnectionEnabled: false, pageLoadStrategy: normal, platform: LINUX, platformName: LINUX, proxy: Proxy(), setWindowRect: true, strictFileInteractability: false, timeouts: {implicit: 0, pageLoad: 300000, script: 30000}, unhandledPromptBehavior: dismiss and notify, webauthn:virtualAuthenticators: true}
Session ID: 6c0ce4bfed205413d056d4ce45030d9f]]>
            </message>
            <full-stacktrace>
              <![CDATA[org.openqa.selenium.TimeoutException: Expected condition failed: waiting for url to contain "https://www.lexingtonlaw.com/credit-snapshot/rp". Current url: "https://www.lexingtonlaw.com/l/credit-snapshot" (tried for 5 second(s) with 100 milliseconds interval)
Build info: version: '3.14.0', revision: 'aacccce0', time: '2018-08-02T20:19:58.91Z'
System info: host: 'martech-d01.vwsl.pgx.local', ip: '10.40.30.83', os.name: 'Linux', os.arch: 'amd64', os.version: '3.10.0-1127.el7.x86_64', java.version: '1.8.0_262'
Driver info: org.openqa.selenium.chrome.ChromeDriver
Capabilities {acceptInsecureCerts: false, browserName: chrome, browserVersion: 85.0.4183.102, chrome: {chromedriverVersion: 85.0.4183.87 (cd6713ebf92fa..., userDataDir: /tmp/.com.google.Chrome.0RqjJ7}, goog:chromeOptions: {debuggerAddress: localhost:46103}, javascriptEnabled: true, networkConnectionEnabled: false, pageLoadStrategy: normal, platform: LINUX, platformName: LINUX, proxy: Proxy(), setWindowRect: true, strictFileInteractability: false, timeouts: {implicit: 0, pageLoad: 300000, script: 30000}, unhandledPromptBehavior: dismiss and notify, webauthn:virtualAuthenticators: true}
Session ID: 6c0ce4bfed205413d056d4ce45030d9f
at org.openqa.selenium.support.ui.WebDriverWait.timeoutException(WebDriverWait.java:113)
at org.openqa.selenium.support.ui.FluentWait.until(FluentWait.java:283)
at lex.framework.core.BasePage.waitForURLToContain(BasePage.java:71)
at lex.tests.snapshot.LexSnapshotTests.canSubmitForm(LexSnapshotTests.java:245)
at sun.reflect.NativeMethodAccessorImpl.invoke0(Native Method)
at sun.reflect.NativeMethodAccessorImpl.invoke(NativeMethodAccessorImpl.java:62)
at sun.reflect.DelegatingMethodAccessorImpl.invoke(DelegatingMethodAccessorImpl.java:43)
at java.lang.reflect.Method.invoke(Method.java:498)
at org.testng.internal.MethodInvocationHelper.invokeMethod(MethodInvocationHelper.java:124)
at org.testng.internal.Invoker.invokeMethod(Invoker.java:583)
at org.testng.internal.Invoker.retryFailed(Invoker.java:839)
at org.testng.internal.Invoker.invokeTestMethods(Invoker.java:1010)
at org.testng.internal.TestMethodWorker.invokeTestMethods(TestMethodWorker.java:125)
at org.testng.internal.TestMethodWorker.run(TestMethodWorker.java:109)
at org.testng.TestRunner.privateRun(TestRunner.java:648)
at org.testng.TestRunner.run(TestRunner.java:505)
at org.testng.SuiteRunner.runTest(SuiteRunner.java:455)
at org.testng.SuiteRunner.runSequentially(SuiteRunner.java:450)
at org.testng.SuiteRunner.privateRun(SuiteRunner.java:415)
at org.testng.SuiteRunner.run(SuiteRunner.java:364)
at org.testng.SuiteRunnerWorker.runSuite(SuiteRunnerWorker.java:52)
at org.testng.SuiteRunnerWorker.run(SuiteRunnerWorker.java:84)
at org.testng.TestNG.runSuitesSequentially(TestNG.java:1208)
at org.testng.TestNG.runSuitesLocally(TestNG.java:1137)
at org.testng.TestNG.runSuites(TestNG.java:1049)
at org.testng.TestNG.run(TestNG.java:1017)
at org.apache.maven.surefire.testng.TestNGExecutor.run(TestNGExecutor.java:284)
at org.apache.maven.surefire.testng.TestNGXmlTestSuite.execute(TestNGXmlTestSuite.java:75)
at org.apache.maven.surefire.testng.TestNGProvider.invoke(TestNGProvider.java:119)
at org.apache.maven.surefire.booter.ForkedBooter.runSuitesInProcess(ForkedBooter.java:428)
at org.apache.maven.surefire.booter.ForkedBooter.execute(ForkedBooter.java:162)
at org.apache.maven.surefire.booter.ForkedBooter.run(ForkedBooter.java:562)
at org.apache.maven.surefire.booter.ForkedBooter.main(ForkedBooter.java:548)
]]>
            </full-stacktrace>
          </exception> <!-- org.openqa.selenium.TimeoutException -->
          <reporter-output>
          </reporter-output>
        </test-method> <!-- canSubmitForm -->
        <test-method status="FAIL" signature="canSubmitForm()[pri:0, instance:lex.tests.snapshot.LexSnapshotTests@2d8f65a4]" name="canSubmitForm" duration-ms="6856" started-at="2020-09-15T14:36:44Z" finished-at="2020-09-15T14:36:51Z">
          <exception class="org.openqa.selenium.TimeoutException">
            <message>
              <![CDATA[Expected condition failed: waiting for url to contain "https://www.lexingtonlaw.com/credit-snapshot/rp". Current url: "https://www.lexingtonlaw.com/l/credit-snapshot" (tried for 5 second(s) with 100 milliseconds interval)
Build info: version: '3.14.0', revision: 'aacccce0', time: '2018-08-02T20:19:58.91Z'
System info: host: 'martech-d01.vwsl.pgx.local', ip: '10.40.30.83', os.name: 'Linux', os.arch: 'amd64', os.version: '3.10.0-1127.el7.x86_64', java.version: '1.8.0_262'
Driver info: org.openqa.selenium.chrome.ChromeDriver
Capabilities {acceptInsecureCerts: false, browserName: chrome, browserVersion: 85.0.4183.102, chrome: {chromedriverVersion: 85.0.4183.87 (cd6713ebf92fa..., userDataDir: /tmp/.com.google.Chrome.0RqjJ7}, goog:chromeOptions: {debuggerAddress: localhost:46103}, javascriptEnabled: true, networkConnectionEnabled: false, pageLoadStrategy: normal, platform: LINUX, platformName: LINUX, proxy: Proxy(), setWindowRect: true, strictFileInteractability: false, timeouts: {implicit: 0, pageLoad: 300000, script: 30000}, unhandledPromptBehavior: dismiss and notify, webauthn:virtualAuthenticators: true}
Session ID: 6c0ce4bfed205413d056d4ce45030d9f]]>
            </message>
            <full-stacktrace>
              <![CDATA[org.openqa.selenium.TimeoutException: Expected condition failed: waiting for url to contain "https://www.lexingtonlaw.com/credit-snapshot/rp". Current url: "https://www.lexingtonlaw.com/l/credit-snapshot" (tried for 5 second(s) with 100 milliseconds interval)
Build info: version: '3.14.0', revision: 'aacccce0', time: '2018-08-02T20:19:58.91Z'
System info: host: 'martech-d01.vwsl.pgx.local', ip: '10.40.30.83', os.name: 'Linux', os.arch: 'amd64', os.version: '3.10.0-1127.el7.x86_64', java.version: '1.8.0_262'
Driver info: org.openqa.selenium.chrome.ChromeDriver
Capabilities {acceptInsecureCerts: false, browserName: chrome, browserVersion: 85.0.4183.102, chrome: {chromedriverVersion: 85.0.4183.87 (cd6713ebf92fa..., userDataDir: /tmp/.com.google.Chrome.0RqjJ7}, goog:chromeOptions: {debuggerAddress: localhost:46103}, javascriptEnabled: true, networkConnectionEnabled: false, pageLoadStrategy: normal, platform: LINUX, platformName: LINUX, proxy: Proxy(), setWindowRect: true, strictFileInteractability: false, timeouts: {implicit: 0, pageLoad: 300000, script: 30000}, unhandledPromptBehavior: dismiss and notify, webauthn:virtualAuthenticators: true}
Session ID: 6c0ce4bfed205413d056d4ce45030d9f
at org.openqa.selenium.support.ui.WebDriverWait.timeoutException(WebDriverWait.java:113)
at org.openqa.selenium.support.ui.FluentWait.until(FluentWait.java:283)
at lex.framework.core.BasePage.waitForURLToContain(BasePage.java:71)
at lex.tests.snapshot.LexSnapshotTests.canSubmitForm(LexSnapshotTests.java:245)
at sun.reflect.NativeMethodAccessorImpl.invoke0(Native Method)
at sun.reflect.NativeMethodAccessorImpl.invoke(NativeMethodAccessorImpl.java:62)
at sun.reflect.DelegatingMethodAccessorImpl.invoke(DelegatingMethodAccessorImpl.java:43)
at java.lang.reflect.Method.invoke(Method.java:498)
at org.testng.internal.MethodInvocationHelper.invokeMethod(MethodInvocationHelper.java:124)
at org.testng.internal.Invoker.invokeMethod(Invoker.java:583)
at org.testng.internal.Invoker.retryFailed(Invoker.java:839)
at org.testng.internal.Invoker.invokeTestMethods(Invoker.java:1010)
at org.testng.internal.TestMethodWorker.invokeTestMethods(TestMethodWorker.java:125)
at org.testng.internal.TestMethodWorker.run(TestMethodWorker.java:109)
at org.testng.TestRunner.privateRun(TestRunner.java:648)
at org.testng.TestRunner.run(TestRunner.java:505)
at org.testng.SuiteRunner.runTest(SuiteRunner.java:455)
at org.testng.SuiteRunner.runSequentially(SuiteRunner.java:450)
at org.testng.SuiteRunner.privateRun(SuiteRunner.java:415)
at org.testng.SuiteRunner.run(SuiteRunner.java:364)
at org.testng.SuiteRunnerWorker.runSuite(SuiteRunnerWorker.java:52)
at org.testng.SuiteRunnerWorker.run(SuiteRunnerWorker.java:84)
at org.testng.TestNG.runSuitesSequentially(TestNG.java:1208)
at org.testng.TestNG.runSuitesLocally(TestNG.java:1137)
at org.testng.TestNG.runSuites(TestNG.java:1049)
at org.testng.TestNG.run(TestNG.java:1017)
at org.apache.maven.surefire.testng.TestNGExecutor.run(TestNGExecutor.java:284)
at org.apache.maven.surefire.testng.TestNGXmlTestSuite.execute(TestNGXmlTestSuite.java:75)
at org.apache.maven.surefire.testng.TestNGProvider.invoke(TestNGProvider.java:119)
at org.apache.maven.surefire.booter.ForkedBooter.runSuitesInProcess(ForkedBooter.java:428)
at org.apache.maven.surefire.booter.ForkedBooter.execute(ForkedBooter.java:162)
at org.apache.maven.surefire.booter.ForkedBooter.run(ForkedBooter.java:562)
at org.apache.maven.surefire.booter.ForkedBooter.main(ForkedBooter.java:548)
]]>
            </full-stacktrace>
          </exception> <!-- org.openqa.selenium.TimeoutException -->
          <reporter-output>
          </reporter-output>
        </test-method> <!-- canSubmitForm -->
        <test-method status="PASS" signature="afterSuite()[pri:0, instance:lex.tests.snapshot.LexSnapshotTests@2d8f65a4]" name="afterSuite" is-config="true" duration-ms="88" started-at="2020-09-15T14:36:51Z" finished-at="2020-09-15T14:36:51Z">
          <reporter-output>
          </reporter-output>
        </test-method> <!-- afterSuite -->
      </class> <!-- lex.tests.snapshot.LexSnapshotTests -->
      <class name="lex.tests.http.HttpTests">
        <test-method status="PASS" signature="creditRepairLandingPageStatusCodeIsOk()[pri:0, instance:lex.tests.http.HttpTests@646d64ab]" name="creditRepairLandingPageStatusCodeIsOk" duration-ms="774" started-at="2020-09-15T14:38:18Z" finished-at="2020-09-15T14:38:19Z">
          <reporter-output>
          </reporter-output>
        </test-method> <!-- creditRepairLandingPageStatusCodeIsOk -->
        <test-method status="PASS" signature="creditRepairSignupStatusCodeIsOk()[pri:0, instance:lex.tests.http.HttpTests@646d64ab]" name="creditRepairSignupStatusCodeIsOk" duration-ms="447" started-at="2020-09-15T14:38:19Z" finished-at="2020-09-15T14:38:19Z">
          <reporter-output>
          </reporter-output>
        </test-method> <!-- creditRepairSignupStatusCodeIsOk -->
        <test-method status="PASS" signature="creditRepairSnapshotStatusCodeIsOk()[pri:0, instance:lex.tests.http.HttpTests@646d64ab]" name="creditRepairSnapshotStatusCodeIsOk" duration-ms="461" started-at="2020-09-15T14:38:19Z" finished-at="2020-09-15T14:38:20Z">
          <reporter-output>
          </reporter-output>
        </test-method> <!-- creditRepairSnapshotStatusCodeIsOk -->
        <test-method status="PASS" signature="creditRepairStatusCodeIsOk()[pri:0, instance:lex.tests.http.HttpTests@646d64ab]" name="creditRepairStatusCodeIsOk" duration-ms="450" started-at="2020-09-15T14:38:20Z" finished-at="2020-09-15T14:38:20Z">
          <reporter-output>
          </reporter-output>
        </test-method> <!-- creditRepairStatusCodeIsOk -->
        <test-method status="PASS" signature="lexHomepageStatusCodeIsOk()[pri:0, instance:lex.tests.http.HttpTests@646d64ab]" name="lexHomepageStatusCodeIsOk" duration-ms="495" started-at="2020-09-15T14:38:20Z" finished-at="2020-09-15T14:38:20Z">
          <reporter-output>
          </reporter-output>
        </test-method> <!-- lexHomepageStatusCodeIsOk -->
        <test-method status="PASS" signature="lexLandingPageStatusCodeIsOk()[pri:0, instance:lex.tests.http.HttpTests@646d64ab]" name="lexLandingPageStatusCodeIsOk" duration-ms="465" started-at="2020-09-15T14:38:20Z" finished-at="2020-09-15T14:38:21Z">
          <reporter-output>
          </reporter-output>
        </test-method> <!-- lexLandingPageStatusCodeIsOk -->
        <test-method status="PASS" signature="lexSignupStatusCodeIsOk()[pri:0, instance:lex.tests.http.HttpTests@646d64ab]" name="lexSignupStatusCodeIsOk" duration-ms="450" started-at="2020-09-15T14:38:21Z" finished-at="2020-09-15T14:38:21Z">
          <reporter-output>
          </reporter-output>
        </test-method> <!-- lexSignupStatusCodeIsOk -->
        <test-method status="PASS" signature="lexSnapshotStatusCodeIsOk()[pri:0, instance:lex.tests.http.HttpTests@646d64ab]" name="lexSnapshotStatusCodeIsOk" duration-ms="445" started-at="2020-09-15T14:38:21Z" finished-at="2020-09-15T14:38:22Z">
          <reporter-output>
          </reporter-output>
        </test-method> <!-- lexSnapshotStatusCodeIsOk -->
      </class> <!-- lex.tests.http.HttpTests -->
      <class name="lex.tests.snapshot.CRSnapshotTests">
        <test-method status="PASS" signature="beforeSuite()[pri:0, instance:lex.tests.snapshot.CRSnapshotTests@1b68ddbd]" name="beforeSuite" is-config="true" duration-ms="250" started-at="2020-09-15T14:36:51Z" finished-at="2020-09-15T14:36:51Z">
          <reporter-output>
          </reporter-output>
        </test-method> <!-- beforeSuite -->
        <test-method status="PASS" signature="canClickCheckYourCreditNowInHeroImage()[pri:0, instance:lex.tests.snapshot.CRSnapshotTests@1b68ddbd]" name="canClickCheckYourCreditNowInHeroImage" duration-ms="3751" started-at="2020-09-15T14:36:51Z" finished-at="2020-09-15T14:36:55Z">
          <reporter-output>
          </reporter-output>
        </test-method> <!-- canClickCheckYourCreditNowInHeroImage -->
        <test-method status="PASS" signature="canClickGetStartedCTA()[pri:0, instance:lex.tests.snapshot.CRSnapshotTests@1b68ddbd]" name="canClickGetStartedCTA" duration-ms="1563" started-at="2020-09-15T14:36:55Z" finished-at="2020-09-15T14:36:57Z">
          <reporter-output>
          </reporter-output>
        </test-method> <!-- canClickGetStartedCTA -->
        <test-method status="PASS" signature="canClickGetStartedInKnowYourCreditScore()[pri:0, instance:lex.tests.snapshot.CRSnapshotTests@1b68ddbd]" name="canClickGetStartedInKnowYourCreditScore" duration-ms="1456" started-at="2020-09-15T14:36:57Z" finished-at="2020-09-15T14:36:58Z">
          <reporter-output>
          </reporter-output>
        </test-method> <!-- canClickGetStartedInKnowYourCreditScore -->
        <test-method status="PASS" signature="canClickGetStartedInModal()[pri:0, instance:lex.tests.snapshot.CRSnapshotTests@1b68ddbd]" name="canClickGetStartedInModal" duration-ms="1488" started-at="2020-09-15T14:36:58Z" finished-at="2020-09-15T14:37:00Z">
          <reporter-output>
          </reporter-output>
        </test-method> <!-- canClickGetStartedInModal -->
        <test-method status="PASS" signature="canClickGetStartedNowInClientReviews()[pri:0, instance:lex.tests.snapshot.CRSnapshotTests@1b68ddbd]" name="canClickGetStartedNowInClientReviews" duration-ms="1524" started-at="2020-09-15T14:37:00Z" finished-at="2020-09-15T14:37:01Z">
          <reporter-output>
          </reporter-output>
        </test-method> <!-- canClickGetStartedNowInClientReviews -->
        <test-method status="PASS" signature="canClickLoginButton()[pri:0, instance:lex.tests.snapshot.CRSnapshotTests@1b68ddbd]" name="canClickLoginButton" duration-ms="3707" started-at="2020-09-15T14:37:01Z" finished-at="2020-09-15T14:37:05Z">
          <reporter-output>
          </reporter-output>
        </test-method> <!-- canClickLoginButton -->
        <test-method status="PASS" signature="canClickSignupCTA()[pri:0, instance:lex.tests.snapshot.CRSnapshotTests@1b68ddbd]" name="canClickSignupCTA" duration-ms="1979" started-at="2020-09-15T14:37:05Z" finished-at="2020-09-15T14:37:07Z">
          <reporter-output>
          </reporter-output>
        </test-method> <!-- canClickSignupCTA -->
        <test-method status="PASS" signature="canClickSignupInClientReviews()[pri:0, instance:lex.tests.snapshot.CRSnapshotTests@1b68ddbd]" name="canClickSignupInClientReviews" duration-ms="1563" started-at="2020-09-15T14:37:07Z" finished-at="2020-09-15T14:37:09Z">
          <reporter-output>
          </reporter-output>
        </test-method> <!-- canClickSignupInClientReviews -->
        <test-method status="PASS" signature="canClickSignupInHeroImage()[pri:0, instance:lex.tests.snapshot.CRSnapshotTests@1b68ddbd]" name="canClickSignupInHeroImage" duration-ms="1446" started-at="2020-09-15T14:37:09Z" finished-at="2020-09-15T14:37:10Z">
          <reporter-output>
          </reporter-output>
        </test-method> <!-- canClickSignupInHeroImage -->
        <test-method status="PASS" signature="canClickSignupInKnowYourCreditScore()[pri:0, instance:lex.tests.snapshot.CRSnapshotTests@1b68ddbd]" name="canClickSignupInKnowYourCreditScore" duration-ms="1768" started-at="2020-09-15T14:37:10Z" finished-at="2020-09-15T14:37:12Z">
          <reporter-output>
          </reporter-output>
        </test-method> <!-- canClickSignupInKnowYourCreditScore -->
        <test-method status="PASS" signature="canClickSignupInModal()[pri:0, instance:lex.tests.snapshot.CRSnapshotTests@1b68ddbd]" name="canClickSignupInModal" duration-ms="1359" started-at="2020-09-15T14:37:12Z" finished-at="2020-09-15T14:37:13Z">
          <reporter-output>
          </reporter-output>
        </test-method> <!-- canClickSignupInModal -->
        <test-method status="PASS" signature="canClickStartNowInHeader()[pri:0, instance:lex.tests.snapshot.CRSnapshotTests@1b68ddbd]" name="canClickStartNowInHeader" duration-ms="1588" started-at="2020-09-15T14:37:13Z" finished-at="2020-09-15T14:37:15Z">
          <reporter-output>
          </reporter-output>
[...]
            <full-stacktrace>
              <![CDATA[org.openqa.selenium.TimeoutException: Expected condition failed: waiting for url to contain "https://www.creditrepair.com/credit-snapshot/rp". Current url: "https://www.creditrepair.com/" (tried for 5 second(s) with 100 milliseconds interval)
Build info: version: '3.14.0', revision: 'aacccce0', time: '2018-08-02T20:19:58.91Z'
System info: host: 'martech-d01.vwsl.pgx.local', ip: '10.40.30.83', os.name: 'Linux', os.arch: 'amd64', os.version: '3.10.0-1127.el7.x86_64', java.version: '1.8.0_262'
Driver info: org.openqa.selenium.chrome.ChromeDriver
Capabilities {acceptInsecureCerts: false, browserName: chrome, browserVersion: 85.0.4183.102, chrome: {chromedriverVersion: 85.0.4183.87 (cd6713ebf92fa..., userDataDir: /tmp/.com.google.Chrome.HNXlE8}, goog:chromeOptions: {debuggerAddress: localhost:38668}, javascriptEnabled: true, networkConnectionEnabled: false, pageLoadStrategy: normal, platform: LINUX, platformName: LINUX, proxy: Proxy(), setWindowRect: true, strictFileInteractability: false, timeouts: {implicit: 0, pageLoad: 300000, script: 30000}, unhandledPromptBehavior: dismiss and notify, webauthn:virtualAuthenticators: true}
Session ID: 05fbb0ee5d1ef06c10094a3bb2aa99cc
at org.openqa.selenium.support.ui.WebDriverWait.timeoutException(WebDriverWait.java:113)
at org.openqa.selenium.support.ui.FluentWait.until(FluentWait.java:283)
at lex.framework.core.BasePage.waitForURLToContain(BasePage.java:71)
at lex.tests.homepage.CRHomepageTests.canSubmitForm(CRHomepageTests.java:117)
at sun.reflect.NativeMethodAccessorImpl.invoke0(Native Method)
at sun.reflect.NativeMethodAccessorImpl.invoke(NativeMethodAccessorImpl.java:62)
at sun.reflect.DelegatingMethodAccessorImpl.invoke(DelegatingMethodAccessorImpl.java:43)
at java.lang.reflect.Method.invoke(Method.java:498)
at org.testng.internal.MethodInvocationHelper.invokeMethod(MethodInvocationHelper.java:124)
at org.testng.internal.Invoker.invokeMethod(Invoker.java:583)
at org.testng.internal.Invoker.retryFailed(Invoker.java:839)
at org.testng.internal.Invoker.invokeTestMethods(Invoker.java:1010)
at org.testng.internal.TestMethodWorker.invokeTestMethods(TestMethodWorker.java:125)
at org.testng.internal.TestMethodWorker.run(TestMethodWorker.java:109)
at org.testng.TestRunner.privateRun(TestRunner.java:648)
at org.testng.TestRunner.run(TestRunner.java:505)
at org.testng.SuiteRunner.runTest(SuiteRunner.java:455)
at org.testng.SuiteRunner.runSequentially(SuiteRunner.java:450)
at org.testng.SuiteRunner.privateRun(SuiteRunner.java:415)
at org.testng.SuiteRunner.run(SuiteRunner.java:364)
at org.testng.SuiteRunnerWorker.runSuite(SuiteRunnerWorker.java:52)
at org.testng.SuiteRunnerWorker.run(SuiteRunnerWorker.java:84)
at org.testng.TestNG.runSuitesSequentially(TestNG.java:1208)
at org.testng.TestNG.runSuitesLocally(TestNG.java:1137)
at org.testng.TestNG.runSuites(TestNG.java:1049)
at org.testng.TestNG.run(TestNG.java:1017)
at org.apache.maven.surefire.testng.TestNGExecutor.run(TestNGExecutor.java:284)
at org.apache.maven.surefire.testng.TestNGXmlTestSuite.execute(TestNGXmlTestSuite.java:75)
at org.apache.maven.surefire.testng.TestNGProvider.invoke(TestNGProvider.java:119)
at org.apache.maven.surefire.booter.ForkedBooter.runSuitesInProcess(ForkedBooter.java:428)
at org.apache.maven.surefire.booter.ForkedBooter.execute(ForkedBooter.java:162)
at org.apache.maven.surefire.booter.ForkedBooter.run(ForkedBooter.java:562)
at org.apache.maven.surefire.booter.ForkedBooter.main(ForkedBooter.java:548)
]]>
            </full-stacktrace>
          </exception> <!-- org.openqa.selenium.TimeoutException -->
          <reporter-output>
          </reporter-output>
        </test-method> <!-- canSubmitForm -->
        <test-method status="SKIP" signature="canSubmitForm()[pri:0, instance:lex.tests.homepage.CRHomepageTests@27a8c74e]" name="canSubmitForm" duration-ms="7452" started-at="2020-09-15T14:34:58Z" finished-at="2020-09-15T14:35:05Z">
          <exception class="org.openqa.selenium.TimeoutException">
            <message>
              <![CDATA[Expected condition failed: waiting for url to contain "https://www.creditrepair.com/credit-snapshot/rp". Current url: "https://www.creditrepair.com/" (tried for 5 second(s) with 100 milliseconds interval)
Build info: version: '3.14.0', revision: 'aacccce0', time: '2018-08-02T20:19:58.91Z'
System info: host: 'martech-d01.vwsl.pgx.local', ip: '10.40.30.83', os.name: 'Linux', os.arch: 'amd64', os.version: '3.10.0-1127.el7.x86_64', java.version: '1.8.0_262'
Driver info: org.openqa.selenium.chrome.ChromeDriver
Capabilities {acceptInsecureCerts: false, browserName: chrome, browserVersion: 85.0.4183.102, chrome: {chromedriverVersion: 85.0.4183.87 (cd6713ebf92fa..., userDataDir: /tmp/.com.google.Chrome.HNXlE8}, goog:chromeOptions: {debuggerAddress: localhost:38668}, javascriptEnabled: true, networkConnectionEnabled: false, pageLoadStrategy: normal, platform: LINUX, platformName: LINUX, proxy: Proxy(), setWindowRect: true, strictFileInteractability: false, timeouts: {implicit: 0, pageLoad: 300000, script: 30000}, unhandledPromptBehavior: dismiss and notify, webauthn:virtualAuthenticators: true}
Session ID: 05fbb0ee5d1ef06c10094a3bb2aa99cc]]>
            </message>
            <full-stacktrace>
              <![CDATA[org.openqa.selenium.TimeoutException: Expected condition failed: waiting for url to contain "https://www.creditrepair.com/credit-snapshot/rp". Current url: "https://www.creditrepair.com/" (tried for 5 second(s) with 100 milliseconds interval)
Build info: version: '3.14.0', revision: 'aacccce0', time: '2018-08-02T20:19:58.91Z'
System info: host: 'martech-d01.vwsl.pgx.local', ip: '10.40.30.83', os.name: 'Linux', os.arch: 'amd64', os.version: '3.10.0-1127.el7.x86_64', java.version: '1.8.0_262'
Driver info: org.openqa.selenium.chrome.ChromeDriver
Capabilities {acceptInsecureCerts: false, browserName: chrome, browserVersion: 85.0.4183.102, chrome: {chromedriverVersion: 85.0.4183.87 (cd6713ebf92fa..., userDataDir: /tmp/.com.google.Chrome.HNXlE8}, goog:chromeOptions: {debuggerAddress: localhost:38668}, javascriptEnabled: true, networkConnectionEnabled: false, pageLoadStrategy: normal, platform: LINUX, platformName: LINUX, proxy: Proxy(), setWindowRect: true, strictFileInteractability: false, timeouts: {implicit: 0, pageLoad: 300000, script: 30000}, unhandledPromptBehavior: dismiss and notify, webauthn:virtualAuthenticators: true}
Session ID: 05fbb0ee5d1ef06c10094a3bb2aa99cc
at org.openqa.selenium.support.ui.WebDriverWait.timeoutException(WebDriverWait.java:113)
at org.openqa.selenium.support.ui.FluentWait.until(FluentWait.java:283)
at lex.framework.core.BasePage.waitForURLToContain(BasePage.java:71)
at lex.tests.homepage.CRHomepageTests.canSubmitForm(CRHomepageTests.java:117)
at sun.reflect.NativeMethodAccessorImpl.invoke0(Native Method)
at sun.reflect.NativeMethodAccessorImpl.invoke(NativeMethodAccessorImpl.java:62)
at sun.reflect.DelegatingMethodAccessorImpl.invoke(DelegatingMethodAccessorImpl.java:43)
at java.lang.reflect.Method.invoke(Method.java:498)
at org.testng.internal.MethodInvocationHelper.invokeMethod(MethodInvocationHelper.java:124)
at org.testng.internal.Invoker.invokeMethod(Invoker.java:583)
at org.testng.internal.Invoker.retryFailed(Invoker.java:839)
at org.testng.internal.Invoker.invokeTestMethods(Invoker.java:1010)
at org.testng.internal.TestMethodWorker.invokeTestMethods(TestMethodWorker.java:125)
at org.testng.internal.TestMethodWorker.run(TestMethodWorker.java:109)
at org.testng.TestRunner.privateRun(TestRunner.java:648)
at org.testng.TestRunner.run(TestRunner.java:505)
at org.testng.SuiteRunner.runTest(SuiteRunner.java:455)
at org.testng.SuiteRunner.runSequentially(SuiteRunner.java:450)
at org.testng.SuiteRunner.privateRun(SuiteRunner.java:415)
at org.testng.SuiteRunner.run(SuiteRunner.java:364)
at org.testng.SuiteRunnerWorker.runSuite(SuiteRunnerWorker.java:52)
at org.testng.SuiteRunnerWorker.run(SuiteRunnerWorker.java:84)
at org.testng.TestNG.runSuitesSequentially(TestNG.java:1208)
at org.testng.TestNG.runSuitesLocally(TestNG.java:1137)
at org.testng.TestNG.runSuites(TestNG.java:1049)
at org.testng.TestNG.run(TestNG.java:1017)
at org.apache.maven.surefire.testng.TestNGExecutor.run(TestNGExecutor.java:284)
at org.apache.maven.surefire.testng.TestNGXmlTestSuite.execute(TestNGXmlTestSuite.java:75)
at org.apache.maven.surefire.testng.TestNGProvider.invoke(TestNGProvider.java:119)
at org.apache.maven.surefire.booter.ForkedBooter.runSuitesInProcess(ForkedBooter.java:428)
at org.apache.maven.surefire.booter.ForkedBooter.execute(ForkedBooter.java:162)
at org.apache.maven.surefire.booter.ForkedBooter.run(ForkedBooter.java:562)
at org.apache.maven.surefire.booter.ForkedBooter.main(ForkedBooter.java:548)
]]>
            </full-stacktrace>
          </exception> <!-- org.openqa.selenium.TimeoutException -->
          <reporter-output>
          </reporter-output>
        </test-method> <!-- canSubmitForm -->
        <test-method status="SKIP" signature="canSubmitForm()[pri:0, instance:lex.tests.homepage.CRHomepageTests@27a8c74e]" name="canSubmitForm" duration-ms="7015" started-at="2020-09-15T14:35:05Z" finished-at="2020-09-15T14:35:12Z">
          <exception class="org.openqa.selenium.TimeoutException">
            <message>
              <![CDATA[Expected condition failed: waiting for url to contain "https://www.creditrepair.com/credit-snapshot/rp". Current url: "https://www.creditrepair.com/" (tried for 5 second(s) with 100 milliseconds interval)
Build info: version: '3.14.0', revision: 'aacccce0', time: '2018-08-02T20:19:58.91Z'
System info: host: 'martech-d01.vwsl.pgx.local', ip: '10.40.30.83', os.name: 'Linux', os.arch: 'amd64', os.version: '3.10.0-1127.el7.x86_64', java.version: '1.8.0_262'
Driver info: org.openqa.selenium.chrome.ChromeDriver
Capabilities {acceptInsecureCerts: false, browserName: chrome, browserVersion: 85.0.4183.102, chrome: {chromedriverVersion: 85.0.4183.87 (cd6713ebf92fa..., userDataDir: /tmp/.com.google.Chrome.HNXlE8}, goog:chromeOptions: {debuggerAddress: localhost:38668}, javascriptEnabled: true, networkConnectionEnabled: false, pageLoadStrategy: normal, platform: LINUX, platformName: LINUX, proxy: Proxy(), setWindowRect: true, strictFileInteractability: false, timeouts: {implicit: 0, pageLoad: 300000, script: 30000}, unhandledPromptBehavior: dismiss and notify, webauthn:virtualAuthenticators: true}
Session ID: 05fbb0ee5d1ef06c10094a3bb2aa99cc]]>
            </message>
            <full-stacktrace>
              <![CDATA[org.openqa.selenium.TimeoutException: Expected condition failed: waiting for url to contain "https://www.creditrepair.com/credit-snapshot/rp". Current url: "https://www.creditrepair.com/" (tried for 5 second(s) with 100 milliseconds interval)
Build info: version: '3.14.0', revision: 'aacccce0', time: '2018-08-02T20:19:58.91Z'
System info: host: 'martech-d01.vwsl.pgx.local', ip: '10.40.30.83', os.name: 'Linux', os.arch: 'amd64', os.version: '3.10.0-1127.el7.x86_64', java.version: '1.8.0_262'
Driver info: org.openqa.selenium.chrome.ChromeDriver
Capabilities {acceptInsecureCerts: false, browserName: chrome, browserVersion: 85.0.4183.102, chrome: {chromedriverVersion: 85.0.4183.87 (cd6713ebf92fa..., userDataDir: /tmp/.com.google.Chrome.HNXlE8}, goog:chromeOptions: {debuggerAddress: localhost:38668}, javascriptEnabled: true, networkConnectionEnabled: false, pageLoadStrategy: normal, platform: LINUX, platformName: LINUX, proxy: Proxy(), setWindowRect: true, strictFileInteractability: false, timeouts: {implicit: 0, pageLoad: 300000, script: 30000}, unhandledPromptBehavior: dismiss and notify, webauthn:virtualAuthenticators: true}
Session ID: 05fbb0ee5d1ef06c10094a3bb2aa99cc
at org.openqa.selenium.support.ui.WebDriverWait.timeoutException(WebDriverWait.java:113)
at org.openqa.selenium.support.ui.FluentWait.until(FluentWait.java:283)
at lex.framework.core.BasePage.waitForURLToContain(BasePage.java:71)
at lex.tests.homepage.CRHomepageTests.canSubmitForm(CRHomepageTests.java:117)
at sun.reflect.NativeMethodAccessorImpl.invoke0(Native Method)
at sun.reflect.NativeMethodAccessorImpl.invoke(NativeMethodAccessorImpl.java:62)
at sun.reflect.DelegatingMethodAccessorImpl.invoke(DelegatingMethodAccessorImpl.java:43)
at java.lang.reflect.Method.invoke(Method.java:498)
at org.testng.internal.MethodInvocationHelper.invokeMethod(MethodInvocationHelper.java:124)
at org.testng.internal.Invoker.invokeMethod(Invoker.java:583)
at org.testng.internal.Invoker.retryFailed(Invoker.java:839)
at org.testng.internal.Invoker.invokeTestMethods(Invoker.java:1010)
at org.testng.internal.TestMethodWorker.invokeTestMethods(TestMethodWorker.java:125)
at org.testng.internal.TestMethodWorker.run(TestMethodWorker.java:109)
at org.testng.TestRunner.privateRun(TestRunner.java:648)
at org.testng.TestRunner.run(TestRunner.java:505)
at org.testng.SuiteRunner.runTest(SuiteRunner.java:455)
at org.testng.SuiteRunner.runSequentially(SuiteRunner.java:450)
at org.testng.SuiteRunner.privateRun(SuiteRunner.java:415)
at org.testng.SuiteRunner.run(SuiteRunner.java:364)
at org.testng.SuiteRunnerWorker.runSuite(SuiteRunnerWorker.java:52)
at org.testng.SuiteRunnerWorker.run(SuiteRunnerWorker.java:84)
at org.testng.TestNG.runSuitesSequentially(TestNG.java:1208)
at org.testng.TestNG.runSuitesLocally(TestNG.java:1137)
at org.testng.TestNG.runSuites(TestNG.java:1049)
at org.testng.TestNG.run(TestNG.java:1017)
at org.apache.maven.surefire.testng.TestNGExecutor.run(TestNGExecutor.java:284)
at org.apache.maven.surefire.testng.TestNGXmlTestSuite.execute(TestNGXmlTestSuite.java:75)
at org.apache.maven.surefire.testng.TestNGProvider.invoke(TestNGProvider.java:119)
at org.apache.maven.surefire.booter.ForkedBooter.runSuitesInProcess(ForkedBooter.java:428)
at org.apache.maven.surefire.booter.ForkedBooter.execute(ForkedBooter.java:162)
at org.apache.maven.surefire.booter.ForkedBooter.run(ForkedBooter.java:562)
at org.apache.maven.surefire.booter.ForkedBooter.main(ForkedBooter.java:548)
]]>
            </full-stacktrace>
          </exception> <!-- org.openqa.selenium.TimeoutException -->
          <reporter-output>
          </reporter-output>
        </test-method> <!-- canSubmitForm -->
        <test-method status="FAIL" signature="canSubmitForm()[pri:0, instance:lex.tests.homepage.CRHomepageTests@27a8c74e]" name="canSubmitForm" duration-ms="7046" started-at="2020-09-15T14:35:12Z" finished-at="2020-09-15T14:35:19Z">
          <exception class="org.openqa.selenium.TimeoutException">
            <message>
              <![CDATA[Expected condition failed: waiting for url to contain "https://www.creditrepair.com/credit-snapshot/rp". Current url: "https://www.creditrepair.com/" (tried for 5 second(s) with 100 milliseconds interval)
Build info: version: '3.14.0', revision: 'aacccce0', time: '2018-08-02T20:19:58.91Z'
System info: host: 'martech-d01.vwsl.pgx.local', ip: '10.40.30.83', os.name: 'Linux', os.arch: 'amd64', os.version: '3.10.0-1127.el7.x86_64', java.version: '1.8.0_262'
Driver info: org.openqa.selenium.chrome.ChromeDriver
Capabilities {acceptInsecureCerts: false, browserName: chrome, browserVersion: 85.0.4183.102, chrome: {chromedriverVersion: 85.0.4183.87 (cd6713ebf92fa..., userDataDir: /tmp/.com.google.Chrome.HNXlE8}, goog:chromeOptions: {debuggerAddress: localhost:38668}, javascriptEnabled: true, networkConnectionEnabled: false, pageLoadStrategy: normal, platform: LINUX, platformName: LINUX, proxy: Proxy(), setWindowRect: true, strictFileInteractability: false, timeouts: {implicit: 0, pageLoad: 300000, script: 30000}, unhandledPromptBehavior: dismiss and notify, webauthn:virtualAuthenticators: true}
Session ID: 05fbb0ee5d1ef06c10094a3bb2aa99cc]]>
            </message>
            <full-stacktrace>
              <![CDATA[org.openqa.selenium.TimeoutException: Expected condition failed: waiting for url to contain "https://www.creditrepair.com/credit-snapshot/rp". Current url: "https://www.creditrepair.com/" (tried for 5 second(s) with 100 milliseconds interval)
Build info: version: '3.14.0', revision: 'aacccce0', time: '2018-08-02T20:19:58.91Z'
System info: host: 'martech-d01.vwsl.pgx.local', ip: '10.40.30.83', os.name: 'Linux', os.arch: 'amd64', os.version: '3.10.0-1127.el7.x86_64', java.version: '1.8.0_262'
Driver info: org.openqa.selenium.chrome.ChromeDriver
Capabilities {acceptInsecureCerts: false, browserName: chrome, browserVersion: 85.0.4183.102, chrome: {chromedriverVersion: 85.0.4183.87 (cd6713ebf92fa..., userDataDir: /tmp/.com.google.Chrome.HNXlE8}, goog:chromeOptions: {debuggerAddress: localhost:38668}, javascriptEnabled: true, networkConnectionEnabled: false, pageLoadStrategy: normal, platform: LINUX, platformName: LINUX, proxy: Proxy(), setWindowRect: true, strictFileInteractability: false, timeouts: {implicit: 0, pageLoad: 300000, script: 30000}, unhandledPromptBehavior: dismiss and notify, webauthn:virtualAuthenticators: true}
Session ID: 05fbb0ee5d1ef06c10094a3bb2aa99cc
at org.openqa.selenium.support.ui.WebDriverWait.timeoutException(WebDriverWait.java:113)
at org.openqa.selenium.support.ui.FluentWait.until(FluentWait.java:283)
at lex.framework.core.BasePage.waitForURLToContain(BasePage.java:71)
at lex.tests.homepage.CRHomepageTests.canSubmitForm(CRHomepageTests.java:117)
at sun.reflect.NativeMethodAccessorImpl.invoke0(Native Method)
at sun.reflect.NativeMethodAccessorImpl.invoke(NativeMethodAccessorImpl.java:62)
at sun.reflect.DelegatingMethodAccessorImpl.invoke(DelegatingMethodAccessorImpl.java:43)
at java.lang.reflect.Method.invoke(Method.java:498)
at org.testng.internal.MethodInvocationHelper.invokeMethod(MethodInvocationHelper.java:124)
at org.testng.internal.Invoker.invokeMethod(Invoker.java:583)
at org.testng.internal.Invoker.retryFailed(Invoker.java:839)
at org.testng.internal.Invoker.invokeTestMethods(Invoker.java:1010)
at org.testng.internal.TestMethodWorker.invokeTestMethods(TestMethodWorker.java:125)
at org.testng.internal.TestMethodWorker.run(TestMethodWorker.java:109)
at org.testng.TestRunner.privateRun(TestRunner.java:648)
at org.testng.TestRunner.run(TestRunner.java:505)
at org.testng.SuiteRunner.runTest(SuiteRunner.java:455)
at org.testng.SuiteRunner.runSequentially(SuiteRunner.java:450)
at org.testng.SuiteRunner.privateRun(SuiteRunner.java:415)
at org.testng.SuiteRunner.run(SuiteRunner.java:364)
at org.testng.SuiteRunnerWorker.runSuite(SuiteRunnerWorker.java:52)
at org.testng.SuiteRunnerWorker.run(SuiteRunnerWorker.java:84)
at org.testng.TestNG.runSuitesSequentially(TestNG.java:1208)
at org.testng.TestNG.runSuitesLocally(TestNG.java:1137)
at org.testng.TestNG.runSuites(TestNG.java:1049)
at org.testng.TestNG.run(TestNG.java:1017)
at org.apache.maven.surefire.testng.TestNGExecutor.run(TestNGExecutor.java:284)
at org.apache.maven.surefire.testng.TestNGXmlTestSuite.execute(TestNGXmlTestSuite.java:75)
at org.apache.maven.surefire.testng.TestNGProvider.invoke(TestNGProvider.java:119)
at org.apache.maven.surefire.booter.ForkedBooter.runSuitesInProcess(ForkedBooter.java:428)
at org.apache.maven.surefire.booter.ForkedBooter.execute(ForkedBooter.java:162)
at org.apache.maven.surefire.booter.ForkedBooter.run(ForkedBooter.java:562)
at org.apache.maven.surefire.booter.ForkedBooter.main(ForkedBooter.java:548)
]]>
            </full-stacktrace>
          </exception> <!-- org.openqa.selenium.TimeoutException -->
          <reporter-output>
          </reporter-output>
        </test-method> <!-- canSubmitForm -->
        <test-method status="PASS" signature="afterSuite()[pri:0, instance:lex.tests.homepage.CRHomepageTests@27a8c74e]" name="afterSuite" is-config="true" duration-ms="91" started-at="2020-09-15T14:35:19Z" finished-at="2020-09-15T14:35:20Z">
          <reporter-output>
          </reporter-output>
        </test-method> <!-- afterSuite -->
      </class> <!-- lex.tests.homepage.CRHomepageTests -->
    </test> <!-- Simple Test -->
  </suite> <!-- Example test run -->
</testng-results>
