<?xml version="1.0" encoding="UTF-8"?>
<testsuite xmlns:xsi="http://www.w3.org/2001/XMLSchema-instance" xsi:noNamespaceSchemaLocation="https://maven.apache.org/surefire/maven-surefire-plugin/xsd/surefire-test-report-3.0.xsd" version="3.0" name="TestSuite" time="329.07" tests="96" errors="0" skipped="29" failures="7">
  <properties>
[...]
</properties>
  <testcase name="canClickGetStartedButtonInClientReviewsSection" classname="lex.tests.homepage.LexHomepageTests" time="2.234">
    <system-err><![CDATA[Starting ChromeDriver 85.0.4183.87 (cd6713ebf92fa1cacc0f1a598df280093af0c5d7-refs/branch-heads/4183@{#1689}) on port 16573
Only local connections are allowed.
Please see https://chromedriver.chromium.org/security-considerations for suggestions on keeping ChromeDriver safe.
ChromeDriver was started successfully.
Sep 16, 2020 12:31:22 PM org.openqa.selenium.remote.ProtocolHandshake createSession
INFO: Detected dialect: W3C
]]></system-err>
  </testcase>
  <testcase name="canClickGetStartedButtonInHeroSection" classname="lex.tests.homepage.LexHomepageTests" time="0.889"/>
  <testcase name="canClickGetStartedButtonInImageRevealSection" classname="lex.tests.homepage.LexHomepageTests" time="0.834"/>
  <testcase name="canClickGetStartedLinkInHeroSection" classname="lex.tests.homepage.LexHomepageTests" time="0.834"/>
  <testcase name="canClickSeeMyCreditButton" classname="lex.tests.homepage.LexHomepageTests" time="0.89"/>
  <testcase name="canClickSignupCreditCostLink" classname="lex.tests.homepage.LexHomepageTests" time="1.218"/>
  <testcase name="canClickSignupLinkInClientReviewsSection" classname="lex.tests.homepage.LexHomepageTests" time="0.909"/>
  <testcase name="canClickSignupLinkInHeroSection" classname="lex.tests.homepage.LexHomepageTests" time="0.92"/>
  <testcase name="canClickSignupLinkInImageRevealSection" classname="lex.tests.homepage.LexHomepageTests" time="0">
    <skipped message="expected [true] but found [false]"/>
  </testcase>
  <testcase name="canClickSignupLinkInImageRevealSection" classname="lex.tests.homepage.LexHomepageTests" time="1.009"/>
  <testcase name="canNavigateToCreditHelp" classname="lex.tests.homepage.LexHomepageTests" time="1.891"/>
  <testcase name="canNavigateToCreditRepair" classname="lex.tests.homepage.LexHomepageTests" time="0.691">
    <system-out><![CDATA[https://www.lexingtonlaw.com/credit-repair-services
]]></system-out>
  </testcase>
  <testcase name="canNavigateToOurFirm" classname="lex.tests.homepage.LexHomepageTests" time="1.056"/>
  <testcase name="canNavigateToSignUp" classname="lex.tests.homepage.LexHomepageTests" time="0.943"/>
  <testcase name="canSeeGoDaddySeal" classname="lex.tests.homepage.LexHomepageTests" time="0">
    <skipped message="expected [true] but found [false]"/>
  </testcase>
  <testcase name="canSeeGoDaddySeal" classname="lex.tests.homepage.LexHomepageTests" time="0">
    <skipped message="expected [true] but found [false]"/>
  </testcase>
  <testcase name="canSeeGoDaddySeal" classname="lex.tests.homepage.LexHomepageTests" time="0">
    <skipped message="expected [true] but found [false]"/>
  </testcase>
  <testcase name="canSeeGoDaddySeal" classname="lex.tests.homepage.LexHomepageTests" time="0">
    <skipped message="expected [true] but found [false]"/>
  </testcase>
  <testcase name="canSeeGoDaddySeal" classname="lex.tests.homepage.LexHomepageTests" time="5.456">
    <failure message="expected [true] but found [false]" type="java.lang.AssertionError"><![CDATA[java.lang.AssertionError: expected [true] but found [false]
	at lex.tests.homepage.LexHomepageTests.canSeeGoDaddySeal(LexHomepageTests.java:221)
]]></failure>
  </testcase>
  <testcase name="isAtHomepage" classname="lex.tests.homepage.LexHomepageTests" time="0.231"/>
  <testcase name="canClickGetStartedHero" classname="lex.tests.homepage.CRHomepageTests" time="4.779">
    <system-err><![CDATA[Starting ChromeDriver 85.0.4183.87 (cd6713ebf92fa1cacc0f1a598df280093af0c5d7-refs/branch-heads/4183@{#1689}) on port 2162
Only local connections are allowed.
Please see https://chromedriver.chromium.org/security-considerations for suggestions on keeping ChromeDriver safe.
ChromeDriver was started successfully.
Sep 16, 2020 12:32:04 PM org.openqa.selenium.remote.ProtocolHandshake createSession
INFO: Detected dialect: W3C
]]></system-err>
  </testcase>
  <testcase name="canClickGetStartedInCostSection" classname="lex.tests.homepage.CRHomepageTests" time="2.79"/>
  <testcase name="canClickGetStartedInHardWorkSection" classname="lex.tests.homepage.CRHomepageTests" time="2.443"/>
  <testcase name="canClickGetStartedInHowCreditRepairWorksSection" classname="lex.tests.homepage.CRHomepageTests" time="3.082"/>
  <testcase name="canClickGetStartedInModal" classname="lex.tests.homepage.CRHomepageTests" time="2.243"/>
  <testcase name="canClickLoginButton" classname="lex.tests.homepage.CRHomepageTests" time="3.026"/>
  <testcase name="canClickSignupHero" classname="lex.tests.homepage.CRHomepageTests" time="2.27"/>
  <testcase name="canClickSignupInCostSection" classname="lex.tests.homepage.CRHomepageTests" time="1.881"/>
  <testcase name="canClickSignupInHardWorkSection" classname="lex.tests.homepage.CRHomepageTests" time="2.424"/>
  <testcase name="canClickSignupInHowCreditRepairWorksSection" classname="lex.tests.homepage.CRHomepageTests" time="2.044"/>
  <testcase name="canClickSignupInModal" classname="lex.tests.homepage.CRHomepageTests" time="1.838"/>
  <testcase name="canClickSignupInTopNav" classname="lex.tests.homepage.CRHomepageTests" time="1.961"/>
  <testcase name="canSeeGoDaddySeal" classname="lex.tests.homepage.CRHomepageTests" time="0">
    <skipped message="expected [true] but found [false]"/>
  </testcase>
  <testcase name="canSeeGoDaddySeal" classname="lex.tests.homepage.CRHomepageTests" time="0">
    <skipped message="expected [true] but found [false]"/>
  </testcase>
  <testcase name="canSeeGoDaddySeal" classname="lex.tests.homepage.CRHomepageTests" time="0">
    <skipped message="expected [true] but found [false]"/>
  </testcase>
  <testcase name="canSeeGoDaddySeal" classname="lex.tests.homepage.CRHomepageTests" time="0">
    <skipped message="expected [true] but found [false]"/>
  </testcase>
  <testcase name="canSeeGoDaddySeal" classname="lex.tests.homepage.CRHomepageTests" time="6.019">
    <failure message="expected [true] but found [false]" type="java.lang.AssertionError"><![CDATA[java.lang.AssertionError: expected [true] but found [false]
	at lex.tests.homepage.CRHomepageTests.canSeeGoDaddySeal(CRHomepageTests.java:228)
]]></failure>
  </testcase>
  <testcase name="canSubmitForm" classname="lex.tests.homepage.CRHomepageTests" time="0">
    <skipped message="Expected condition failed: waiting for url to contain &quot;https://www.creditrepair.com/credit-snapshot/rp&quot;. Current url: &quot;https://www.creditrepair.com/&quot; (tried for 5 second(s) with 100 milliseconds interval)&#10;Build info: version: &apos;3.14.0&apos;, revision: &apos;aacccce0&apos;, time: &apos;2018-08-02T20:19:58.91Z&apos;&#10;System info: host: &apos;martech-d01.vwsl.pgx.local&apos;, ip: &apos;10.40.30.83&apos;, os.name: &apos;Linux&apos;, os.arch: &apos;amd64&apos;, os.version: &apos;3.10.0-1127.el7.x86_64&apos;, java.version: &apos;1.8.0_262&apos;&#10;Driver info: org.openqa.selenium.chrome.ChromeDriver&#10;Capabilities {acceptInsecureCerts: false, browserName: chrome, browserVersion: 85.0.4183.102, chrome: {chromedriverVersion: 85.0.4183.87 (cd6713ebf92fa..., userDataDir: /tmp/.com.google.Chrome.ndAobL}, goog:chromeOptions: {debuggerAddress: localhost:43355}, javascriptEnabled: true, networkConnectionEnabled: false, pageLoadStrategy: normal, platform: LINUX, platformName: LINUX, proxy: Proxy(), setWindowRect: true, strictFileInteractability: false, timeouts: {implicit: 0, pageLoad: 300000, script: 30000}, unhandledPromptBehavior: dismiss and notify, webauthn:virtualAuthenticators: true}&#10;Session ID: b9176c332569584fe8b19c2ad7b25c04"/>
  </testcase>
  <testcase name="canSubmitForm" classname="lex.tests.homepage.CRHomepageTests" time="0">
    <skipped message="Expected condition failed: waiting for url to contain &quot;https://www.creditrepair.com/credit-snapshot/rp&quot;. Current url: &quot;https://www.creditrepair.com/&quot; (tried for 5 second(s) with 100 milliseconds interval)&#10;Build info: version: &apos;3.14.0&apos;, revision: &apos;aacccce0&apos;, time: &apos;2018-08-02T20:19:58.91Z&apos;&#10;System info: host: &apos;martech-d01.vwsl.pgx.local&apos;, ip: &apos;10.40.30.83&apos;, os.name: &apos;Linux&apos;, os.arch: &apos;amd64&apos;, os.version: &apos;3.10.0-1127.el7.x86_64&apos;, java.version: &apos;1.8.0_262&apos;&#10;Driver info: org.openqa.selenium.chrome.ChromeDriver&#10;Capabilities {acceptInsecureCerts: false, browserName: chrome, browserVersion: 85.0.4183.102, chrome: {chromedriverVersion: 85.0.4183.87 (cd6713ebf92fa..., userDataDir: /tmp/.com.google.Chrome.ndAobL}, goog:chromeOptions: {debuggerAddress: localhost:43355}, javascriptEnabled: true, networkConnectionEnabled: false, pageLoadStrategy: normal, platform: LINUX, platformName: LINUX, proxy: Proxy(), setWindowRect: true, strictFileInteractability: false, timeouts: {implicit: 0, pageLoad: 300000, script: 30000}, unhandledPromptBehavior: dismiss and notify, webauthn:virtualAuthenticators: true}&#10;Session ID: b9176c332569584fe8b19c2ad7b25c04"/>
  </testcase>
  <testcase name="canSubmitForm" classname="lex.tests.homepage.CRHomepageTests" time="0">
    <skipped message="Expected condition failed: waiting for url to contain &quot;https://www.creditrepair.com/credit-snapshot/rp&quot;. Current url: &quot;https://www.creditrepair.com/&quot; (tried for 5 second(s) with 100 milliseconds interval)&#10;Build info: version: &apos;3.14.0&apos;, revision: &apos;aacccce0&apos;, time: &apos;2018-08-02T20:19:58.91Z&apos;&#10;System info: host: &apos;martech-d01.vwsl.pgx.local&apos;, ip: &apos;10.40.30.83&apos;, os.name: &apos;Linux&apos;, os.arch: &apos;amd64&apos;, os.version: &apos;3.10.0-1127.el7.x86_64&apos;, java.version: &apos;1.8.0_262&apos;&#10;Driver info: org.openqa.selenium.chrome.ChromeDriver&#10;Capabilities {acceptInsecureCerts: false, browserName: chrome, browserVersion: 85.0.4183.102, chrome: {chromedriverVersion: 85.0.4183.87 (cd6713ebf92fa..., userDataDir: /tmp/.com.google.Chrome.ndAobL}, goog:chromeOptions: {debuggerAddress: localhost:43355}, javascriptEnabled: true, networkConnectionEnabled: false, pageLoadStrategy: normal, platform: LINUX, platformName: LINUX, proxy: Proxy(), setWindowRect: true, strictFileInteractability: false, timeouts: {implicit: 0, pageLoad: 300000, script: 30000}, unhandledPromptBehavior: dismiss and notify, webauthn:virtualAuthenticators: true}&#10;Session ID: b9176c332569584fe8b19c2ad7b25c04"/>
  </testcase>
  <testcase name="canSubmitForm" classname="lex.tests.homepage.CRHomepageTests" time="0">
    <skipped message="Expected condition failed: waiting for url to contain &quot;https://www.creditrepair.com/credit-snapshot/rp&quot;. Current url: &quot;https://www.creditrepair.com/&quot; (tried for 5 second(s) with 100 milliseconds interval)&#10;Build info: version: &apos;3.14.0&apos;, revision: &apos;aacccce0&apos;, time: &apos;2018-08-02T20:19:58.91Z&apos;&#10;System info: host: &apos;martech-d01.vwsl.pgx.local&apos;, ip: &apos;10.40.30.83&apos;, os.name: &apos;Linux&apos;, os.arch: &apos;amd64&apos;, os.version: &apos;3.10.0-1127.el7.x86_64&apos;, java.version: &apos;1.8.0_262&apos;&#10;Driver info: org.openqa.selenium.chrome.ChromeDriver&#10;Capabilities {acceptInsecureCerts: false, browserName: chrome, browserVersion: 85.0.4183.102, chrome: {chromedriverVersion: 85.0.4183.87 (cd6713ebf92fa..., userDataDir: /tmp/.com.google.Chrome.ndAobL}, goog:chromeOptions: {debuggerAddress: localhost:43355}, javascriptEnabled: true, networkConnectionEnabled: false, pageLoadStrategy: normal, platform: LINUX, platformName: LINUX, proxy: Proxy(), setWindowRect: true, strictFileInteractability: false, timeouts: {implicit: 0, pageLoad: 300000, script: 30000}, unhandledPromptBehavior: dismiss and notify, webauthn:virtualAuthenticators: true}&#10;Session ID: b9176c332569584fe8b19c2ad7b25c04"/>
  </testcase>
  <testcase name="canSubmitForm" classname="lex.tests.homepage.CRHomepageTests" time="7.072">
    <failure message="Expected condition failed: waiting for url to contain &quot;https://www.creditrepair.com/credit-snapshot/rp&quot;. Current url: &quot;https://www.creditrepair.com/&quot; (tried for 5 second(s) with 100 milliseconds interval)&#10;Build info: version: &apos;3.14.0&apos;, revision: &apos;aacccce0&apos;, time: &apos;2018-08-02T20:19:58.91Z&apos;&#10;System info: host: &apos;martech-d01.vwsl.pgx.local&apos;, ip: &apos;10.40.30.83&apos;, os.name: &apos;Linux&apos;, os.arch: &apos;amd64&apos;, os.version: &apos;3.10.0-1127.el7.x86_64&apos;, java.version: &apos;1.8.0_262&apos;&#10;Driver info: org.openqa.selenium.chrome.ChromeDriver&#10;Capabilities {acceptInsecureCerts: false, browserName: chrome, browserVersion: 85.0.4183.102, chrome: {chromedriverVersion: 85.0.4183.87 (cd6713ebf92fa..., userDataDir: /tmp/.com.google.Chrome.ndAobL}, goog:chromeOptions: {debuggerAddress: localhost:43355}, javascriptEnabled: true, networkConnectionEnabled: false, pageLoadStrategy: normal, platform: LINUX, platformName: LINUX, proxy: Proxy(), setWindowRect: true, strictFileInteractability: false, timeouts: {implicit: 0, pageLoad: 300000, script: 30000}, unhandledPromptBehavior: dismiss and notify, webauthn:virtualAuthenticators: true}&#10;Session ID: b9176c332569584fe8b19c2ad7b25c04" type="org.openqa.selenium.TimeoutException"><![CDATA[org.openqa.selenium.TimeoutException: 
Expected condition failed: waiting for url to contain "https://www.creditrepair.com/credit-snapshot/rp". Current url: "https://www.creditrepair.com/" (tried for 5 second(s) with 100 milliseconds interval)
Build info: version: '3.14.0', revision: 'aacccce0', time: '2018-08-02T20:19:58.91Z'
System info: host: 'martech-d01.vwsl.pgx.local', ip: '10.40.30.83', os.name: 'Linux', os.arch: 'amd64', os.version: '3.10.0-1127.el7.x86_64', java.version: '1.8.0_262'
Driver info: org.openqa.selenium.chrome.ChromeDriver
Capabilities {acceptInsecureCerts: false, browserName: chrome, browserVersion: 85.0.4183.102, chrome: {chromedriverVersion: 85.0.4183.87 (cd6713ebf92fa..., userDataDir: /tmp/.com.google.Chrome.ndAobL}, goog:chromeOptions: {debuggerAddress: localhost:43355}, javascriptEnabled: true, networkConnectionEnabled: false, pageLoadStrategy: normal, platform: LINUX, platformName: LINUX, proxy: Proxy(), setWindowRect: true, strictFileInteractability: false, timeouts: {implicit: 0, pageLoad: 300000, script: 30000}, unhandledPromptBehavior: dismiss and notify, webauthn:virtualAuthenticators: true}
Session ID: b9176c332569584fe8b19c2ad7b25c04
	at lex.tests.homepage.CRHomepageTests.canSubmitForm(CRHomepageTests.java:117)
]]></failure>
  </testcase>
  <testcase name="canClickCheckYourCreditNowCTA" classname="lex.tests.snapshot.LexSnapshotTests" time="3.048">
    <system-err><![CDATA[Starting ChromeDriver 85.0.4183.87 (cd6713ebf92fa1cacc0f1a598df280093af0c5d7-refs/branch-heads/4183@{#1689}) on port 21340
Only local connections are allowed.
Please see https://chromedriver.chromium.org/security-considerations for suggestions on keeping ChromeDriver safe.
ChromeDriver was started successfully.
Sep 16, 2020 12:33:42 PM org.openqa.selenium.remote.ProtocolHandshake createSession
INFO: Detected dialect: W3C
]]></system-err>
  </testcase>
  <testcase name="canClickCheckYourCreditNowInModal" classname="lex.tests.snapshot.LexSnapshotTests" time="1.834"/>
  <testcase name="canClickGetStartedInKnowYourCreditScore" classname="lex.tests.snapshot.LexSnapshotTests" time="2.011"/>
  <testcase name="canClickGetStartedNowInHowItWorks" classname="lex.tests.snapshot.LexSnapshotTests" time="1.868"/>
  <testcase name="canClickLoginButton" classname="lex.tests.snapshot.LexSnapshotTests" time="1.942"/>
  <testcase name="canClickSeeYourCreditNowInFAQ" classname="lex.tests.snapshot.LexSnapshotTests" time="2.094"/>
  <testcase name="canClickSignupCTA" classname="lex.tests.snapshot.LexSnapshotTests" time="1.97"/>
  <testcase name="canClickSignupInFAQ" classname="lex.tests.snapshot.LexSnapshotTests" time="1.933"/>
  <testcase name="canClickSignupInHeroImage" classname="lex.tests.snapshot.LexSnapshotTests" time="1.905"/>
  <testcase name="canClickSignupInHowItWorks" classname="lex.tests.snapshot.LexSnapshotTests" time="1.958"/>
  <testcase name="canClickSignupInKnowYourCreditScore" classname="lex.tests.snapshot.LexSnapshotTests" time="1.876"/>
  <testcase name="canClickSignupInModal" classname="lex.tests.snapshot.LexSnapshotTests" time="1.901"/>
  <testcase name="canClickStartNowInHeader" classname="lex.tests.snapshot.LexSnapshotTests" time="1.83"/>
  <testcase name="canClickStartNowInHeroImage" classname="lex.tests.snapshot.LexSnapshotTests" time="1.801"/>
  <testcase name="canSeeGoDaddySeal" classname="lex.tests.snapshot.LexSnapshotTests" time="0">
    <skipped message="expected [true] but found [false]"/>
  </testcase>
  <testcase name="canSeeGoDaddySeal" classname="lex.tests.snapshot.LexSnapshotTests" time="0">
    <skipped message="expected [true] but found [false]"/>
  </testcase>
  <testcase name="canSeeGoDaddySeal" classname="lex.tests.snapshot.LexSnapshotTests" time="0">
    <skipped message="expected [true] but found [false]"/>
  </testcase>
  <testcase name="canSeeGoDaddySeal" classname="lex.tests.snapshot.LexSnapshotTests" time="0">
    <skipped message="expected [true] but found [false]"/>
  </testcase>
  <testcase name="canSeeGoDaddySeal" classname="lex.tests.snapshot.LexSnapshotTests" time="6.087">
    <failure message="expected [true] but found [false]" type="java.lang.AssertionError"><![CDATA[java.lang.AssertionError: expected [true] but found [false]
	at lex.tests.snapshot.LexSnapshotTests.canSeeGoDaddySeal(LexSnapshotTests.java:260)
]]></failure>
  </testcase>
  <testcase name="canSubmitForm" classname="lex.tests.snapshot.LexSnapshotTests" time="0">
    <skipped message="Expected condition failed: waiting for url to contain &quot;https://www.lexingtonlaw.com/credit-snapshot/rp&quot;. Current url: &quot;https://www.lexingtonlaw.com/l/credit-snapshot&quot; (tried for 5 second(s) with 100 milliseconds interval)&#10;Build info: version: &apos;3.14.0&apos;, revision: &apos;aacccce0&apos;, time: &apos;2018-08-02T20:19:58.91Z&apos;&#10;System info: host: &apos;martech-d01.vwsl.pgx.local&apos;, ip: &apos;10.40.30.83&apos;, os.name: &apos;Linux&apos;, os.arch: &apos;amd64&apos;, os.version: &apos;3.10.0-1127.el7.x86_64&apos;, java.version: &apos;1.8.0_262&apos;&#10;Driver info: org.openqa.selenium.chrome.ChromeDriver&#10;Capabilities {acceptInsecureCerts: false, browserName: chrome, browserVersion: 85.0.4183.102, chrome: {chromedriverVersion: 85.0.4183.87 (cd6713ebf92fa..., userDataDir: /tmp/.com.google.Chrome.86ERb0}, goog:chromeOptions: {debuggerAddress: localhost:38456}, javascriptEnabled: true, networkConnectionEnabled: false, pageLoadStrategy: normal, platform: LINUX, platformName: LINUX, proxy: Proxy(), setWindowRect: true, strictFileInteractability: false, timeouts: {implicit: 0, pageLoad: 300000, script: 30000}, unhandledPromptBehavior: dismiss and notify, webauthn:virtualAuthenticators: true}&#10;Session ID: 721ff7d1cc48fb7feee05629981291a1"/>
  </testcase>
  <testcase name="canSubmitForm" classname="lex.tests.snapshot.LexSnapshotTests" time="0">
    <skipped message="Expected condition failed: waiting for url to contain &quot;https://www.lexingtonlaw.com/credit-snapshot/rp&quot;. Current url: &quot;https://www.lexingtonlaw.com/l/credit-snapshot&quot; (tried for 5 second(s) with 100 milliseconds interval)&#10;Build info: version: &apos;3.14.0&apos;, revision: &apos;aacccce0&apos;, time: &apos;2018-08-02T20:19:58.91Z&apos;&#10;System info: host: &apos;martech-d01.vwsl.pgx.local&apos;, ip: &apos;10.40.30.83&apos;, os.name: &apos;Linux&apos;, os.arch: &apos;amd64&apos;, os.version: &apos;3.10.0-1127.el7.x86_64&apos;, java.version: &apos;1.8.0_262&apos;&#10;Driver info: org.openqa.selenium.chrome.ChromeDriver&#10;Capabilities {acceptInsecureCerts: false, browserName: chrome, browserVersion: 85.0.4183.102, chrome: {chromedriverVersion: 85.0.4183.87 (cd6713ebf92fa..., userDataDir: /tmp/.com.google.Chrome.86ERb0}, goog:chromeOptions: {debuggerAddress: localhost:38456}, javascriptEnabled: true, networkConnectionEnabled: false, pageLoadStrategy: normal, platform: LINUX, platformName: LINUX, proxy: Proxy(), setWindowRect: true, strictFileInteractability: false, timeouts: {implicit: 0, pageLoad: 300000, script: 30000}, unhandledPromptBehavior: dismiss and notify, webauthn:virtualAuthenticators: true}&#10;Session ID: 721ff7d1cc48fb7feee05629981291a1"/>
  </testcase>
  <testcase name="canSubmitForm" classname="lex.tests.snapshot.LexSnapshotTests" time="0">
    <skipped message="Expected condition failed: waiting for url to contain &quot;https://www.lexingtonlaw.com/credit-snapshot/rp&quot;. Current url: &quot;https://www.lexingtonlaw.com/l/credit-snapshot&quot; (tried for 5 second(s) with 100 milliseconds interval)&#10;Build info: version: &apos;3.14.0&apos;, revision: &apos;aacccce0&apos;, time: &apos;2018-08-02T20:19:58.91Z&apos;&#10;System info: host: &apos;martech-d01.vwsl.pgx.local&apos;, ip: &apos;10.40.30.83&apos;, os.name: &apos;Linux&apos;, os.arch: &apos;amd64&apos;, os.version: &apos;3.10.0-1127.el7.x86_64&apos;, java.version: &apos;1.8.0_262&apos;&#10;Driver info: org.openqa.selenium.chrome.ChromeDriver&#10;Capabilities {acceptInsecureCerts: false, browserName: chrome, browserVersion: 85.0.4183.102, chrome: {chromedriverVersion: 85.0.4183.87 (cd6713ebf92fa..., userDataDir: /tmp/.com.google.Chrome.86ERb0}, goog:chromeOptions: {debuggerAddress: localhost:38456}, javascriptEnabled: true, networkConnectionEnabled: false, pageLoadStrategy: normal, platform: LINUX, platformName: LINUX, proxy: Proxy(), setWindowRect: true, strictFileInteractability: false, timeouts: {implicit: 0, pageLoad: 300000, script: 30000}, unhandledPromptBehavior: dismiss and notify, webauthn:virtualAuthenticators: true}&#10;Session ID: 721ff7d1cc48fb7feee05629981291a1"/>
  </testcase>
  <testcase name="canSubmitForm" classname="lex.tests.snapshot.LexSnapshotTests" time="0">
    <skipped message="Expected condition failed: waiting for url to contain &quot;https://www.lexingtonlaw.com/credit-snapshot/rp&quot;. Current url: &quot;https://www.lexingtonlaw.com/l/credit-snapshot&quot; (tried for 5 second(s) with 100 milliseconds interval)&#10;Build info: version: &apos;3.14.0&apos;, revision: &apos;aacccce0&apos;, time: &apos;2018-08-02T20:19:58.91Z&apos;&#10;System info: host: &apos;martech-d01.vwsl.pgx.local&apos;, ip: &apos;10.40.30.83&apos;, os.name: &apos;Linux&apos;, os.arch: &apos;amd64&apos;, os.version: &apos;3.10.0-1127.el7.x86_64&apos;, java.version: &apos;1.8.0_262&apos;&#10;Driver info: org.openqa.selenium.chrome.ChromeDriver&#10;Capabilities {acceptInsecureCerts: false, browserName: chrome, browserVersion: 85.0.4183.102, chrome: {chromedriverVersion: 85.0.4183.87 (cd6713ebf92fa..., userDataDir: /tmp/.com.google.Chrome.86ERb0}, goog:chromeOptions: {debuggerAddress: localhost:38456}, javascriptEnabled: true, networkConnectionEnabled: false, pageLoadStrategy: normal, platform: LINUX, platformName: LINUX, proxy: Proxy(), setWindowRect: true, strictFileInteractability: false, timeouts: {implicit: 0, pageLoad: 300000, script: 30000}, unhandledPromptBehavior: dismiss and notify, webauthn:virtualAuthenticators: true}&#10;Session ID: 721ff7d1cc48fb7feee05629981291a1"/>
  </testcase>
  <testcase name="canSubmitForm" classname="lex.tests.snapshot.LexSnapshotTests" time="6.829">
    <failure message="Expected condition failed: waiting for url to contain &quot;https://www.lexingtonlaw.com/credit-snapshot/rp&quot;. Current url: &quot;https://www.lexingtonlaw.com/l/credit-snapshot&quot; (tried for 5 second(s) with 100 milliseconds interval)&#10;Build info: version: &apos;3.14.0&apos;, revision: &apos;aacccce0&apos;, time: &apos;2018-08-02T20:19:58.91Z&apos;&#10;System info: host: &apos;martech-d01.vwsl.pgx.local&apos;, ip: &apos;10.40.30.83&apos;, os.name: &apos;Linux&apos;, os.arch: &apos;amd64&apos;, os.version: &apos;3.10.0-1127.el7.x86_64&apos;, java.version: &apos;1.8.0_262&apos;&#10;Driver info: org.openqa.selenium.chrome.ChromeDriver&#10;Capabilities {acceptInsecureCerts: false, browserName: chrome, browserVersion: 85.0.4183.102, chrome: {chromedriverVersion: 85.0.4183.87 (cd6713ebf92fa..., userDataDir: /tmp/.com.google.Chrome.86ERb0}, goog:chromeOptions: {debuggerAddress: localhost:38456}, javascriptEnabled: true, networkConnectionEnabled: false, pageLoadStrategy: normal, platform: LINUX, platformName: LINUX, proxy: Proxy(), setWindowRect: true, strictFileInteractability: false, timeouts: {implicit: 0, pageLoad: 300000, script: 30000}, unhandledPromptBehavior: dismiss and notify, webauthn:virtualAuthenticators: true}&#10;Session ID: 721ff7d1cc48fb7feee05629981291a1" type="org.openqa.selenium.TimeoutException"><![CDATA[org.openqa.selenium.TimeoutException: 
Expected condition failed: waiting for url to contain "https://www.lexingtonlaw.com/credit-snapshot/rp". Current url: "https://www.lexingtonlaw.com/l/credit-snapshot" (tried for 5 second(s) with 100 milliseconds interval)
Build info: version: '3.14.0', revision: 'aacccce0', time: '2018-08-02T20:19:58.91Z'
System info: host: 'martech-d01.vwsl.pgx.local', ip: '10.40.30.83', os.name: 'Linux', os.arch: 'amd64', os.version: '3.10.0-1127.el7.x86_64', java.version: '1.8.0_262'
Driver info: org.openqa.selenium.chrome.ChromeDriver
Capabilities {acceptInsecureCerts: false, browserName: chrome, browserVersion: 85.0.4183.102, chrome: {chromedriverVersion: 85.0.4183.87 (cd6713ebf92fa..., userDataDir: /tmp/.com.google.Chrome.86ERb0}, goog:chromeOptions: {debuggerAddress: localhost:38456}, javascriptEnabled: true, networkConnectionEnabled: false, pageLoadStrategy: normal, platform: LINUX, platformName: LINUX, proxy: Proxy(), setWindowRect: true, strictFileInteractability: false, timeouts: {implicit: 0, pageLoad: 300000, script: 30000}, unhandledPromptBehavior: dismiss and notify, webauthn:virtualAuthenticators: true}
Session ID: 721ff7d1cc48fb7feee05629981291a1
	at lex.tests.snapshot.LexSnapshotTests.canSubmitForm(LexSnapshotTests.java:245)
]]></failure>
  </testcase>
  <testcase name="canClickCheckYourCreditNowInHeroImage" classname="lex.tests.snapshot.CRSnapshotTests" time="2.856">
    <system-err><![CDATA[Starting ChromeDriver 85.0.4183.87 (cd6713ebf92fa1cacc0f1a598df280093af0c5d7-refs/branch-heads/4183@{#1689}) on port 17871
Only local connections are allowed.
Please see https://chromedriver.chromium.org/security-considerations for suggestions on keeping ChromeDriver safe.
ChromeDriver was started successfully.
Sep 16, 2020 12:35:15 PM org.openqa.selenium.remote.ProtocolHandshake createSession
INFO: Detected dialect: W3C
]]></system-err>
  </testcase>
  <testcase name="canClickGetStartedCTA" classname="lex.tests.snapshot.CRSnapshotTests" time="2.905"/>
  <testcase name="canClickGetStartedInKnowYourCreditScore" classname="lex.tests.snapshot.CRSnapshotTests" time="2.191"/>
  <testcase name="canClickGetStartedInModal" classname="lex.tests.snapshot.CRSnapshotTests" time="2.883"/>
  <testcase name="canClickGetStartedNowInClientReviews" classname="lex.tests.snapshot.CRSnapshotTests" time="2.895"/>
  <testcase name="canClickLoginButton" classname="lex.tests.snapshot.CRSnapshotTests" time="3.073"/>
  <testcase name="canClickSignupCTA" classname="lex.tests.snapshot.CRSnapshotTests" time="1.871"/>
  <testcase name="canClickSignupInClientReviews" classname="lex.tests.snapshot.CRSnapshotTests" time="1.735"/>
  <testcase name="canClickSignupInHeroImage" classname="lex.tests.snapshot.CRSnapshotTests" time="1.487"/>
  <testcase name="canClickSignupInKnowYourCreditScore" classname="lex.tests.snapshot.CRSnapshotTests" time="1.605"/>
  <testcase name="canClickSignupInModal" classname="lex.tests.snapshot.CRSnapshotTests" time="1.449"/>
  <testcase name="canClickStartNowInHeader" classname="lex.tests.snapshot.CRSnapshotTests" time="1.616"/>
  <testcase name="canSeeGoDaddySeal" classname="lex.tests.snapshot.CRSnapshotTests" time="0">
    <skipped message="expected [true] but found [false]"/>
  </testcase>
  <testcase name="canSeeGoDaddySeal" classname="lex.tests.snapshot.CRSnapshotTests" time="0">
    <skipped message="expected [true] but found [false]"/>
  </testcase>
  <testcase name="canSeeGoDaddySeal" classname="lex.tests.snapshot.CRSnapshotTests" time="0">
    <skipped message="expected [true] but found [false]"/>
  </testcase>
  <testcase name="canSeeGoDaddySeal" classname="lex.tests.snapshot.CRSnapshotTests" time="0">
    <skipped message="expected [true] but found [false]"/>
  </testcase>
  <testcase name="canSeeGoDaddySeal" classname="lex.tests.snapshot.CRSnapshotTests" time="6">
    <failure message="expected [true] but found [false]" type="java.lang.AssertionError"><![CDATA[java.lang.AssertionError: expected [true] but found [false]
	at lex.tests.snapshot.CRSnapshotTests.canSeeGoDaddySeal(CRSnapshotTests.java:228)
]]></failure>
  </testcase>
  <testcase name="canSubmitForm" classname="lex.tests.snapshot.CRSnapshotTests" time="0">
    <skipped message="Expected condition failed: waiting for url to contain &quot;https://www.creditrepair.com/credit-snapshot/rp&quot;. Current url: &quot;https://www.creditrepair.com/b/credit-snapshot&quot; (tried for 5 second(s) with 100 milliseconds interval)&#10;Build info: version: &apos;3.14.0&apos;, revision: &apos;aacccce0&apos;, time: &apos;2018-08-02T20:19:58.91Z&apos;&#10;System info: host: &apos;martech-d01.vwsl.pgx.local&apos;, ip: &apos;10.40.30.83&apos;, os.name: &apos;Linux&apos;, os.arch: &apos;amd64&apos;, os.version: &apos;3.10.0-1127.el7.x86_64&apos;, java.version: &apos;1.8.0_262&apos;&#10;Driver info: org.openqa.selenium.chrome.ChromeDriver&#10;Capabilities {acceptInsecureCerts: false, browserName: chrome, browserVersion: 85.0.4183.102, chrome: {chromedriverVersion: 85.0.4183.87 (cd6713ebf92fa..., userDataDir: /tmp/.com.google.Chrome.X5aDPd}, goog:chromeOptions: {debuggerAddress: localhost:34798}, javascriptEnabled: true, networkConnectionEnabled: false, pageLoadStrategy: normal, platform: LINUX, platformName: LINUX, proxy: Proxy(), setWindowRect: true, strictFileInteractability: false, timeouts: {implicit: 0, pageLoad: 300000, script: 30000}, unhandledPromptBehavior: dismiss and notify, webauthn:virtualAuthenticators: true}&#10;Session ID: 37d967e63fe1726e2ee3b5a40ffbc376"/>
  </testcase>
  <testcase name="canSubmitForm" classname="lex.tests.snapshot.CRSnapshotTests" time="0">
    <skipped message="Expected condition failed: waiting for url to contain &quot;https://www.creditrepair.com/credit-snapshot/rp&quot;. Current url: &quot;https://www.creditrepair.com/b/credit-snapshot&quot; (tried for 5 second(s) with 100 milliseconds interval)&#10;Build info: version: &apos;3.14.0&apos;, revision: &apos;aacccce0&apos;, time: &apos;2018-08-02T20:19:58.91Z&apos;&#10;System info: host: &apos;martech-d01.vwsl.pgx.local&apos;, ip: &apos;10.40.30.83&apos;, os.name: &apos;Linux&apos;, os.arch: &apos;amd64&apos;, os.version: &apos;3.10.0-1127.el7.x86_64&apos;, java.version: &apos;1.8.0_262&apos;&#10;Driver info: org.openqa.selenium.chrome.ChromeDriver&#10;Capabilities {acceptInsecureCerts: false, browserName: chrome, browserVersion: 85.0.4183.102, chrome: {chromedriverVersion: 85.0.4183.87 (cd6713ebf92fa..., userDataDir: /tmp/.com.google.Chrome.X5aDPd}, goog:chromeOptions: {debuggerAddress: localhost:34798}, javascriptEnabled: true, networkConnectionEnabled: false, pageLoadStrategy: normal, platform: LINUX, platformName: LINUX, proxy: Proxy(), setWindowRect: true, strictFileInteractability: false, timeouts: {implicit: 0, pageLoad: 300000, script: 30000}, unhandledPromptBehavior: dismiss and notify, webauthn:virtualAuthenticators: true}&#10;Session ID: 37d967e63fe1726e2ee3b5a40ffbc376"/>
  </testcase>
  <testcase name="canSubmitForm" classname="lex.tests.snapshot.CRSnapshotTests" time="0">
    <skipped message="Expected condition failed: waiting for url to contain &quot;https://www.creditrepair.com/credit-snapshot/rp&quot;. Current url: &quot;https://www.creditrepair.com/b/credit-snapshot&quot; (tried for 5 second(s) with 100 milliseconds interval)&#10;Build info: version: &apos;3.14.0&apos;, revision: &apos;aacccce0&apos;, time: &apos;2018-08-02T20:19:58.91Z&apos;&#10;System info: host: &apos;martech-d01.vwsl.pgx.local&apos;, ip: &apos;10.40.30.83&apos;, os.name: &apos;Linux&apos;, os.arch: &apos;amd64&apos;, os.version: &apos;3.10.0-1127.el7.x86_64&apos;, java.version: &apos;1.8.0_262&apos;&#10;Driver info: org.openqa.selenium.chrome.ChromeDriver&#10;Capabilities {acceptInsecureCerts: false, browserName: chrome, browserVersion: 85.0.4183.102, chrome: {chromedriverVersion: 85.0.4183.87 (cd6713ebf92fa..., userDataDir: /tmp/.com.google.Chrome.X5aDPd}, goog:chromeOptions: {debuggerAddress: localhost:34798}, javascriptEnabled: true, networkConnectionEnabled: false, pageLoadStrategy: normal, platform: LINUX, platformName: LINUX, proxy: Proxy(), setWindowRect: true, strictFileInteractability: false, timeouts: {implicit: 0, pageLoad: 300000, script: 30000}, unhandledPromptBehavior: dismiss and notify, webauthn:virtualAuthenticators: true}&#10;Session ID: 37d967e63fe1726e2ee3b5a40ffbc376"/>
  </testcase>
  <testcase name="canSubmitForm" classname="lex.tests.snapshot.CRSnapshotTests" time="0">
    <skipped message="Expected condition failed: waiting for url to contain &quot;https://www.creditrepair.com/credit-snapshot/rp&quot;. Current url: &quot;https://www.creditrepair.com/b/credit-snapshot&quot; (tried for 5 second(s) with 100 milliseconds interval)&#10;Build info: version: &apos;3.14.0&apos;, revision: &apos;aacccce0&apos;, time: &apos;2018-08-02T20:19:58.91Z&apos;&#10;System info: host: &apos;martech-d01.vwsl.pgx.local&apos;, ip: &apos;10.40.30.83&apos;, os.name: &apos;Linux&apos;, os.arch: &apos;amd64&apos;, os.version: &apos;3.10.0-1127.el7.x86_64&apos;, java.version: &apos;1.8.0_262&apos;&#10;Driver info: org.openqa.selenium.chrome.ChromeDriver&#10;Capabilities {acceptInsecureCerts: false, browserName: chrome, browserVersion: 85.0.4183.102, chrome: {chromedriverVersion: 85.0.4183.87 (cd6713ebf92fa..., userDataDir: /tmp/.com.google.Chrome.X5aDPd}, goog:chromeOptions: {debuggerAddress: localhost:34798}, javascriptEnabled: true, networkConnectionEnabled: false, pageLoadStrategy: normal, platform: LINUX, platformName: LINUX, proxy: Proxy(), setWindowRect: true, strictFileInteractability: false, timeouts: {implicit: 0, pageLoad: 300000, script: 30000}, unhandledPromptBehavior: dismiss and notify, webauthn:virtualAuthenticators: true}&#10;Session ID: 37d967e63fe1726e2ee3b5a40ffbc376"/>
  </testcase>
  <testcase name="canSubmitForm" classname="lex.tests.snapshot.CRSnapshotTests" time="6.804">
    <failure message="Expected condition failed: waiting for url to contain &quot;https://www.creditrepair.com/credit-snapshot/rp&quot;. Current url: &quot;https://www.creditrepair.com/b/credit-snapshot&quot; (tried for 5 second(s) with 100 milliseconds interval)&#10;Build info: version: &apos;3.14.0&apos;, revision: &apos;aacccce0&apos;, time: &apos;2018-08-02T20:19:58.91Z&apos;&#10;System info: host: &apos;martech-d01.vwsl.pgx.local&apos;, ip: &apos;10.40.30.83&apos;, os.name: &apos;Linux&apos;, os.arch: &apos;amd64&apos;, os.version: &apos;3.10.0-1127.el7.x86_64&apos;, java.version: &apos;1.8.0_262&apos;&#10;Driver info: org.openqa.selenium.chrome.ChromeDriver&#10;Capabilities {acceptInsecureCerts: false, browserName: chrome, browserVersion: 85.0.4183.102, chrome: {chromedriverVersion: 85.0.4183.87 (cd6713ebf92fa..., userDataDir: /tmp/.com.google.Chrome.X5aDPd}, goog:chromeOptions: {debuggerAddress: localhost:34798}, javascriptEnabled: true, networkConnectionEnabled: false, pageLoadStrategy: normal, platform: LINUX, platformName: LINUX, proxy: Proxy(), setWindowRect: true, strictFileInteractability: false, timeouts: {implicit: 0, pageLoad: 300000, script: 30000}, unhandledPromptBehavior: dismiss and notify, webauthn:virtualAuthenticators: true}&#10;Session ID: 37d967e63fe1726e2ee3b5a40ffbc376" type="org.openqa.selenium.TimeoutException"><![CDATA[org.openqa.selenium.TimeoutException: 
Expected condition failed: waiting for url to contain "https://www.creditrepair.com/credit-snapshot/rp". Current url: "https://www.creditrepair.com/b/credit-snapshot" (tried for 5 second(s) with 100 milliseconds interval)
Build info: version: '3.14.0', revision: 'aacccce0', time: '2018-08-02T20:19:58.91Z'
System info: host: 'martech-d01.vwsl.pgx.local', ip: '10.40.30.83', os.name: 'Linux', os.arch: 'amd64', os.version: '3.10.0-1127.el7.x86_64', java.version: '1.8.0_262'
Driver info: org.openqa.selenium.chrome.ChromeDriver
Capabilities {acceptInsecureCerts: false, browserName: chrome, browserVersion: 85.0.4183.102, chrome: {chromedriverVersion: 85.0.4183.87 (cd6713ebf92fa..., userDataDir: /tmp/.com.google.Chrome.X5aDPd}, goog:chromeOptions: {debuggerAddress: localhost:34798}, javascriptEnabled: true, networkConnectionEnabled: false, pageLoadStrategy: normal, platform: LINUX, platformName: LINUX, proxy: Proxy(), setWindowRect: true, strictFileInteractability: false, timeouts: {implicit: 0, pageLoad: 300000, script: 30000}, unhandledPromptBehavior: dismiss and notify, webauthn:virtualAuthenticators: true}
Session ID: 37d967e63fe1726e2ee3b5a40ffbc376
	at lex.tests.snapshot.CRSnapshotTests.canSubmitForm(CRSnapshotTests.java:213)
]]></failure>
  </testcase>
  <testcase name="creditRepairLandingPageStatusCodeIsOk" classname="lex.tests.http.HttpTests" time="0.788"/>
  <testcase name="creditRepairSignupStatusCodeIsOk" classname="lex.tests.http.HttpTests" time="0.459"/>
  <testcase name="creditRepairSnapshotStatusCodeIsOk" classname="lex.tests.http.HttpTests" time="0.442"/>
  <testcase name="creditRepairStatusCodeIsOk" classname="lex.tests.http.HttpTests" time="0.497"/>
  <testcase name="lexHomepageStatusCodeIsOk" classname="lex.tests.http.HttpTests" time="0.5"/>
  <testcase name="lexLandingPageStatusCodeIsOk" classname="lex.tests.http.HttpTests" time="0.44"/>
  <testcase name="lexSignupStatusCodeIsOk" classname="lex.tests.http.HttpTests" time="0.441"/>
  <testcase name="lexSnapshotStatusCodeIsOk" classname="lex.tests.http.HttpTests" time="0.441"/>
</testsuite>