-------------------------------------------------------------------------------
Test set: TestSuite
-------------------------------------------------------------------------------
Tests run: 64, Failures: 2, Errors: 0, Skipped: 9, Time elapsed: 472.56 s <<< FAILURE! - in TestSuite
lex.tests.homepage.CRHomepageTests.canSubmitForm  Time elapsed: 15.406 s  <<< FAILURE!
org.openqa.selenium.NoSuchElementException: Timed out after 5 seconds. Unable to locate the element
	at lex.tests.homepage.CRHomepageTests.canSubmitForm(CRHomepageTests.java:121)
Caused by: org.openqa.selenium.NoSuchElementException: 
no such element: Unable to locate element: {"method":"css selector","selector":"div.slider-app-wrapper"}
  (Session info: headless chrome=85.0.4183.83)
For documentation on this error, please visit: http://seleniumhq.org/exceptions/no_such_element.html
Build info: version: '3.14.0', revision: 'aacccce0', time: '2018-08-02T20:19:58.91Z'
System info: host: 'pgx180189mac.local', ip: '2601:681:527f:1b40:cc76:2bc6:aeaf:55bf%en0', os.name: 'Mac OS X', os.arch: 'x86_64', os.version: '10.15.6', java.version: '1.8.0_261'
Driver info: org.openqa.selenium.chrome.ChromeDriver
Capabilities {acceptInsecureCerts: false, browserName: chrome, browserVersion: 85.0.4183.83, chrome: {chromedriverVersion: 85.0.4183.87 (cd6713ebf92fa..., userDataDir: /var/folders/2r/2bvglkkd41b...}, goog:chromeOptions: {debuggerAddress: localhost:49655}, javascriptEnabled: true, networkConnectionEnabled: false, pageLoadStrategy: normal, platform: MAC, platformName: MAC, proxy: Proxy(), setWindowRect: true, strictFileInteractability: false, timeouts: {implicit: 0, pageLoad: 300000, script: 30000}, unhandledPromptBehavior: dismiss and notify, webauthn:virtualAuthenticators: true}
Session ID: 50b64e3dd21f479423fe29d6171ed7d7
*** Element info: {Using=css selector, value=div.slider-app-wrapper}
	at lex.tests.homepage.CRHomepageTests.canSubmitForm(CRHomepageTests.java:121)

lex.tests.snapshot.CRSnapshotTests.canSubmitForm  Time elapsed: 7.714 s  <<< FAILURE!
java.lang.AssertionError: expected [true] but found [false]
	at lex.tests.snapshot.CRSnapshotTests.canSubmitForm(CRSnapshotTests.java:216)

